12:17:51.348 [main] DEBUG org.testng.TestNG - suiteXmlPath: "C:\Users\Nawaz\eclipse-workspace\opencart1-1\cbtesting.xml"
12:17:51.609 [main] INFO  org.testng.internal.Utils - [TestNG] Running:
  C:\Users\Nawaz\eclipse-workspace\opencart1-1\cbtesting.xml

12:17:56.275 [TestNG-tests-2] INFO  testCases.TC001_AccountRegistration - **Starting TC001_AccountRegistration**
12:17:56.275 [TestNG-tests-1] INFO  testCases.TC001_AccountRegistration - **Starting TC001_AccountRegistration**
12:17:56.275 [TestNG-tests-3] INFO  testCases.TC001_AccountRegistration - **Starting TC001_AccountRegistration**
12:17:56.408 [TestNG-tests-1] INFO  testCases.TC001_AccountRegistration - Clicked on My Account link
12:17:56.460 [TestNG-tests-3] INFO  testCases.TC001_AccountRegistration - Clicked on My Account link
12:17:56.523 [TestNG-tests-2] INFO  testCases.TC001_AccountRegistration - Clicked on My Account link
12:17:56.923 [TestNG-tests-1] INFO  testCases.TC001_AccountRegistration - Clicked on Register link
12:17:56.927 [TestNG-tests-1] INFO  testCases.TC001_AccountRegistration - Providing customer data
12:17:56.940 [TestNG-tests-2] FATAL testCases.TC001_AccountRegistration - Account registration test failed due to exception: stale element reference: stale element not found
  (Session info: chrome=141.0.7390.123)
For documentation on this error, please visit: https://www.selenium.dev/documentation/webdriver/troubleshooting/errors#staleelementreferenceexception
Build info: version: '4.38.0', revision: '6b412e825c*'
System info: os.name: 'Windows 11', os.arch: 'amd64', os.version: '10.0', java.version: '21.0.8'
Driver info: org.openqa.selenium.remote.RemoteWebDriver
Command: [ae8392107e239f162ffa9e9db7962f3c, clickElement {id=f.966575281C8E5E4EE8F4089C026FA77F.d.BB74A26528E6CE91F29C8AA2729AFAF1.e.22}]
Capabilities {acceptInsecureCerts: false, browserName: chrome, browserVersion: 141.0.7390.123, chrome: {chromedriverVersion: 141.0.7390.54 (b95610d5c4a5..., userDataDir: C:\Users\Nawaz\AppData\Loca...}, fedcm:accounts: true, goog:chromeOptions: {debuggerAddress: localhost:57568}, networkConnectionEnabled: false, pageLoadStrategy: normal, platformName: Windows 11, proxy: Proxy(), se:bidiEnabled: false, se:cdp: ws://172.31.48.1:4444/sessi..., se:cdpVersion: 141.0.7390.123, setWindowRect: true, strictFileInteractability: false, timeouts: {implicit: 0, pageLoad: 300000, script: 30000}, unhandledPromptBehavior: dismiss and notify, webauthn:extension:credBlob: true, webauthn:extension:largeBlob: true, webauthn:extension:minPinLength: true, webauthn:extension:prf: true, webauthn:virtualAuthenticators: true}
Element: [[RemoteWebDriver: chrome on Windows 11 (ae8392107e239f162ffa9e9db7962f3c)] -> xpath: //a[normalize-space()='Register']]
Session ID: ae8392107e239f162ffa9e9db7962f3c
12:17:56.939 [TestNG-tests-3] FATAL testCases.TC001_AccountRegistration - Account registration test failed due to exception: stale element reference: stale element not found
  (Session info: chrome=141.0.7390.123)
For documentation on this error, please visit: https://www.selenium.dev/documentation/webdriver/troubleshooting/errors#staleelementreferenceexception
Build info: version: '4.38.0', revision: '6b412e825c*'
System info: os.name: 'Windows 11', os.arch: 'amd64', os.version: '10.0', java.version: '21.0.8'
Driver info: org.openqa.selenium.remote.RemoteWebDriver
Command: [ae8392107e239f162ffa9e9db7962f3c, clickElement {id=f.966575281C8E5E4EE8F4089C026FA77F.d.BB74A26528E6CE91F29C8AA2729AFAF1.e.22}]
Capabilities {acceptInsecureCerts: false, browserName: chrome, browserVersion: 141.0.7390.123, chrome: {chromedriverVersion: 141.0.7390.54 (b95610d5c4a5..., userDataDir: C:\Users\Nawaz\AppData\Loca...}, fedcm:accounts: true, goog:chromeOptions: {debuggerAddress: localhost:57568}, networkConnectionEnabled: false, pageLoadStrategy: normal, platformName: Windows 11, proxy: Proxy(), se:bidiEnabled: false, se:cdp: ws://172.31.48.1:4444/sessi..., se:cdpVersion: 141.0.7390.123, setWindowRect: true, strictFileInteractability: false, timeouts: {implicit: 0, pageLoad: 300000, script: 30000}, unhandledPromptBehavior: dismiss and notify, webauthn:extension:credBlob: true, webauthn:extension:largeBlob: true, webauthn:extension:minPinLength: true, webauthn:extension:prf: true, webauthn:virtualAuthenticators: true}
Element: [[RemoteWebDriver: chrome on Windows 11 (ae8392107e239f162ffa9e9db7962f3c)] -> xpath: //a[normalize-space()='Register']]
Session ID: ae8392107e239f162ffa9e9db7962f3c
12:17:57.592 [TestNG-tests-1] FATAL testCases.TC001_AccountRegistration - Account registration test failed due to exception: Error communicating with the remote browser. It may have died.
Build info: version: '4.38.0', revision: '6b412e825c*'
System info: os.name: 'Windows 11', os.arch: 'amd64', os.version: '10.0', java.version: '21.0.8'
Driver info: org.openqa.selenium.remote.RemoteWebDriver
Command: [ae8392107e239f162ffa9e9db7962f3c, sendKeysToElement [value, id]]
Capabilities {acceptInsecureCerts: false, browserName: chrome, browserVersion: 141.0.7390.123, chrome: {chromedriverVersion: 141.0.7390.54 (b95610d5c4a5..., userDataDir: C:\Users\Nawaz\AppData\Loca...}, fedcm:accounts: true, goog:chromeOptions: {debuggerAddress: localhost:57568}, networkConnectionEnabled: false, pageLoadStrategy: normal, platformName: Windows 11, proxy: Proxy(), se:bidiEnabled: false, se:cdp: ws://172.31.48.1:4444/sessi..., se:cdpVersion: 141.0.7390.123, setWindowRect: true, strictFileInteractability: false, timeouts: {implicit: 0, pageLoad: 300000, script: 30000}, unhandledPromptBehavior: dismiss and notify, webauthn:extension:credBlob: true, webauthn:extension:largeBlob: true, webauthn:extension:minPinLength: true, webauthn:extension:prf: true, webauthn:virtualAuthenticators: true}
Element: [[RemoteWebDriver: chrome on Windows 11 (ae8392107e239f162ffa9e9db7962f3c)] -> xpath: //input[@id='input-lastname']]
