13:48:23.653 [main] DEBUG org.testng.TestNG - suiteXmlPath: "C:\Users\Nawaz\eclipse-workspace\opencart1-1\master.xml"
13:48:23.920 [main] INFO  org.testng.internal.Utils - [TestNG] Running:
  C:\Users\Nawaz\eclipse-workspace\opencart1-1\master.xml

13:48:28.739 [main] INFO  testCases.TC001_AccountRegistation - **Starting TC001_AccountRegistration**
13:48:29.100 [main] INFO  testCases.TC001_AccountRegistation - Clicked on My Account link
13:48:29.465 [main] INFO  testCases.TC001_AccountRegistation - Clicked on Register link
13:48:29.467 [main] INFO  testCases.TC001_AccountRegistation - Providing customer data
13:48:30.791 [main] INFO  testCases.TC001_AccountRegistation - Clicked on Continue button
13:48:30.829 [main] INFO  testCases.TC001_AccountRegistation - Validating account registration
13:48:30.829 [main] INFO  testCases.TC001_AccountRegistation - Account registration successful
13:48:30.831 [main] INFO  testCases.TC001_AccountRegistation - **Finished TC001_AccountRegistration**
13:48:32.806 [main] INFO  testCases.TC002_Login_Test - ***** Starting TC002_Login_Test *****
13:48:33.130 [main] INFO  testCases.TC002_Login_Test - Clicked on My Account link
13:48:33.413 [main] INFO  testCases.TC002_Login_Test - Clicked on Login link
13:48:33.514 [main] INFO  testCases.TC002_Login_Test - Provided email
13:48:33.588 [main] INFO  testCases.TC002_Login_Test - Provided password
13:48:33.661 [main] INFO  testCases.TC002_Login_Test - Clicked on Login button
13:48:34.371 [main] INFO  testCases.TC002_Login_Test - Login test passed
13:48:34.371 [main] INFO  testCases.TC002_Login_Test - ***** Finished TC002_Login_Test *****
13:48:36.397 [main] DEBUG org.apache.poi.openxml4j.opc.PackageRelationshipCollection - Parsing relationship: /xl/_rels/workbook.xml.rels
13:48:36.405 [main] DEBUG org.apache.poi.openxml4j.opc.PackageRelationshipCollection - Parsing relationship: /_rels/.rels
13:48:36.925 [main] DEBUG org.apache.poi.openxml4j.opc.PackageRelationshipCollection - Parsing relationship: /xl/_rels/workbook.xml.rels
13:48:36.930 [main] DEBUG org.apache.poi.openxml4j.opc.PackageRelationshipCollection - Parsing relationship: /_rels/.rels
13:48:36.956 [main] DEBUG org.apache.poi.openxml4j.opc.PackageRelationshipCollection - Parsing relationship: /xl/_rels/workbook.xml.rels
13:48:36.956 [main] DEBUG org.apache.poi.openxml4j.opc.PackageRelationshipCollection - Parsing relationship: /_rels/.rels
13:48:36.988 [main] DEBUG org.apache.poi.openxml4j.opc.PackageRelationshipCollection - Parsing relationship: /xl/_rels/workbook.xml.rels
13:48:36.988 [main] DEBUG org.apache.poi.openxml4j.opc.PackageRelationshipCollection - Parsing relationship: /_rels/.rels
13:48:37.014 [main] DEBUG org.apache.poi.openxml4j.opc.PackageRelationshipCollection - Parsing relationship: /xl/_rels/workbook.xml.rels
13:48:37.014 [main] DEBUG org.apache.poi.openxml4j.opc.PackageRelationshipCollection - Parsing relationship: /_rels/.rels
13:48:37.036 [main] DEBUG org.apache.poi.openxml4j.opc.PackageRelationshipCollection - Parsing relationship: /xl/_rels/workbook.xml.rels
13:48:37.036 [main] DEBUG org.apache.poi.openxml4j.opc.PackageRelationshipCollection - Parsing relationship: /_rels/.rels
13:48:37.052 [main] DEBUG org.apache.poi.openxml4j.opc.PackageRelationshipCollection - Parsing relationship: /xl/_rels/workbook.xml.rels
13:48:37.052 [main] DEBUG org.apache.poi.openxml4j.opc.PackageRelationshipCollection - Parsing relationship: /_rels/.rels
13:48:37.070 [main] DEBUG org.apache.poi.openxml4j.opc.PackageRelationshipCollection - Parsing relationship: /xl/_rels/workbook.xml.rels
13:48:37.073 [main] DEBUG org.apache.poi.openxml4j.opc.PackageRelationshipCollection - Parsing relationship: /_rels/.rels
13:48:37.083 [main] DEBUG org.apache.poi.openxml4j.opc.PackageRelationshipCollection - Parsing relationship: /xl/_rels/workbook.xml.rels
13:48:37.083 [main] DEBUG org.apache.poi.openxml4j.opc.PackageRelationshipCollection - Parsing relationship: /_rels/.rels
13:48:37.107 [main] DEBUG org.apache.poi.openxml4j.opc.PackageRelationshipCollection - Parsing relationship: /xl/_rels/workbook.xml.rels
13:48:37.107 [main] DEBUG org.apache.poi.openxml4j.opc.PackageRelationshipCollection - Parsing relationship: /_rels/.rels
13:48:37.115 [main] DEBUG org.apache.poi.openxml4j.opc.PackageRelationshipCollection - Parsing relationship: /xl/_rels/workbook.xml.rels
13:48:37.115 [main] DEBUG org.apache.poi.openxml4j.opc.PackageRelationshipCollection - Parsing relationship: /_rels/.rels
13:48:37.139 [main] DEBUG org.apache.poi.openxml4j.opc.PackageRelationshipCollection - Parsing relationship: /xl/_rels/workbook.xml.rels
13:48:37.139 [main] DEBUG org.apache.poi.openxml4j.opc.PackageRelationshipCollection - Parsing relationship: /_rels/.rels
13:48:37.147 [main] DEBUG org.apache.poi.openxml4j.opc.PackageRelationshipCollection - Parsing relationship: /xl/_rels/workbook.xml.rels
13:48:37.147 [main] DEBUG org.apache.poi.openxml4j.opc.PackageRelationshipCollection - Parsing relationship: /_rels/.rels
13:48:37.175 [main] DEBUG org.apache.poi.openxml4j.opc.PackageRelationshipCollection - Parsing relationship: /xl/_rels/workbook.xml.rels
13:48:37.177 [main] DEBUG org.apache.poi.openxml4j.opc.PackageRelationshipCollection - Parsing relationship: /_rels/.rels
13:48:37.188 [main] DEBUG org.apache.poi.openxml4j.opc.PackageRelationshipCollection - Parsing relationship: /xl/_rels/workbook.xml.rels
13:48:37.188 [main] DEBUG org.apache.poi.openxml4j.opc.PackageRelationshipCollection - Parsing relationship: /_rels/.rels
13:48:37.202 [main] DEBUG org.apache.poi.openxml4j.opc.PackageRelationshipCollection - Parsing relationship: /xl/_rels/workbook.xml.rels
13:48:37.202 [main] DEBUG org.apache.poi.openxml4j.opc.PackageRelationshipCollection - Parsing relationship: /_rels/.rels
13:48:37.221 [main] DEBUG org.apache.poi.openxml4j.opc.PackageRelationshipCollection - Parsing relationship: /xl/_rels/workbook.xml.rels
13:48:37.221 [main] DEBUG org.apache.poi.openxml4j.opc.PackageRelationshipCollection - Parsing relationship: /_rels/.rels
13:48:37.226 [main] DEBUG org.apache.poi.openxml4j.opc.PackageRelationshipCollection - Parsing relationship: /xl/_rels/workbook.xml.rels
13:48:37.226 [main] DEBUG org.apache.poi.openxml4j.opc.PackageRelationshipCollection - Parsing relationship: /_rels/.rels
13:48:37.254 [main] DEBUG org.apache.poi.openxml4j.opc.PackageRelationshipCollection - Parsing relationship: /xl/_rels/workbook.xml.rels
13:48:37.254 [main] DEBUG org.apache.poi.openxml4j.opc.PackageRelationshipCollection - Parsing relationship: /_rels/.rels
13:48:37.258 [main] DEBUG org.apache.poi.openxml4j.opc.PackageRelationshipCollection - Parsing relationship: /xl/_rels/workbook.xml.rels
13:48:37.258 [main] DEBUG org.apache.poi.openxml4j.opc.PackageRelationshipCollection - Parsing relationship: /_rels/.rels
13:48:37.274 [main] INFO  testCases.TC003_LoginDDT - ***** Starting LoginDDT *****
13:48:37.359 [main] INFO  testCases.TC003_LoginDDT - Clicked on My Account link
13:48:37.650 [main] INFO  testCases.TC003_LoginDDT - Clicked on Login link
13:48:37.751 [main] INFO  testCases.TC003_LoginDDT - Provided email
13:48:37.813 [main] INFO  testCases.TC003_LoginDDT - Provided password
13:48:37.876 [main] INFO  testCases.TC003_LoginDDT - Clicked on Login button
13:48:52.924 [main] ERROR testCases.TC003_LoginDDT - Login DDT failed
13:48:53.079 [main] INFO  testCases.TC003_LoginDDT - ***** Starting LoginDDT *****
13:48:53.153 [main] INFO  testCases.TC003_LoginDDT - Clicked on My Account link
13:48:53.569 [main] INFO  testCases.TC003_LoginDDT - Clicked on Login link
13:48:53.631 [main] INFO  testCases.TC003_LoginDDT - Provided email
13:48:53.676 [main] INFO  testCases.TC003_LoginDDT - Provided password
13:48:53.736 [main] INFO  testCases.TC003_LoginDDT - Clicked on Login button
13:48:54.448 [main] INFO  testCases.TC003_LoginDDT - Login DDT passed
13:48:54.838 [main] INFO  testCases.TC003_LoginDDT - *********** Finished TC003_LoginDDT ***********
13:48:54.843 [main] INFO  testCases.TC003_LoginDDT - ***** Starting LoginDDT *****
13:48:54.917 [main] INFO  testCases.TC003_LoginDDT - Clicked on My Account link
13:48:55.172 [main] INFO  testCases.TC003_LoginDDT - Clicked on Login link
13:48:55.262 [main] INFO  testCases.TC003_LoginDDT - Provided email
13:48:55.310 [main] INFO  testCases.TC003_LoginDDT - Provided password
13:48:55.361 [main] INFO  testCases.TC003_LoginDDT - Clicked on Login button
13:48:56.151 [main] INFO  testCases.TC003_LoginDDT - Login DDT passed
13:48:56.524 [main] INFO  testCases.TC003_LoginDDT - *********** Finished TC003_LoginDDT ***********
13:48:56.528 [main] INFO  testCases.TC003_LoginDDT - ***** Starting LoginDDT *****
13:48:56.593 [main] INFO  testCases.TC003_LoginDDT - Clicked on My Account link
13:48:56.851 [main] INFO  testCases.TC003_LoginDDT - Clicked on Login link
13:48:56.942 [main] INFO  testCases.TC003_LoginDDT - Provided email
13:48:57.003 [main] INFO  testCases.TC003_LoginDDT - Provided password
13:48:57.976 [main] INFO  testCases.TC003_LoginDDT - Clicked on Login button
13:48:58.010 [main] INFO  testCases.TC003_LoginDDT - Login DDT passed
13:48:58.384 [main] INFO  testCases.TC003_LoginDDT - *********** Finished TC003_LoginDDT ***********
13:48:58.387 [main] INFO  testCases.TC003_LoginDDT - ***** Starting LoginDDT *****
13:48:58.448 [main] INFO  testCases.TC003_LoginDDT - Clicked on My Account link
13:48:58.682 [main] INFO  testCases.TC003_LoginDDT - Clicked on Login link
13:48:58.774 [main] INFO  testCases.TC003_LoginDDT - Provided email
13:48:58.833 [main] INFO  testCases.TC003_LoginDDT - Provided password
13:48:58.889 [main] INFO  testCases.TC003_LoginDDT - Clicked on Login button
13:48:59.623 [main] INFO  testCases.TC003_LoginDDT - Login DDT passed
13:48:59.965 [main] INFO  testCases.TC003_LoginDDT - *********** Finished TC003_LoginDDT ***********
13:48:59.967 [main] INFO  testCases.TC003_LoginDDT - ***** Starting LoginDDT *****
13:49:00.040 [main] INFO  testCases.TC003_LoginDDT - Clicked on My Account link
13:49:00.289 [main] INFO  testCases.TC003_LoginDDT - Clicked on Login link
13:49:00.392 [main] INFO  testCases.TC003_LoginDDT - Provided email
13:49:00.452 [main] INFO  testCases.TC003_LoginDDT - Provided password
13:49:00.504 [main] INFO  testCases.TC003_LoginDDT - Clicked on Login button
13:49:16.239 [main] ERROR testCases.TC003_LoginDDT - Login DDT failed
