15:13:19.103 [main] DEBUG org.testng.TestNG - suiteXmlPath: "C:\Users\Nawaz\eclipse-workspace\opencart1-1\master.xml"
15:13:19.351 [main] INFO  org.testng.internal.Utils - [TestNG] Running:
  C:\Users\Nawaz\eclipse-workspace\opencart1-1\master.xml

15:13:23.419 [main] DEBUG org.apache.poi.openxml4j.opc.PackageRelationshipCollection - Parsing relationship: /xl/_rels/workbook.xml.rels
15:13:23.422 [main] DEBUG org.apache.poi.openxml4j.opc.PackageRelationshipCollection - Parsing relationship: /_rels/.rels
15:13:23.882 [main] DEBUG org.apache.poi.openxml4j.opc.PackageRelationshipCollection - Parsing relationship: /xl/_rels/workbook.xml.rels
15:13:23.884 [main] DEBUG org.apache.poi.openxml4j.opc.PackageRelationshipCollection - Parsing relationship: /_rels/.rels
15:13:23.905 [main] DEBUG org.apache.poi.openxml4j.opc.PackageRelationshipCollection - Parsing relationship: /xl/_rels/workbook.xml.rels
15:13:23.905 [main] DEBUG org.apache.poi.openxml4j.opc.PackageRelationshipCollection - Parsing relationship: /_rels/.rels
15:13:23.952 [main] DEBUG org.apache.poi.openxml4j.opc.PackageRelationshipCollection - Parsing relationship: /xl/_rels/workbook.xml.rels
15:13:23.952 [main] DEBUG org.apache.poi.openxml4j.opc.PackageRelationshipCollection - Parsing relationship: /_rels/.rels
15:13:23.973 [main] DEBUG org.apache.poi.openxml4j.opc.PackageRelationshipCollection - Parsing relationship: /xl/_rels/workbook.xml.rels
15:13:23.973 [main] DEBUG org.apache.poi.openxml4j.opc.PackageRelationshipCollection - Parsing relationship: /_rels/.rels
15:13:24.000 [main] DEBUG org.apache.poi.openxml4j.opc.PackageRelationshipCollection - Parsing relationship: /xl/_rels/workbook.xml.rels
15:13:24.000 [main] DEBUG org.apache.poi.openxml4j.opc.PackageRelationshipCollection - Parsing relationship: /_rels/.rels
15:13:24.021 [main] DEBUG org.apache.poi.openxml4j.opc.PackageRelationshipCollection - Parsing relationship: /xl/_rels/workbook.xml.rels
15:13:24.021 [main] DEBUG org.apache.poi.openxml4j.opc.PackageRelationshipCollection - Parsing relationship: /_rels/.rels
15:13:24.041 [main] DEBUG org.apache.poi.openxml4j.opc.PackageRelationshipCollection - Parsing relationship: /xl/_rels/workbook.xml.rels
15:13:24.041 [main] DEBUG org.apache.poi.openxml4j.opc.PackageRelationshipCollection - Parsing relationship: /_rels/.rels
15:13:24.050 [main] DEBUG org.apache.poi.openxml4j.opc.PackageRelationshipCollection - Parsing relationship: /xl/_rels/workbook.xml.rels
15:13:24.050 [main] DEBUG org.apache.poi.openxml4j.opc.PackageRelationshipCollection - Parsing relationship: /_rels/.rels
15:13:24.080 [main] DEBUG org.apache.poi.openxml4j.opc.PackageRelationshipCollection - Parsing relationship: /xl/_rels/workbook.xml.rels
15:13:24.080 [main] DEBUG org.apache.poi.openxml4j.opc.PackageRelationshipCollection - Parsing relationship: /_rels/.rels
15:13:24.096 [main] DEBUG org.apache.poi.openxml4j.opc.PackageRelationshipCollection - Parsing relationship: /xl/_rels/workbook.xml.rels
15:13:24.096 [main] DEBUG org.apache.poi.openxml4j.opc.PackageRelationshipCollection - Parsing relationship: /_rels/.rels
15:13:24.111 [main] DEBUG org.apache.poi.openxml4j.opc.PackageRelationshipCollection - Parsing relationship: /xl/_rels/workbook.xml.rels
15:13:24.111 [main] DEBUG org.apache.poi.openxml4j.opc.PackageRelationshipCollection - Parsing relationship: /_rels/.rels
15:13:24.127 [main] DEBUG org.apache.poi.openxml4j.opc.PackageRelationshipCollection - Parsing relationship: /xl/_rels/workbook.xml.rels
15:13:24.127 [main] DEBUG org.apache.poi.openxml4j.opc.PackageRelationshipCollection - Parsing relationship: /_rels/.rels
15:13:24.159 [main] DEBUG org.apache.poi.openxml4j.opc.PackageRelationshipCollection - Parsing relationship: /xl/_rels/workbook.xml.rels
15:13:24.159 [main] DEBUG org.apache.poi.openxml4j.opc.PackageRelationshipCollection - Parsing relationship: /_rels/.rels
15:13:24.175 [main] DEBUG org.apache.poi.openxml4j.opc.PackageRelationshipCollection - Parsing relationship: /xl/_rels/workbook.xml.rels
15:13:24.175 [main] DEBUG org.apache.poi.openxml4j.opc.PackageRelationshipCollection - Parsing relationship: /_rels/.rels
15:13:24.196 [main] DEBUG org.apache.poi.openxml4j.opc.PackageRelationshipCollection - Parsing relationship: /xl/_rels/workbook.xml.rels
15:13:24.196 [main] DEBUG org.apache.poi.openxml4j.opc.PackageRelationshipCollection - Parsing relationship: /_rels/.rels
15:13:24.212 [main] DEBUG org.apache.poi.openxml4j.opc.PackageRelationshipCollection - Parsing relationship: /xl/_rels/workbook.xml.rels
15:13:24.214 [main] DEBUG org.apache.poi.openxml4j.opc.PackageRelationshipCollection - Parsing relationship: /_rels/.rels
15:13:24.230 [main] DEBUG org.apache.poi.openxml4j.opc.PackageRelationshipCollection - Parsing relationship: /xl/_rels/workbook.xml.rels
15:13:24.230 [main] DEBUG org.apache.poi.openxml4j.opc.PackageRelationshipCollection - Parsing relationship: /_rels/.rels
15:13:24.248 [main] DEBUG org.apache.poi.openxml4j.opc.PackageRelationshipCollection - Parsing relationship: /xl/_rels/workbook.xml.rels
15:13:24.248 [main] DEBUG org.apache.poi.openxml4j.opc.PackageRelationshipCollection - Parsing relationship: /_rels/.rels
15:13:24.254 [main] DEBUG org.apache.poi.openxml4j.opc.PackageRelationshipCollection - Parsing relationship: /xl/_rels/workbook.xml.rels
15:13:24.254 [main] DEBUG org.apache.poi.openxml4j.opc.PackageRelationshipCollection - Parsing relationship: /_rels/.rels
15:13:24.285 [main] INFO  testCases.TC003_LoginDDT - ***** Starting LoginDDT *****
15:13:24.391 [main] INFO  testCases.TC003_LoginDDT - Clicked on My Account link
15:13:26.514 [main] INFO  testCases.TC003_LoginDDT - Clicked on Login link
15:13:26.616 [main] INFO  testCases.TC003_LoginDDT - Provided email
15:13:26.669 [main] INFO  testCases.TC003_LoginDDT - Provided password
15:13:28.826 [main] INFO  testCases.TC003_LoginDDT - Clicked on Login button
15:13:43.904 [main] ERROR testCases.TC003_LoginDDT - Login DDT failed
15:13:43.924 [main] INFO  testCases.TC003_LoginDDT - ***** Starting LoginDDT *****
15:13:43.990 [main] INFO  testCases.TC003_LoginDDT - Clicked on My Account link
15:13:46.116 [main] INFO  testCases.TC003_LoginDDT - Clicked on Login link
15:13:46.184 [main] INFO  testCases.TC003_LoginDDT - Provided email
15:13:46.236 [main] INFO  testCases.TC003_LoginDDT - Provided password
15:13:46.312 [main] INFO  testCases.TC003_LoginDDT - Clicked on Login button
15:13:48.411 [main] INFO  testCases.TC003_LoginDDT - ***********Finished TC003_LoginDDT**************
15:13:48.414 [main] INFO  testCases.TC003_LoginDDT - ***** Starting LoginDDT *****
15:13:48.471 [main] INFO  testCases.TC003_LoginDDT - Clicked on My Account link
15:14:03.559 [main] INFO  testCases.TC003_LoginDDT - ***** Starting LoginDDT *****
15:14:03.868 [main] INFO  testCases.TC003_LoginDDT - Clicked on My Account link
15:14:18.932 [main] INFO  testCases.TC003_LoginDDT - ***** Starting LoginDDT *****
15:14:19.217 [main] INFO  testCases.TC003_LoginDDT - Clicked on My Account link
15:14:34.281 [main] INFO  testCases.TC003_LoginDDT - ***** Starting LoginDDT *****
15:14:34.456 [main] INFO  testCases.TC003_LoginDDT - Clicked on My Account link
