15:36:41.485 [main] DEBUG org.testng.TestNG - suiteXmlPath: "C:\Users\Nawaz\eclipse-workspace\opencart1-1\master.xml"
15:36:41.862 [main] INFO  org.testng.internal.Utils - [TestNG] Running:
  C:\Users\Nawaz\eclipse-workspace\opencart1-1\master.xml

15:36:45.498 [main] DEBUG org.apache.poi.openxml4j.opc.PackageRelationshipCollection - Parsing relationship: /xl/_rels/workbook.xml.rels
15:36:45.498 [main] DEBUG org.apache.poi.openxml4j.opc.PackageRelationshipCollection - Parsing relationship: /_rels/.rels
15:36:46.752 [main] DEBUG org.apache.poi.openxml4j.opc.PackageRelationshipCollection - Parsing relationship: /xl/_rels/workbook.xml.rels
15:36:46.833 [main] DEBUG org.apache.poi.openxml4j.opc.PackageRelationshipCollection - Parsing relationship: /_rels/.rels
15:36:46.938 [main] DEBUG org.apache.poi.openxml4j.opc.PackageRelationshipCollection - Parsing relationship: /xl/_rels/workbook.xml.rels
15:36:46.942 [main] DEBUG org.apache.poi.openxml4j.opc.PackageRelationshipCollection - Parsing relationship: /_rels/.rels
15:36:47.075 [main] DEBUG org.apache.poi.openxml4j.opc.PackageRelationshipCollection - Parsing relationship: /xl/_rels/workbook.xml.rels
15:36:47.075 [main] DEBUG org.apache.poi.openxml4j.opc.PackageRelationshipCollection - Parsing relationship: /_rels/.rels
15:36:47.135 [main] DEBUG org.apache.poi.openxml4j.opc.PackageRelationshipCollection - Parsing relationship: /xl/_rels/workbook.xml.rels
15:36:47.135 [main] DEBUG org.apache.poi.openxml4j.opc.PackageRelationshipCollection - Parsing relationship: /_rels/.rels
15:36:47.212 [main] DEBUG org.apache.poi.openxml4j.opc.PackageRelationshipCollection - Parsing relationship: /xl/_rels/workbook.xml.rels
15:36:47.214 [main] DEBUG org.apache.poi.openxml4j.opc.PackageRelationshipCollection - Parsing relationship: /_rels/.rels
15:36:47.262 [main] DEBUG org.apache.poi.openxml4j.opc.PackageRelationshipCollection - Parsing relationship: /xl/_rels/workbook.xml.rels
15:36:47.277 [main] DEBUG org.apache.poi.openxml4j.opc.PackageRelationshipCollection - Parsing relationship: /_rels/.rels
15:36:47.325 [main] DEBUG org.apache.poi.openxml4j.opc.PackageRelationshipCollection - Parsing relationship: /xl/_rels/workbook.xml.rels
15:36:47.325 [main] DEBUG org.apache.poi.openxml4j.opc.PackageRelationshipCollection - Parsing relationship: /_rels/.rels
15:36:47.391 [main] DEBUG org.apache.poi.openxml4j.opc.PackageRelationshipCollection - Parsing relationship: /xl/_rels/workbook.xml.rels
15:36:47.391 [main] DEBUG org.apache.poi.openxml4j.opc.PackageRelationshipCollection - Parsing relationship: /_rels/.rels
15:36:47.438 [main] DEBUG org.apache.poi.openxml4j.opc.PackageRelationshipCollection - Parsing relationship: /xl/_rels/workbook.xml.rels
15:36:47.453 [main] DEBUG org.apache.poi.openxml4j.opc.PackageRelationshipCollection - Parsing relationship: /_rels/.rels
15:36:47.500 [main] DEBUG org.apache.poi.openxml4j.opc.PackageRelationshipCollection - Parsing relationship: /xl/_rels/workbook.xml.rels
15:36:47.500 [main] DEBUG org.apache.poi.openxml4j.opc.PackageRelationshipCollection - Parsing relationship: /_rels/.rels
15:36:47.563 [main] DEBUG org.apache.poi.openxml4j.opc.PackageRelationshipCollection - Parsing relationship: /xl/_rels/workbook.xml.rels
15:36:47.563 [main] DEBUG org.apache.poi.openxml4j.opc.PackageRelationshipCollection - Parsing relationship: /_rels/.rels
15:36:47.625 [main] DEBUG org.apache.poi.openxml4j.opc.PackageRelationshipCollection - Parsing relationship: /xl/_rels/workbook.xml.rels
15:36:47.626 [main] DEBUG org.apache.poi.openxml4j.opc.PackageRelationshipCollection - Parsing relationship: /_rels/.rels
15:36:47.722 [main] DEBUG org.apache.poi.openxml4j.opc.PackageRelationshipCollection - Parsing relationship: /xl/_rels/workbook.xml.rels
15:36:47.724 [main] DEBUG org.apache.poi.openxml4j.opc.PackageRelationshipCollection - Parsing relationship: /_rels/.rels
15:36:47.771 [main] DEBUG org.apache.poi.openxml4j.opc.PackageRelationshipCollection - Parsing relationship: /xl/_rels/workbook.xml.rels
15:36:47.771 [main] DEBUG org.apache.poi.openxml4j.opc.PackageRelationshipCollection - Parsing relationship: /_rels/.rels
15:36:47.834 [main] DEBUG org.apache.poi.openxml4j.opc.PackageRelationshipCollection - Parsing relationship: /xl/_rels/workbook.xml.rels
15:36:47.836 [main] DEBUG org.apache.poi.openxml4j.opc.PackageRelationshipCollection - Parsing relationship: /_rels/.rels
15:36:47.868 [main] DEBUG org.apache.poi.openxml4j.opc.PackageRelationshipCollection - Parsing relationship: /xl/_rels/workbook.xml.rels
15:36:47.870 [main] DEBUG org.apache.poi.openxml4j.opc.PackageRelationshipCollection - Parsing relationship: /_rels/.rels
15:36:47.900 [main] DEBUG org.apache.poi.openxml4j.opc.PackageRelationshipCollection - Parsing relationship: /xl/_rels/workbook.xml.rels
15:36:47.902 [main] DEBUG org.apache.poi.openxml4j.opc.PackageRelationshipCollection - Parsing relationship: /_rels/.rels
15:36:47.936 [main] DEBUG org.apache.poi.openxml4j.opc.PackageRelationshipCollection - Parsing relationship: /xl/_rels/workbook.xml.rels
15:36:47.936 [main] DEBUG org.apache.poi.openxml4j.opc.PackageRelationshipCollection - Parsing relationship: /_rels/.rels
15:36:47.970 [main] DEBUG org.apache.poi.openxml4j.opc.PackageRelationshipCollection - Parsing relationship: /xl/_rels/workbook.xml.rels
15:36:47.970 [main] DEBUG org.apache.poi.openxml4j.opc.PackageRelationshipCollection - Parsing relationship: /_rels/.rels
15:36:48.033 [main] INFO  testCases.TC003_LoginDDT - ***** Starting LoginDDT *****
15:36:48.232 [main] INFO  testCases.TC003_LoginDDT - Clicked on My Account link
15:36:48.785 [main] INFO  testCases.TC003_LoginDDT - Clicked on Login link
15:36:48.917 [main] INFO  testCases.TC003_LoginDDT - Provided email
15:36:49.068 [main] INFO  testCases.TC003_LoginDDT - Provided password
15:36:49.890 [main] INFO  testCases.TC003_LoginDDT - Clicked on Login button
15:37:04.958 [main] ERROR testCases.TC003_LoginDDT - Login DDT failed
15:37:04.990 [main] INFO  testCases.TC003_LoginDDT - ***** Starting LoginDDT *****
15:37:05.264 [main] INFO  testCases.TC003_LoginDDT - Clicked on My Account link
15:37:05.923 [main] INFO  testCases.TC003_LoginDDT - Clicked on Login link
15:37:06.319 [main] INFO  testCases.TC003_LoginDDT - Provided email
15:37:06.507 [main] INFO  testCases.TC003_LoginDDT - Provided password
15:37:07.614 [main] INFO  testCases.TC003_LoginDDT - Clicked on Login button
15:37:07.733 [main] INFO  testCases.TC003_LoginDDT - Login DDT passed
15:37:08.424 [main] INFO  testCases.TC003_LoginDDT - ***********Finished TC003_LoginDDT**************
15:37:08.435 [main] INFO  testCases.TC003_LoginDDT - ***** Starting LoginDDT *****
15:37:08.673 [main] INFO  testCases.TC003_LoginDDT - Clicked on My Account link
15:37:09.138 [main] INFO  testCases.TC003_LoginDDT - Clicked on Login link
15:37:09.571 [main] INFO  testCases.TC003_LoginDDT - Provided email
15:37:09.756 [main] INFO  testCases.TC003_LoginDDT - Provided password
15:37:11.021 [main] INFO  testCases.TC003_LoginDDT - Clicked on Login button
15:37:11.083 [main] INFO  testCases.TC003_LoginDDT - Login DDT passed
15:37:11.736 [main] INFO  testCases.TC003_LoginDDT - ***********Finished TC003_LoginDDT**************
15:37:11.747 [main] INFO  testCases.TC003_LoginDDT - ***** Starting LoginDDT *****
15:37:11.981 [main] INFO  testCases.TC003_LoginDDT - Clicked on My Account link
15:37:12.520 [main] INFO  testCases.TC003_LoginDDT - Clicked on Login link
15:37:12.926 [main] INFO  testCases.TC003_LoginDDT - Provided email
15:37:13.113 [main] INFO  testCases.TC003_LoginDDT - Provided password
15:37:13.318 [main] INFO  testCases.TC003_LoginDDT - Clicked on Login button
15:37:14.430 [main] INFO  testCases.TC003_LoginDDT - Login DDT passed
15:37:15.185 [main] INFO  testCases.TC003_LoginDDT - ***********Finished TC003_LoginDDT**************
15:37:15.195 [main] INFO  testCases.TC003_LoginDDT - ***** Starting LoginDDT *****
15:37:15.428 [main] INFO  testCases.TC003_LoginDDT - Clicked on My Account link
15:37:15.906 [main] INFO  testCases.TC003_LoginDDT - Clicked on Login link
15:37:16.382 [main] INFO  testCases.TC003_LoginDDT - Provided email
15:37:16.574 [main] INFO  testCases.TC003_LoginDDT - Provided password
15:37:17.675 [main] INFO  testCases.TC003_LoginDDT - Clicked on Login button
15:37:17.733 [main] INFO  testCases.TC003_LoginDDT - Login DDT passed
15:37:18.470 [main] INFO  testCases.TC003_LoginDDT - ***********Finished TC003_LoginDDT**************
15:37:18.480 [main] INFO  testCases.TC003_LoginDDT - ***** Starting LoginDDT *****
15:37:18.671 [main] INFO  testCases.TC003_LoginDDT - Clicked on My Account link
15:37:19.119 [main] INFO  testCases.TC003_LoginDDT - Clicked on Login link
15:37:19.679 [main] INFO  testCases.TC003_LoginDDT - Provided email
15:37:19.879 [main] INFO  testCases.TC003_LoginDDT - Provided password
15:37:20.816 [main] INFO  testCases.TC003_LoginDDT - Clicked on Login button
15:37:35.879 [main] ERROR testCases.TC003_LoginDDT - Login DDT failed
