11:52:39.027 [main] DEBUG org.testng.TestNG - suiteXmlPath: "C:\Users\Nawaz\eclipse-workspace\opencart1-1\master.xml"
11:52:39.276 [main] INFO  org.testng.internal.Utils - [TestNG] Running:
  C:\Users\Nawaz\eclipse-workspace\opencart1-1\master.xml

11:52:45.243 [main] INFO  testCases.TC001_AccountRegistation - **Starting TC001_AccountRegistration**
11:52:45.374 [main] INFO  testCases.TC001_AccountRegistation - Clicked on My Account link
11:52:45.756 [main] INFO  testCases.TC001_AccountRegistation - Clicked on Register link
11:52:45.764 [main] INFO  testCases.TC001_AccountRegistation - Providing customer data
11:52:47.065 [main] INFO  testCases.TC001_AccountRegistation - Clicked on Continue button
11:52:47.104 [main] INFO  testCases.TC001_AccountRegistation - Validating account registration
11:52:47.104 [main] INFO  testCases.TC001_AccountRegistation - Account registration successful
11:52:47.107 [main] INFO  testCases.TC001_AccountRegistation - **Finished TC001_AccountRegistration**
11:52:48.999 [main] INFO  testCases.TC002_Login_Test - ***** Starting TC002_Login_Test *****
11:52:49.315 [main] INFO  testCases.TC002_Login_Test - Clicked on My Account link
11:52:49.574 [main] INFO  testCases.TC002_Login_Test - Clicked on Login link
11:52:49.688 [main] INFO  testCases.TC002_Login_Test - Provided email
11:52:49.761 [main] INFO  testCases.TC002_Login_Test - Provided password
11:52:49.827 [main] INFO  testCases.TC002_Login_Test - Clicked on Login button
11:52:50.599 [main] INFO  testCases.TC002_Login_Test - Login test passed
11:52:50.599 [main] INFO  testCases.TC002_Login_Test - ***** Finished TC002_Login_Test *****
11:52:52.692 [main] DEBUG org.apache.poi.openxml4j.opc.PackageRelationshipCollection - Parsing relationship: /xl/_rels/workbook.xml.rels
11:52:52.696 [main] DEBUG org.apache.poi.openxml4j.opc.PackageRelationshipCollection - Parsing relationship: /_rels/.rels
11:52:53.141 [main] DEBUG org.apache.poi.openxml4j.opc.PackageRelationshipCollection - Parsing relationship: /xl/_rels/workbook.xml.rels
11:52:53.141 [main] DEBUG org.apache.poi.openxml4j.opc.PackageRelationshipCollection - Parsing relationship: /_rels/.rels
11:52:53.167 [main] DEBUG org.apache.poi.openxml4j.opc.PackageRelationshipCollection - Parsing relationship: /xl/_rels/workbook.xml.rels
11:52:53.167 [main] DEBUG org.apache.poi.openxml4j.opc.PackageRelationshipCollection - Parsing relationship: /_rels/.rels
11:52:53.197 [main] DEBUG org.apache.poi.openxml4j.opc.PackageRelationshipCollection - Parsing relationship: /xl/_rels/workbook.xml.rels
11:52:53.198 [main] DEBUG org.apache.poi.openxml4j.opc.PackageRelationshipCollection - Parsing relationship: /_rels/.rels
11:52:53.220 [main] DEBUG org.apache.poi.openxml4j.opc.PackageRelationshipCollection - Parsing relationship: /xl/_rels/workbook.xml.rels
11:52:53.220 [main] DEBUG org.apache.poi.openxml4j.opc.PackageRelationshipCollection - Parsing relationship: /_rels/.rels
11:52:53.243 [main] DEBUG org.apache.poi.openxml4j.opc.PackageRelationshipCollection - Parsing relationship: /xl/_rels/workbook.xml.rels
11:52:53.243 [main] DEBUG org.apache.poi.openxml4j.opc.PackageRelationshipCollection - Parsing relationship: /_rels/.rels
11:52:53.261 [main] DEBUG org.apache.poi.openxml4j.opc.PackageRelationshipCollection - Parsing relationship: /xl/_rels/workbook.xml.rels
11:52:53.261 [main] DEBUG org.apache.poi.openxml4j.opc.PackageRelationshipCollection - Parsing relationship: /_rels/.rels
11:52:53.277 [main] DEBUG org.apache.poi.openxml4j.opc.PackageRelationshipCollection - Parsing relationship: /xl/_rels/workbook.xml.rels
11:52:53.277 [main] DEBUG org.apache.poi.openxml4j.opc.PackageRelationshipCollection - Parsing relationship: /_rels/.rels
11:52:53.293 [main] DEBUG org.apache.poi.openxml4j.opc.PackageRelationshipCollection - Parsing relationship: /xl/_rels/workbook.xml.rels
11:52:53.293 [main] DEBUG org.apache.poi.openxml4j.opc.PackageRelationshipCollection - Parsing relationship: /_rels/.rels
11:52:53.318 [main] DEBUG org.apache.poi.openxml4j.opc.PackageRelationshipCollection - Parsing relationship: /xl/_rels/workbook.xml.rels
11:52:53.318 [main] DEBUG org.apache.poi.openxml4j.opc.PackageRelationshipCollection - Parsing relationship: /_rels/.rels
11:52:53.338 [main] DEBUG org.apache.poi.openxml4j.opc.PackageRelationshipCollection - Parsing relationship: /xl/_rels/workbook.xml.rels
11:52:53.340 [main] DEBUG org.apache.poi.openxml4j.opc.PackageRelationshipCollection - Parsing relationship: /_rels/.rels
11:52:53.356 [main] DEBUG org.apache.poi.openxml4j.opc.PackageRelationshipCollection - Parsing relationship: /xl/_rels/workbook.xml.rels
11:52:53.356 [main] DEBUG org.apache.poi.openxml4j.opc.PackageRelationshipCollection - Parsing relationship: /_rels/.rels
11:52:53.372 [main] DEBUG org.apache.poi.openxml4j.opc.PackageRelationshipCollection - Parsing relationship: /xl/_rels/workbook.xml.rels
11:52:53.372 [main] DEBUG org.apache.poi.openxml4j.opc.PackageRelationshipCollection - Parsing relationship: /_rels/.rels
11:52:53.387 [main] DEBUG org.apache.poi.openxml4j.opc.PackageRelationshipCollection - Parsing relationship: /xl/_rels/workbook.xml.rels
11:52:53.387 [main] DEBUG org.apache.poi.openxml4j.opc.PackageRelationshipCollection - Parsing relationship: /_rels/.rels
11:52:53.403 [main] DEBUG org.apache.poi.openxml4j.opc.PackageRelationshipCollection - Parsing relationship: /xl/_rels/workbook.xml.rels
11:52:53.403 [main] DEBUG org.apache.poi.openxml4j.opc.PackageRelationshipCollection - Parsing relationship: /_rels/.rels
11:52:53.419 [main] DEBUG org.apache.poi.openxml4j.opc.PackageRelationshipCollection - Parsing relationship: /xl/_rels/workbook.xml.rels
11:52:53.419 [main] DEBUG org.apache.poi.openxml4j.opc.PackageRelationshipCollection - Parsing relationship: /_rels/.rels
11:52:53.435 [main] DEBUG org.apache.poi.openxml4j.opc.PackageRelationshipCollection - Parsing relationship: /xl/_rels/workbook.xml.rels
11:52:53.435 [main] DEBUG org.apache.poi.openxml4j.opc.PackageRelationshipCollection - Parsing relationship: /_rels/.rels
11:52:53.450 [main] DEBUG org.apache.poi.openxml4j.opc.PackageRelationshipCollection - Parsing relationship: /xl/_rels/workbook.xml.rels
11:52:53.450 [main] DEBUG org.apache.poi.openxml4j.opc.PackageRelationshipCollection - Parsing relationship: /_rels/.rels
11:52:53.466 [main] DEBUG org.apache.poi.openxml4j.opc.PackageRelationshipCollection - Parsing relationship: /xl/_rels/workbook.xml.rels
11:52:53.466 [main] DEBUG org.apache.poi.openxml4j.opc.PackageRelationshipCollection - Parsing relationship: /_rels/.rels
11:52:53.482 [main] DEBUG org.apache.poi.openxml4j.opc.PackageRelationshipCollection - Parsing relationship: /xl/_rels/workbook.xml.rels
11:52:53.482 [main] DEBUG org.apache.poi.openxml4j.opc.PackageRelationshipCollection - Parsing relationship: /_rels/.rels
11:52:53.497 [main] INFO  testCases.TC003_LoginDDT - ***** Starting LoginDDT *****
11:52:53.580 [main] INFO  testCases.TC003_LoginDDT - Clicked on My Account link
11:52:53.828 [main] INFO  testCases.TC003_LoginDDT - Clicked on Login link
11:52:53.908 [main] INFO  testCases.TC003_LoginDDT - Provided email
11:52:53.962 [main] INFO  testCases.TC003_LoginDDT - Provided password
11:52:54.041 [main] INFO  testCases.TC003_LoginDDT - Clicked on Login button
11:53:09.858 [main] ERROR testCases.TC003_LoginDDT - Login DDT failed
11:53:10.000 [main] INFO  testCases.TC003_LoginDDT - ***** Starting LoginDDT *****
11:53:10.067 [main] INFO  testCases.TC003_LoginDDT - Clicked on My Account link
11:53:10.562 [main] INFO  testCases.TC003_LoginDDT - Clicked on Login link
11:53:10.626 [main] INFO  testCases.TC003_LoginDDT - Provided email
11:53:10.670 [main] INFO  testCases.TC003_LoginDDT - Provided password
11:53:10.720 [main] INFO  testCases.TC003_LoginDDT - Clicked on Login button
11:53:11.764 [main] INFO  testCases.TC003_LoginDDT - Login DDT passed
11:53:12.222 [main] INFO  testCases.TC003_LoginDDT - *********** Finished TC003_LoginDDT ***********
11:53:12.226 [main] INFO  testCases.TC003_LoginDDT - ***** Starting LoginDDT *****
11:53:12.306 [main] INFO  testCases.TC003_LoginDDT - Clicked on My Account link
11:53:12.626 [main] INFO  testCases.TC003_LoginDDT - Clicked on Login link
11:53:12.723 [main] INFO  testCases.TC003_LoginDDT - Provided email
11:53:12.779 [main] INFO  testCases.TC003_LoginDDT - Provided password
11:53:12.833 [main] INFO  testCases.TC003_LoginDDT - Clicked on Login button
11:53:13.642 [main] INFO  testCases.TC003_LoginDDT - Login DDT passed
11:53:14.037 [main] INFO  testCases.TC003_LoginDDT - *********** Finished TC003_LoginDDT ***********
11:53:14.040 [main] INFO  testCases.TC003_LoginDDT - ***** Starting LoginDDT *****
11:53:14.109 [main] INFO  testCases.TC003_LoginDDT - Clicked on My Account link
11:53:14.369 [main] INFO  testCases.TC003_LoginDDT - Clicked on Login link
11:53:14.463 [main] INFO  testCases.TC003_LoginDDT - Provided email
11:53:14.521 [main] INFO  testCases.TC003_LoginDDT - Provided password
11:53:14.584 [main] INFO  testCases.TC003_LoginDDT - Clicked on Login button
11:53:15.429 [main] INFO  testCases.TC003_LoginDDT - Login DDT passed
11:53:15.803 [main] INFO  testCases.TC003_LoginDDT - *********** Finished TC003_LoginDDT ***********
11:53:15.806 [main] INFO  testCases.TC003_LoginDDT - ***** Starting LoginDDT *****
11:53:15.872 [main] INFO  testCases.TC003_LoginDDT - Clicked on My Account link
11:53:16.122 [main] INFO  testCases.TC003_LoginDDT - Clicked on Login link
11:53:16.213 [main] INFO  testCases.TC003_LoginDDT - Provided email
11:53:16.274 [main] INFO  testCases.TC003_LoginDDT - Provided password
11:53:17.282 [main] INFO  testCases.TC003_LoginDDT - Clicked on Login button
11:53:17.310 [main] INFO  testCases.TC003_LoginDDT - Login DDT passed
11:53:17.711 [main] INFO  testCases.TC003_LoginDDT - *********** Finished TC003_LoginDDT ***********
11:53:17.714 [main] INFO  testCases.TC003_LoginDDT - ***** Starting LoginDDT *****
11:53:17.777 [main] INFO  testCases.TC003_LoginDDT - Clicked on My Account link
11:53:18.051 [main] INFO  testCases.TC003_LoginDDT - Clicked on Login link
11:53:18.160 [main] INFO  testCases.TC003_LoginDDT - Provided email
11:53:18.221 [main] INFO  testCases.TC003_LoginDDT - Provided password
11:53:18.277 [main] INFO  testCases.TC003_LoginDDT - Clicked on Login button
11:53:33.332 [main] ERROR testCases.TC003_LoginDDT - Login DDT failed
