18:55:17.871 [main] DEBUG org.testng.TestNG - suiteXmlPath: "C:\Users\Nawaz\eclipse-workspace\opencart1-1\master.xml"
18:55:18.491 [main] INFO  org.testng.internal.Utils - [TestNG] Running:
  C:\Users\Nawaz\eclipse-workspace\opencart1-1\master.xml

18:58:22.508 [main] INFO  testCases.TC002_Login_Test - ***** Starting TC002_Login_Test *****
18:58:22.638 [main] INFO  testCases.TC002_Login_Test - Clicked on My Account link
18:58:22.873 [main] INFO  testCases.TC002_Login_Test - Clicked on Login link
18:58:22.988 [main] INFO  testCases.TC002_Login_Test - Provided email
18:58:23.067 [main] INFO  testCases.TC002_Login_Test - Provided password
18:58:23.154 [main] INFO  testCases.TC002_Login_Test - Clicked on Login button
18:58:23.857 [main] INFO  testCases.TC002_Login_Test - Login test passed
18:58:23.857 [main] INFO  testCases.TC002_Login_Test - ***** Finished TC002_Login_Test *****
18:58:26.021 [main] DEBUG org.apache.poi.openxml4j.opc.PackageRelationshipCollection - Parsing relationship: /xl/_rels/workbook.xml.rels
18:58:26.025 [main] DEBUG org.apache.poi.openxml4j.opc.PackageRelationshipCollection - Parsing relationship: /_rels/.rels
18:58:26.536 [main] DEBUG org.apache.poi.openxml4j.opc.PackageRelationshipCollection - Parsing relationship: /xl/_rels/workbook.xml.rels
18:58:26.536 [main] DEBUG org.apache.poi.openxml4j.opc.PackageRelationshipCollection - Parsing relationship: /_rels/.rels
18:58:26.562 [main] DEBUG org.apache.poi.openxml4j.opc.PackageRelationshipCollection - Parsing relationship: /xl/_rels/workbook.xml.rels
18:58:26.562 [main] DEBUG org.apache.poi.openxml4j.opc.PackageRelationshipCollection - Parsing relationship: /_rels/.rels
18:58:26.594 [main] DEBUG org.apache.poi.openxml4j.opc.PackageRelationshipCollection - Parsing relationship: /xl/_rels/workbook.xml.rels
18:58:26.594 [main] DEBUG org.apache.poi.openxml4j.opc.PackageRelationshipCollection - Parsing relationship: /_rels/.rels
18:58:26.615 [main] DEBUG org.apache.poi.openxml4j.opc.PackageRelationshipCollection - Parsing relationship: /xl/_rels/workbook.xml.rels
18:58:26.615 [main] DEBUG org.apache.poi.openxml4j.opc.PackageRelationshipCollection - Parsing relationship: /_rels/.rels
18:58:26.636 [main] DEBUG org.apache.poi.openxml4j.opc.PackageRelationshipCollection - Parsing relationship: /xl/_rels/workbook.xml.rels
18:58:26.639 [main] DEBUG org.apache.poi.openxml4j.opc.PackageRelationshipCollection - Parsing relationship: /_rels/.rels
18:58:26.656 [main] DEBUG org.apache.poi.openxml4j.opc.PackageRelationshipCollection - Parsing relationship: /xl/_rels/workbook.xml.rels
18:58:26.656 [main] DEBUG org.apache.poi.openxml4j.opc.PackageRelationshipCollection - Parsing relationship: /_rels/.rels
18:58:26.675 [main] DEBUG org.apache.poi.openxml4j.opc.PackageRelationshipCollection - Parsing relationship: /xl/_rels/workbook.xml.rels
18:58:26.675 [main] DEBUG org.apache.poi.openxml4j.opc.PackageRelationshipCollection - Parsing relationship: /_rels/.rels
18:58:26.694 [main] DEBUG org.apache.poi.openxml4j.opc.PackageRelationshipCollection - Parsing relationship: /xl/_rels/workbook.xml.rels
18:58:26.694 [main] DEBUG org.apache.poi.openxml4j.opc.PackageRelationshipCollection - Parsing relationship: /_rels/.rels
18:58:26.710 [main] DEBUG org.apache.poi.openxml4j.opc.PackageRelationshipCollection - Parsing relationship: /xl/_rels/workbook.xml.rels
18:58:26.710 [main] DEBUG org.apache.poi.openxml4j.opc.PackageRelationshipCollection - Parsing relationship: /_rels/.rels
18:58:26.729 [main] DEBUG org.apache.poi.openxml4j.opc.PackageRelationshipCollection - Parsing relationship: /xl/_rels/workbook.xml.rels
18:58:26.729 [main] DEBUG org.apache.poi.openxml4j.opc.PackageRelationshipCollection - Parsing relationship: /_rels/.rels
18:58:26.750 [main] DEBUG org.apache.poi.openxml4j.opc.PackageRelationshipCollection - Parsing relationship: /xl/_rels/workbook.xml.rels
18:58:26.750 [main] DEBUG org.apache.poi.openxml4j.opc.PackageRelationshipCollection - Parsing relationship: /_rels/.rels
18:58:26.771 [main] DEBUG org.apache.poi.openxml4j.opc.PackageRelationshipCollection - Parsing relationship: /xl/_rels/workbook.xml.rels
18:58:26.771 [main] DEBUG org.apache.poi.openxml4j.opc.PackageRelationshipCollection - Parsing relationship: /_rels/.rels
18:58:26.790 [main] DEBUG org.apache.poi.openxml4j.opc.PackageRelationshipCollection - Parsing relationship: /xl/_rels/workbook.xml.rels
18:58:26.790 [main] DEBUG org.apache.poi.openxml4j.opc.PackageRelationshipCollection - Parsing relationship: /_rels/.rels
18:58:26.805 [main] DEBUG org.apache.poi.openxml4j.opc.PackageRelationshipCollection - Parsing relationship: /xl/_rels/workbook.xml.rels
18:58:26.805 [main] DEBUG org.apache.poi.openxml4j.opc.PackageRelationshipCollection - Parsing relationship: /_rels/.rels
18:58:26.821 [main] DEBUG org.apache.poi.openxml4j.opc.PackageRelationshipCollection - Parsing relationship: /xl/_rels/workbook.xml.rels
18:58:26.821 [main] DEBUG org.apache.poi.openxml4j.opc.PackageRelationshipCollection - Parsing relationship: /_rels/.rels
18:58:26.840 [main] DEBUG org.apache.poi.openxml4j.opc.PackageRelationshipCollection - Parsing relationship: /xl/_rels/workbook.xml.rels
18:58:26.840 [main] DEBUG org.apache.poi.openxml4j.opc.PackageRelationshipCollection - Parsing relationship: /_rels/.rels
18:58:26.854 [main] DEBUG org.apache.poi.openxml4j.opc.PackageRelationshipCollection - Parsing relationship: /xl/_rels/workbook.xml.rels
18:58:26.854 [main] DEBUG org.apache.poi.openxml4j.opc.PackageRelationshipCollection - Parsing relationship: /_rels/.rels
18:58:26.869 [main] DEBUG org.apache.poi.openxml4j.opc.PackageRelationshipCollection - Parsing relationship: /xl/_rels/workbook.xml.rels
18:58:26.869 [main] DEBUG org.apache.poi.openxml4j.opc.PackageRelationshipCollection - Parsing relationship: /_rels/.rels
18:58:26.884 [main] DEBUG org.apache.poi.openxml4j.opc.PackageRelationshipCollection - Parsing relationship: /xl/_rels/workbook.xml.rels
18:58:26.885 [main] DEBUG org.apache.poi.openxml4j.opc.PackageRelationshipCollection - Parsing relationship: /_rels/.rels
18:58:26.900 [main] INFO  testCases.TC003_LoginDDT - ***** Starting LoginDDT *****
18:58:26.986 [main] INFO  testCases.TC003_LoginDDT - Clicked on My Account link
18:58:27.272 [main] INFO  testCases.TC003_LoginDDT - Clicked on Login link
18:58:27.383 [main] INFO  testCases.TC003_LoginDDT - Provided email
18:58:27.478 [main] INFO  testCases.TC003_LoginDDT - Provided password
18:58:27.551 [main] INFO  testCases.TC003_LoginDDT - Clicked on Login button
18:58:42.703 [main] ERROR testCases.TC003_LoginDDT - Login DDT failed
18:58:42.836 [main] INFO  testCases.TC003_LoginDDT - ***** Starting LoginDDT *****
18:58:42.896 [main] INFO  testCases.TC003_LoginDDT - Clicked on My Account link
18:58:43.169 [main] INFO  testCases.TC003_LoginDDT - Clicked on Login link
18:58:43.281 [main] INFO  testCases.TC003_LoginDDT - Provided email
18:58:43.367 [main] INFO  testCases.TC003_LoginDDT - Provided password
18:58:43.451 [main] INFO  testCases.TC003_LoginDDT - Clicked on Login button
18:58:44.126 [main] INFO  testCases.TC003_LoginDDT - Login DDT passed
18:58:44.441 [main] INFO  testCases.TC003_LoginDDT - *********** Finished TC003_LoginDDT ***********
18:58:44.444 [main] INFO  testCases.TC003_LoginDDT - ***** Starting LoginDDT *****
18:58:44.529 [main] INFO  testCases.TC003_LoginDDT - Clicked on My Account link
18:58:44.764 [main] INFO  testCases.TC003_LoginDDT - Clicked on Login link
18:58:44.837 [main] INFO  testCases.TC003_LoginDDT - Provided email
18:58:44.895 [main] INFO  testCases.TC003_LoginDDT - Provided password
18:58:44.974 [main] INFO  testCases.TC003_LoginDDT - Clicked on Login button
18:58:45.742 [main] INFO  testCases.TC003_LoginDDT - Login DDT passed
18:58:46.084 [main] INFO  testCases.TC003_LoginDDT - *********** Finished TC003_LoginDDT ***********
18:58:46.087 [main] INFO  testCases.TC003_LoginDDT - ***** Starting LoginDDT *****
18:58:46.156 [main] INFO  testCases.TC003_LoginDDT - Clicked on My Account link
18:58:46.373 [main] INFO  testCases.TC003_LoginDDT - Clicked on Login link
18:58:46.476 [main] INFO  testCases.TC003_LoginDDT - Provided email
18:58:46.535 [main] INFO  testCases.TC003_LoginDDT - Provided password
18:58:46.589 [main] INFO  testCases.TC003_LoginDDT - Clicked on Login button
18:58:47.265 [main] INFO  testCases.TC003_LoginDDT - Login DDT passed
18:58:47.583 [main] INFO  testCases.TC003_LoginDDT - *********** Finished TC003_LoginDDT ***********
18:58:47.594 [main] INFO  testCases.TC003_LoginDDT - ***** Starting LoginDDT *****
18:58:47.705 [main] INFO  testCases.TC003_LoginDDT - Clicked on My Account link
18:58:47.956 [main] INFO  testCases.TC003_LoginDDT - Clicked on Login link
18:58:48.061 [main] INFO  testCases.TC003_LoginDDT - Provided email
18:58:48.132 [main] INFO  testCases.TC003_LoginDDT - Provided password
18:58:48.184 [main] INFO  testCases.TC003_LoginDDT - Clicked on Login button
18:58:48.858 [main] INFO  testCases.TC003_LoginDDT - Login DDT passed
18:58:49.150 [main] INFO  testCases.TC003_LoginDDT - *********** Finished TC003_LoginDDT ***********
18:58:49.153 [main] INFO  testCases.TC003_LoginDDT - ***** Starting LoginDDT *****
18:58:49.214 [main] INFO  testCases.TC003_LoginDDT - Clicked on My Account link
18:58:49.441 [main] INFO  testCases.TC003_LoginDDT - Clicked on Login link
18:58:49.548 [main] INFO  testCases.TC003_LoginDDT - Provided email
18:58:49.603 [main] INFO  testCases.TC003_LoginDDT - Provided password
18:58:49.657 [main] INFO  testCases.TC003_LoginDDT - Clicked on Login button
18:59:04.702 [main] ERROR testCases.TC003_LoginDDT - Login DDT failed
