17:56:53.887 [main] DEBUG org.testng.TestNG - suiteXmlPath: "C:\Users\Nawaz\eclipse-workspace\opencart1-1\master.xml"
17:56:54.784 [main] INFO  org.testng.internal.Utils - [TestNG] Running:
  C:\Users\Nawaz\eclipse-workspace\opencart1-1\master.xml

17:57:01.085 [main] INFO  testCases.TC001_AccountRegistation - **Starting TC001_AccountRegistration**
17:57:01.894 [main] INFO  testCases.TC001_AccountRegistation - Clicked on My Account link
17:57:02.426 [main] INFO  testCases.TC001_AccountRegistation - Clicked on Register link
17:57:02.434 [main] INFO  testCases.TC001_AccountRegistation - Providing customer data
17:57:05.217 [main] INFO  testCases.TC001_AccountRegistation - Clicked on Continue button
17:57:05.405 [main] INFO  testCases.TC001_AccountRegistation - Validating account registration
17:57:05.405 [main] INFO  testCases.TC001_AccountRegistation - Account registration successful
17:57:05.422 [main] INFO  testCases.TC001_AccountRegistation - **Finished TC001_AccountRegistration**
17:57:08.260 [main] INFO  testCases.TC002_Login_Test - ***** Starting TC002_Login_Test *****
17:57:09.076 [main] INFO  testCases.TC002_Login_Test - Clicked on My Account link
17:57:09.459 [main] INFO  testCases.TC002_Login_Test - Clicked on Login link
17:57:09.751 [main] INFO  testCases.TC002_Login_Test - Provided email
17:57:09.867 [main] INFO  testCases.TC002_Login_Test - Provided password
17:57:10.010 [main] INFO  testCases.TC002_Login_Test - Clicked on Login button
17:57:10.969 [main] INFO  testCases.TC002_Login_Test - Login test passed
17:57:10.970 [main] INFO  testCases.TC002_Login_Test - ***** Finished TC002_Login_Test *****
17:57:13.784 [main] DEBUG org.apache.poi.openxml4j.opc.PackageRelationshipCollection - Parsing relationship: /xl/_rels/workbook.xml.rels
17:57:13.793 [main] DEBUG org.apache.poi.openxml4j.opc.PackageRelationshipCollection - Parsing relationship: /_rels/.rels
17:57:14.898 [main] DEBUG org.apache.poi.openxml4j.opc.PackageRelationshipCollection - Parsing relationship: /xl/_rels/workbook.xml.rels
17:57:14.898 [main] DEBUG org.apache.poi.openxml4j.opc.PackageRelationshipCollection - Parsing relationship: /_rels/.rels
17:57:14.969 [main] DEBUG org.apache.poi.openxml4j.opc.PackageRelationshipCollection - Parsing relationship: /xl/_rels/workbook.xml.rels
17:57:14.969 [main] DEBUG org.apache.poi.openxml4j.opc.PackageRelationshipCollection - Parsing relationship: /_rels/.rels
17:57:15.052 [main] DEBUG org.apache.poi.openxml4j.opc.PackageRelationshipCollection - Parsing relationship: /xl/_rels/workbook.xml.rels
17:57:15.052 [main] DEBUG org.apache.poi.openxml4j.opc.PackageRelationshipCollection - Parsing relationship: /_rels/.rels
17:57:15.116 [main] DEBUG org.apache.poi.openxml4j.opc.PackageRelationshipCollection - Parsing relationship: /xl/_rels/workbook.xml.rels
17:57:15.116 [main] DEBUG org.apache.poi.openxml4j.opc.PackageRelationshipCollection - Parsing relationship: /_rels/.rels
17:57:15.197 [main] DEBUG org.apache.poi.openxml4j.opc.PackageRelationshipCollection - Parsing relationship: /xl/_rels/workbook.xml.rels
17:57:15.200 [main] DEBUG org.apache.poi.openxml4j.opc.PackageRelationshipCollection - Parsing relationship: /_rels/.rels
17:57:15.258 [main] DEBUG org.apache.poi.openxml4j.opc.PackageRelationshipCollection - Parsing relationship: /xl/_rels/workbook.xml.rels
17:57:15.258 [main] DEBUG org.apache.poi.openxml4j.opc.PackageRelationshipCollection - Parsing relationship: /_rels/.rels
17:57:15.329 [main] DEBUG org.apache.poi.openxml4j.opc.PackageRelationshipCollection - Parsing relationship: /xl/_rels/workbook.xml.rels
17:57:15.335 [main] DEBUG org.apache.poi.openxml4j.opc.PackageRelationshipCollection - Parsing relationship: /_rels/.rels
17:57:15.399 [main] DEBUG org.apache.poi.openxml4j.opc.PackageRelationshipCollection - Parsing relationship: /xl/_rels/workbook.xml.rels
17:57:15.400 [main] DEBUG org.apache.poi.openxml4j.opc.PackageRelationshipCollection - Parsing relationship: /_rels/.rels
17:57:15.458 [main] DEBUG org.apache.poi.openxml4j.opc.PackageRelationshipCollection - Parsing relationship: /xl/_rels/workbook.xml.rels
17:57:15.460 [main] DEBUG org.apache.poi.openxml4j.opc.PackageRelationshipCollection - Parsing relationship: /_rels/.rels
17:57:15.564 [main] DEBUG org.apache.poi.openxml4j.opc.PackageRelationshipCollection - Parsing relationship: /xl/_rels/workbook.xml.rels
17:57:15.569 [main] DEBUG org.apache.poi.openxml4j.opc.PackageRelationshipCollection - Parsing relationship: /_rels/.rels
17:57:15.623 [main] DEBUG org.apache.poi.openxml4j.opc.PackageRelationshipCollection - Parsing relationship: /xl/_rels/workbook.xml.rels
17:57:15.623 [main] DEBUG org.apache.poi.openxml4j.opc.PackageRelationshipCollection - Parsing relationship: /_rels/.rels
17:57:15.667 [main] DEBUG org.apache.poi.openxml4j.opc.PackageRelationshipCollection - Parsing relationship: /xl/_rels/workbook.xml.rels
17:57:15.667 [main] DEBUG org.apache.poi.openxml4j.opc.PackageRelationshipCollection - Parsing relationship: /_rels/.rels
17:57:15.700 [main] DEBUG org.apache.poi.openxml4j.opc.PackageRelationshipCollection - Parsing relationship: /xl/_rels/workbook.xml.rels
17:57:15.700 [main] DEBUG org.apache.poi.openxml4j.opc.PackageRelationshipCollection - Parsing relationship: /_rels/.rels
17:57:15.720 [main] DEBUG org.apache.poi.openxml4j.opc.PackageRelationshipCollection - Parsing relationship: /xl/_rels/workbook.xml.rels
17:57:15.720 [main] DEBUG org.apache.poi.openxml4j.opc.PackageRelationshipCollection - Parsing relationship: /_rels/.rels
17:57:15.746 [main] DEBUG org.apache.poi.openxml4j.opc.PackageRelationshipCollection - Parsing relationship: /xl/_rels/workbook.xml.rels
17:57:15.746 [main] DEBUG org.apache.poi.openxml4j.opc.PackageRelationshipCollection - Parsing relationship: /_rels/.rels
17:57:15.767 [main] DEBUG org.apache.poi.openxml4j.opc.PackageRelationshipCollection - Parsing relationship: /xl/_rels/workbook.xml.rels
17:57:15.767 [main] DEBUG org.apache.poi.openxml4j.opc.PackageRelationshipCollection - Parsing relationship: /_rels/.rels
17:57:15.790 [main] DEBUG org.apache.poi.openxml4j.opc.PackageRelationshipCollection - Parsing relationship: /xl/_rels/workbook.xml.rels
17:57:15.793 [main] DEBUG org.apache.poi.openxml4j.opc.PackageRelationshipCollection - Parsing relationship: /_rels/.rels
17:57:15.813 [main] DEBUG org.apache.poi.openxml4j.opc.PackageRelationshipCollection - Parsing relationship: /xl/_rels/workbook.xml.rels
17:57:15.817 [main] DEBUG org.apache.poi.openxml4j.opc.PackageRelationshipCollection - Parsing relationship: /_rels/.rels
17:57:15.841 [main] DEBUG org.apache.poi.openxml4j.opc.PackageRelationshipCollection - Parsing relationship: /xl/_rels/workbook.xml.rels
17:57:15.841 [main] DEBUG org.apache.poi.openxml4j.opc.PackageRelationshipCollection - Parsing relationship: /_rels/.rels
17:57:15.868 [main] INFO  testCases.TC003_LoginDDT - ***** Starting LoginDDT *****
17:57:16.023 [main] INFO  testCases.TC003_LoginDDT - Clicked on My Account link
17:57:16.321 [main] INFO  testCases.TC003_LoginDDT - Clicked on Login link
17:57:16.463 [main] INFO  testCases.TC003_LoginDDT - Provided email
17:57:16.562 [main] INFO  testCases.TC003_LoginDDT - Provided password
17:57:17.351 [main] INFO  testCases.TC003_LoginDDT - Clicked on Login button
17:57:32.464 [main] ERROR testCases.TC003_LoginDDT - Login DDT failed
17:57:32.870 [main] INFO  testCases.TC003_LoginDDT - ***** Starting LoginDDT *****
17:57:33.073 [main] INFO  testCases.TC003_LoginDDT - Clicked on My Account link
17:57:33.485 [main] INFO  testCases.TC003_LoginDDT - Clicked on Login link
17:57:33.777 [main] INFO  testCases.TC003_LoginDDT - Provided email
17:57:33.909 [main] INFO  testCases.TC003_LoginDDT - Provided password
17:57:34.946 [main] INFO  testCases.TC003_LoginDDT - Clicked on Login button
17:57:35.061 [main] INFO  testCases.TC003_LoginDDT - Login DDT passed
17:57:35.803 [main] INFO  testCases.TC003_LoginDDT - *********** Finished TC003_LoginDDT ***********
17:57:35.813 [main] INFO  testCases.TC003_LoginDDT - ***** Starting LoginDDT *****
17:57:36.031 [main] INFO  testCases.TC003_LoginDDT - Clicked on My Account link
17:57:36.494 [main] INFO  testCases.TC003_LoginDDT - Clicked on Login link
17:57:36.804 [main] INFO  testCases.TC003_LoginDDT - Provided email
17:57:36.987 [main] INFO  testCases.TC003_LoginDDT - Provided password
17:57:38.257 [main] INFO  testCases.TC003_LoginDDT - Clicked on Login button
17:57:38.323 [main] INFO  testCases.TC003_LoginDDT - Login DDT passed
17:57:39.013 [main] INFO  testCases.TC003_LoginDDT - *********** Finished TC003_LoginDDT ***********
17:57:39.025 [main] INFO  testCases.TC003_LoginDDT - ***** Starting LoginDDT *****
17:57:39.227 [main] INFO  testCases.TC003_LoginDDT - Clicked on My Account link
17:57:40.190 [main] INFO  testCases.TC003_LoginDDT - Clicked on Login link
17:57:40.445 [main] INFO  testCases.TC003_LoginDDT - Provided email
17:57:40.645 [main] INFO  testCases.TC003_LoginDDT - Provided password
17:57:43.054 [main] INFO  testCases.TC003_LoginDDT - Clicked on Login button
17:57:43.189 [main] INFO  testCases.TC003_LoginDDT - Login DDT passed
17:57:43.869 [main] INFO  testCases.TC003_LoginDDT - *********** Finished TC003_LoginDDT ***********
17:57:43.882 [main] INFO  testCases.TC003_LoginDDT - ***** Starting LoginDDT *****
17:57:44.092 [main] INFO  testCases.TC003_LoginDDT - Clicked on My Account link
17:57:44.683 [main] INFO  testCases.TC003_LoginDDT - Clicked on Login link
17:57:44.848 [main] INFO  testCases.TC003_LoginDDT - Provided email
17:57:44.959 [main] INFO  testCases.TC003_LoginDDT - Provided password
17:57:45.057 [main] INFO  testCases.TC003_LoginDDT - Clicked on Login button
17:57:46.235 [main] INFO  testCases.TC003_LoginDDT - Login DDT passed
17:57:47.044 [main] INFO  testCases.TC003_LoginDDT - *********** Finished TC003_LoginDDT ***********
17:57:47.057 [main] INFO  testCases.TC003_LoginDDT - ***** Starting LoginDDT *****
17:57:47.263 [main] INFO  testCases.TC003_LoginDDT - Clicked on My Account link
17:57:47.764 [main] INFO  testCases.TC003_LoginDDT - Clicked on Login link
17:57:48.104 [main] INFO  testCases.TC003_LoginDDT - Provided email
17:57:48.309 [main] INFO  testCases.TC003_LoginDDT - Provided password
17:57:49.356 [main] INFO  testCases.TC003_LoginDDT - Clicked on Login button
17:58:04.467 [main] ERROR testCases.TC003_LoginDDT - Login DDT failed
