12:26:53.049 [main] DEBUG org.testng.TestNG - suiteXmlPath: "C:\Users\Nawaz\eclipse-workspace\opencart1-1\master.xml"
12:26:53.455 [main] INFO  org.testng.internal.Utils - [TestNG] Running:
  C:\Users\Nawaz\eclipse-workspace\opencart1-1\master.xml

12:26:56.349 [main] INFO  testCases.TC001_AccountRegistration - **Starting TC001_AccountRegistration**
12:26:56.767 [main] INFO  testCases.TC001_AccountRegistration - Clicked on My Account link
12:26:57.149 [main] INFO  testCases.TC001_AccountRegistration - Clicked on Register link
12:26:57.152 [main] INFO  testCases.TC001_AccountRegistration - Providing customer data
12:26:58.475 [main] INFO  testCases.TC001_AccountRegistration - Clicked on Continue button
12:26:58.525 [main] INFO  testCases.TC001_AccountRegistration - Validating account registration
12:26:58.525 [main] INFO  testCases.TC001_AccountRegistration - Account registration successful
12:26:58.527 [main] INFO  testCases.TC001_AccountRegistration - **Finished TC001_AccountRegistration**
12:27:00.531 [main] INFO  testCases.TC002_Login_Test - ***** Starting TC002_Login_Test *****
12:27:00.899 [main] INFO  testCases.TC002_Login_Test - Clicked on My Account link
12:27:01.183 [main] INFO  testCases.TC002_Login_Test - Clicked on Login link
12:27:01.300 [main] INFO  testCases.TC002_Login_Test - Provided email
12:27:01.372 [main] INFO  testCases.TC002_Login_Test - Provided password
12:27:01.434 [main] INFO  testCases.TC002_Login_Test - Clicked on Login button
12:27:02.200 [main] INFO  testCases.TC002_Login_Test - Login test passed
12:27:02.200 [main] INFO  testCases.TC002_Login_Test - ***** Finished TC002_Login_Test *****
12:27:04.278 [main] DEBUG org.apache.poi.openxml4j.opc.PackageRelationshipCollection - Parsing relationship: /xl/_rels/workbook.xml.rels
12:27:04.278 [main] DEBUG org.apache.poi.openxml4j.opc.PackageRelationshipCollection - Parsing relationship: /_rels/.rels
12:27:04.824 [main] DEBUG org.apache.poi.openxml4j.opc.PackageRelationshipCollection - Parsing relationship: /xl/_rels/workbook.xml.rels
12:27:04.824 [main] DEBUG org.apache.poi.openxml4j.opc.PackageRelationshipCollection - Parsing relationship: /_rels/.rels
12:27:04.844 [main] DEBUG org.apache.poi.openxml4j.opc.PackageRelationshipCollection - Parsing relationship: /xl/_rels/workbook.xml.rels
12:27:04.844 [main] DEBUG org.apache.poi.openxml4j.opc.PackageRelationshipCollection - Parsing relationship: /_rels/.rels
12:27:04.875 [main] DEBUG org.apache.poi.openxml4j.opc.PackageRelationshipCollection - Parsing relationship: /xl/_rels/workbook.xml.rels
12:27:04.875 [main] DEBUG org.apache.poi.openxml4j.opc.PackageRelationshipCollection - Parsing relationship: /_rels/.rels
12:27:04.891 [main] DEBUG org.apache.poi.openxml4j.opc.PackageRelationshipCollection - Parsing relationship: /xl/_rels/workbook.xml.rels
12:27:04.891 [main] DEBUG org.apache.poi.openxml4j.opc.PackageRelationshipCollection - Parsing relationship: /_rels/.rels
12:27:04.923 [main] DEBUG org.apache.poi.openxml4j.opc.PackageRelationshipCollection - Parsing relationship: /xl/_rels/workbook.xml.rels
12:27:04.923 [main] DEBUG org.apache.poi.openxml4j.opc.PackageRelationshipCollection - Parsing relationship: /_rels/.rels
12:27:04.943 [main] DEBUG org.apache.poi.openxml4j.opc.PackageRelationshipCollection - Parsing relationship: /xl/_rels/workbook.xml.rels
12:27:04.945 [main] DEBUG org.apache.poi.openxml4j.opc.PackageRelationshipCollection - Parsing relationship: /_rels/.rels
12:27:04.960 [main] DEBUG org.apache.poi.openxml4j.opc.PackageRelationshipCollection - Parsing relationship: /xl/_rels/workbook.xml.rels
12:27:04.962 [main] DEBUG org.apache.poi.openxml4j.opc.PackageRelationshipCollection - Parsing relationship: /_rels/.rels
12:27:04.970 [main] DEBUG org.apache.poi.openxml4j.opc.PackageRelationshipCollection - Parsing relationship: /xl/_rels/workbook.xml.rels
12:27:04.970 [main] DEBUG org.apache.poi.openxml4j.opc.PackageRelationshipCollection - Parsing relationship: /_rels/.rels
12:27:04.986 [main] DEBUG org.apache.poi.openxml4j.opc.PackageRelationshipCollection - Parsing relationship: /xl/_rels/workbook.xml.rels
12:27:04.986 [main] DEBUG org.apache.poi.openxml4j.opc.PackageRelationshipCollection - Parsing relationship: /_rels/.rels
12:27:05.018 [main] DEBUG org.apache.poi.openxml4j.opc.PackageRelationshipCollection - Parsing relationship: /xl/_rels/workbook.xml.rels
12:27:05.018 [main] DEBUG org.apache.poi.openxml4j.opc.PackageRelationshipCollection - Parsing relationship: /_rels/.rels
12:27:05.034 [main] DEBUG org.apache.poi.openxml4j.opc.PackageRelationshipCollection - Parsing relationship: /xl/_rels/workbook.xml.rels
12:27:05.034 [main] DEBUG org.apache.poi.openxml4j.opc.PackageRelationshipCollection - Parsing relationship: /_rels/.rels
12:27:05.050 [main] DEBUG org.apache.poi.openxml4j.opc.PackageRelationshipCollection - Parsing relationship: /xl/_rels/workbook.xml.rels
12:27:05.050 [main] DEBUG org.apache.poi.openxml4j.opc.PackageRelationshipCollection - Parsing relationship: /_rels/.rels
12:27:05.066 [main] DEBUG org.apache.poi.openxml4j.opc.PackageRelationshipCollection - Parsing relationship: /xl/_rels/workbook.xml.rels
12:27:05.066 [main] DEBUG org.apache.poi.openxml4j.opc.PackageRelationshipCollection - Parsing relationship: /_rels/.rels
12:27:05.082 [main] DEBUG org.apache.poi.openxml4j.opc.PackageRelationshipCollection - Parsing relationship: /xl/_rels/workbook.xml.rels
12:27:05.082 [main] DEBUG org.apache.poi.openxml4j.opc.PackageRelationshipCollection - Parsing relationship: /_rels/.rels
12:27:05.098 [main] DEBUG org.apache.poi.openxml4j.opc.PackageRelationshipCollection - Parsing relationship: /xl/_rels/workbook.xml.rels
12:27:05.098 [main] DEBUG org.apache.poi.openxml4j.opc.PackageRelationshipCollection - Parsing relationship: /_rels/.rels
12:27:05.114 [main] DEBUG org.apache.poi.openxml4j.opc.PackageRelationshipCollection - Parsing relationship: /xl/_rels/workbook.xml.rels
12:27:05.117 [main] DEBUG org.apache.poi.openxml4j.opc.PackageRelationshipCollection - Parsing relationship: /_rels/.rels
12:27:05.132 [main] DEBUG org.apache.poi.openxml4j.opc.PackageRelationshipCollection - Parsing relationship: /xl/_rels/workbook.xml.rels
12:27:05.132 [main] DEBUG org.apache.poi.openxml4j.opc.PackageRelationshipCollection - Parsing relationship: /_rels/.rels
12:27:05.147 [main] DEBUG org.apache.poi.openxml4j.opc.PackageRelationshipCollection - Parsing relationship: /xl/_rels/workbook.xml.rels
12:27:05.147 [main] DEBUG org.apache.poi.openxml4j.opc.PackageRelationshipCollection - Parsing relationship: /_rels/.rels
12:27:05.163 [main] DEBUG org.apache.poi.openxml4j.opc.PackageRelationshipCollection - Parsing relationship: /xl/_rels/workbook.xml.rels
12:27:05.163 [main] DEBUG org.apache.poi.openxml4j.opc.PackageRelationshipCollection - Parsing relationship: /_rels/.rels
12:27:05.178 [main] INFO  testCases.TC003_LoginDDT - ***** Starting LoginDDT *****
12:27:05.260 [main] INFO  testCases.TC003_LoginDDT - Clicked on My Account link
12:27:05.573 [main] INFO  testCases.TC003_LoginDDT - Clicked on Login link
12:27:05.668 [main] INFO  testCases.TC003_LoginDDT - Provided email
12:27:05.729 [main] INFO  testCases.TC003_LoginDDT - Provided password
12:27:05.797 [main] INFO  testCases.TC003_LoginDDT - Clicked on Login button
12:27:20.849 [main] ERROR testCases.TC003_LoginDDT - Login DDT failed
12:27:21.004 [main] INFO  testCases.TC003_LoginDDT - ***** Starting LoginDDT *****
12:27:21.070 [main] INFO  testCases.TC003_LoginDDT - Clicked on My Account link
12:27:21.340 [main] INFO  testCases.TC003_LoginDDT - Clicked on Login link
12:27:21.425 [main] INFO  testCases.TC003_LoginDDT - Provided email
12:27:21.489 [main] INFO  testCases.TC003_LoginDDT - Provided password
12:27:21.560 [main] INFO  testCases.TC003_LoginDDT - Clicked on Login button
12:27:22.303 [main] INFO  testCases.TC003_LoginDDT - Login DDT passed
12:27:22.722 [main] INFO  testCases.TC003_LoginDDT - *********** Finished TC003_LoginDDT ***********
12:27:22.729 [main] INFO  testCases.TC003_LoginDDT - ***** Starting LoginDDT *****
12:27:22.819 [main] INFO  testCases.TC003_LoginDDT - Clicked on My Account link
12:27:23.094 [main] INFO  testCases.TC003_LoginDDT - Clicked on Login link
12:27:23.186 [main] INFO  testCases.TC003_LoginDDT - Provided email
12:27:23.244 [main] INFO  testCases.TC003_LoginDDT - Provided password
12:27:24.095 [main] INFO  testCases.TC003_LoginDDT - Clicked on Login button
12:27:24.113 [main] INFO  testCases.TC003_LoginDDT - Login DDT passed
12:27:24.535 [main] INFO  testCases.TC003_LoginDDT - *********** Finished TC003_LoginDDT ***********
12:27:24.538 [main] INFO  testCases.TC003_LoginDDT - ***** Starting LoginDDT *****
12:27:24.616 [main] INFO  testCases.TC003_LoginDDT - Clicked on My Account link
12:27:24.917 [main] INFO  testCases.TC003_LoginDDT - Clicked on Login link
12:27:25.006 [main] INFO  testCases.TC003_LoginDDT - Provided email
12:27:25.066 [main] INFO  testCases.TC003_LoginDDT - Provided password
12:27:25.133 [main] INFO  testCases.TC003_LoginDDT - Clicked on Login button
12:27:25.931 [main] INFO  testCases.TC003_LoginDDT - Login DDT passed
12:27:26.320 [main] INFO  testCases.TC003_LoginDDT - *********** Finished TC003_LoginDDT ***********
12:27:26.324 [main] INFO  testCases.TC003_LoginDDT - ***** Starting LoginDDT *****
12:27:26.396 [main] INFO  testCases.TC003_LoginDDT - Clicked on My Account link
12:27:26.656 [main] INFO  testCases.TC003_LoginDDT - Clicked on Login link
12:27:26.756 [main] INFO  testCases.TC003_LoginDDT - Provided email
12:27:26.828 [main] INFO  testCases.TC003_LoginDDT - Provided password
12:27:26.901 [main] INFO  testCases.TC003_LoginDDT - Clicked on Login button
12:27:27.660 [main] INFO  testCases.TC003_LoginDDT - Login DDT passed
12:27:28.066 [main] INFO  testCases.TC003_LoginDDT - *********** Finished TC003_LoginDDT ***********
12:27:28.071 [main] INFO  testCases.TC003_LoginDDT - ***** Starting LoginDDT *****
12:27:28.148 [main] INFO  testCases.TC003_LoginDDT - Clicked on My Account link
12:27:28.438 [main] INFO  testCases.TC003_LoginDDT - Clicked on Login link
12:27:28.528 [main] INFO  testCases.TC003_LoginDDT - Provided email
12:27:28.589 [main] INFO  testCases.TC003_LoginDDT - Provided password
12:27:28.654 [main] INFO  testCases.TC003_LoginDDT - Clicked on Login button
12:27:43.674 [main] ERROR testCases.TC003_LoginDDT - Login DDT failed
