12:23:39.624 [main] DEBUG org.testng.TestNG - suiteXmlPath: "C:\Users\Nawaz\eclipse-workspace\opencart1-1\cbtesting.xml"
12:23:39.908 [main] INFO  org.testng.internal.Utils - [TestNG] Running:
  C:\Users\Nawaz\eclipse-workspace\opencart1-1\cbtesting.xml

12:23:43.520 [TestNG-tests-3] INFO  testCases.TC001_AccountRegistration - **Starting TC001_AccountRegistration**
12:23:43.785 [TestNG-tests-2] INFO  testCases.TC001_AccountRegistration - **Starting TC001_AccountRegistration**
12:23:43.944 [TestNG-tests-3] INFO  testCases.TC001_AccountRegistration - Clicked on My Account link
12:23:44.080 [TestNG-tests-2] INFO  testCases.TC001_AccountRegistration - Clicked on My Account link
12:23:46.885 [TestNG-tests-1] INFO  testCases.TC001_AccountRegistration - **Starting TC001_AccountRegistration**
12:23:47.084 [TestNG-tests-1] INFO  testCases.TC001_AccountRegistration - Clicked on My Account link
12:23:47.532 [TestNG-tests-1] INFO  testCases.TC001_AccountRegistration - Clicked on Register link
12:23:47.548 [TestNG-tests-1] INFO  testCases.TC001_AccountRegistration - Providing customer data
12:23:47.960 [TestNG-tests-1] INFO  testCases.TC001_AccountRegistration - Clicked on Continue button
12:23:48.790 [TestNG-tests-1] INFO  testCases.TC001_AccountRegistration - Validating account registration
12:23:48.790 [TestNG-tests-1] INFO  testCases.TC001_AccountRegistration - Account registration successful
12:23:48.794 [TestNG-tests-1] INFO  testCases.TC001_AccountRegistration - **Finished TC001_AccountRegistration**
12:23:59.118 [TestNG-tests-3] FATAL testCases.TC001_AccountRegistration - Account registration test failed due to exception: element not interactable
  (Session info: MicrosoftEdge=142.0.3595.53)
Build info: version: '4.38.0', revision: '6b412e825c*'
System info: os.name: 'Windows 11', os.arch: 'amd64', os.version: '10.0', java.version: '21.0.8'
Driver info: org.openqa.selenium.edge.EdgeDriver
Command: [8108992a693741144f975c7ae8d79a71, clickElement {id=f.4D4D50D989A92D4626D1B8CA7FCD19F3.d.3B1D8051D74B685C94403EC685859C41.e.10}]
Capabilities {acceptInsecureCerts: false, browserName: MicrosoftEdge, browserVersion: 142.0.3595.53, fedcm:accounts: true, ms:edgeOptions: {debuggerAddress: localhost:53531}, msedge: {msedgedriverVersion: 141.0.3537.71 (e9128b790533..., userDataDir: C:\Users\Nawaz\AppData\Loca...}, networkConnectionEnabled: false, pageLoadStrategy: normal, platformName: windows, proxy: Proxy(), se:cdp: ws://localhost:53531/devtoo..., se:cdpVersion: 142.0.3595.53, setWindowRect: true, strictFileInteractability: false, timeouts: {implicit: 0, pageLoad: 300000, script: 30000}, unhandledPromptBehavior: dismiss and notify, webauthn:extension:credBlob: true, webauthn:extension:largeBlob: true, webauthn:extension:minPinLength: true, webauthn:extension:prf: true, webauthn:virtualAuthenticators: true}
Element: [[EdgeDriver: MicrosoftEdge on windows (8108992a693741144f975c7ae8d79a71)] -> xpath: //a[normalize-space()='Register']]
Session ID: 8108992a693741144f975c7ae8d79a71
12:24:14.162 [TestNG-tests-2] FATAL testCases.TC001_AccountRegistration - Account registration test failed due to exception: element not interactable
  (Session info: MicrosoftEdge=142.0.3595.53)
Build info: version: '4.38.0', revision: '6b412e825c*'
System info: os.name: 'Windows 11', os.arch: 'amd64', os.version: '10.0', java.version: '21.0.8'
Driver info: org.openqa.selenium.edge.EdgeDriver
Command: [8108992a693741144f975c7ae8d79a71, clickElement {id=f.4D4D50D989A92D4626D1B8CA7FCD19F3.d.3B1D8051D74B685C94403EC685859C41.e.10}]
Capabilities {acceptInsecureCerts: false, browserName: MicrosoftEdge, browserVersion: 142.0.3595.53, fedcm:accounts: true, ms:edgeOptions: {debuggerAddress: localhost:53531}, msedge: {msedgedriverVersion: 141.0.3537.71 (e9128b790533..., userDataDir: C:\Users\Nawaz\AppData\Loca...}, networkConnectionEnabled: false, pageLoadStrategy: normal, platformName: windows, proxy: Proxy(), se:cdp: ws://localhost:53531/devtoo..., se:cdpVersion: 142.0.3595.53, setWindowRect: true, strictFileInteractability: false, timeouts: {implicit: 0, pageLoad: 300000, script: 30000}, unhandledPromptBehavior: dismiss and notify, webauthn:extension:credBlob: true, webauthn:extension:largeBlob: true, webauthn:extension:minPinLength: true, webauthn:extension:prf: true, webauthn:virtualAuthenticators: true}
Element: [[EdgeDriver: MicrosoftEdge on windows (8108992a693741144f975c7ae8d79a71)] -> xpath: //a[normalize-space()='Register']]
Session ID: 8108992a693741144f975c7ae8d79a71
