11:16:24.211 [main] DEBUG org.testng.TestNG - suiteXmlPath: "C:\Users\Nawaz\eclipse-workspace\opencart1-1\master.xml"
11:16:24.487 [main] INFO  org.testng.internal.Utils - [TestNG] Running:
  C:\Users\Nawaz\eclipse-workspace\opencart1-1\master.xml

11:16:30.518 [main] INFO  testCases.TC001_AccountRegistration - **Starting TC001_AccountRegistration**
11:16:30.891 [main] INFO  testCases.TC001_AccountRegistration - Clicked on My Account link
11:16:31.351 [main] INFO  testCases.TC001_AccountRegistration - Clicked on Register link
11:16:31.356 [main] INFO  testCases.TC001_AccountRegistration - Providing customer data
11:16:32.675 [main] INFO  testCases.TC001_AccountRegistration - Clicked on Continue button
11:16:32.716 [main] INFO  testCases.TC001_AccountRegistration - Validating account registration
11:16:32.716 [main] INFO  testCases.TC001_AccountRegistration - Account registration successful
11:16:32.718 [main] INFO  testCases.TC001_AccountRegistration - **Finished TC001_AccountRegistration**
11:16:34.693 [main] INFO  testCases.TC002_Login_Test - ***** Starting TC002_Login_Test *****
11:16:35.040 [main] INFO  testCases.TC002_Login_Test - Clicked on My Account link
11:16:35.341 [main] INFO  testCases.TC002_Login_Test - Clicked on Login link
11:16:35.432 [main] INFO  testCases.TC002_Login_Test - Provided email
11:16:35.507 [main] INFO  testCases.TC002_Login_Test - Provided password
11:16:36.261 [main] INFO  testCases.TC002_Login_Test - Clicked on Login button
11:16:36.294 [main] INFO  testCases.TC002_Login_Test - Login test passed
11:16:36.294 [main] INFO  testCases.TC002_Login_Test - ***** Finished TC002_Login_Test *****
11:16:38.449 [main] DEBUG org.apache.poi.openxml4j.opc.PackageRelationshipCollection - Parsing relationship: /xl/_rels/workbook.xml.rels
11:16:38.449 [main] DEBUG org.apache.poi.openxml4j.opc.PackageRelationshipCollection - Parsing relationship: /_rels/.rels
11:16:39.211 [main] DEBUG org.apache.poi.openxml4j.opc.PackageRelationshipCollection - Parsing relationship: /xl/_rels/workbook.xml.rels
11:16:39.211 [main] DEBUG org.apache.poi.openxml4j.opc.PackageRelationshipCollection - Parsing relationship: /_rels/.rels
11:16:39.238 [main] DEBUG org.apache.poi.openxml4j.opc.PackageRelationshipCollection - Parsing relationship: /xl/_rels/workbook.xml.rels
11:16:39.238 [main] DEBUG org.apache.poi.openxml4j.opc.PackageRelationshipCollection - Parsing relationship: /_rels/.rels
11:16:39.270 [main] DEBUG org.apache.poi.openxml4j.opc.PackageRelationshipCollection - Parsing relationship: /xl/_rels/workbook.xml.rels
11:16:39.270 [main] DEBUG org.apache.poi.openxml4j.opc.PackageRelationshipCollection - Parsing relationship: /_rels/.rels
11:16:39.293 [main] DEBUG org.apache.poi.openxml4j.opc.PackageRelationshipCollection - Parsing relationship: /xl/_rels/workbook.xml.rels
11:16:39.293 [main] DEBUG org.apache.poi.openxml4j.opc.PackageRelationshipCollection - Parsing relationship: /_rels/.rels
11:16:39.314 [main] DEBUG org.apache.poi.openxml4j.opc.PackageRelationshipCollection - Parsing relationship: /xl/_rels/workbook.xml.rels
11:16:39.318 [main] DEBUG org.apache.poi.openxml4j.opc.PackageRelationshipCollection - Parsing relationship: /_rels/.rels
11:16:39.335 [main] DEBUG org.apache.poi.openxml4j.opc.PackageRelationshipCollection - Parsing relationship: /xl/_rels/workbook.xml.rels
11:16:39.335 [main] DEBUG org.apache.poi.openxml4j.opc.PackageRelationshipCollection - Parsing relationship: /_rels/.rels
11:16:39.350 [main] DEBUG org.apache.poi.openxml4j.opc.PackageRelationshipCollection - Parsing relationship: /xl/_rels/workbook.xml.rels
11:16:39.350 [main] DEBUG org.apache.poi.openxml4j.opc.PackageRelationshipCollection - Parsing relationship: /_rels/.rels
11:16:39.366 [main] DEBUG org.apache.poi.openxml4j.opc.PackageRelationshipCollection - Parsing relationship: /xl/_rels/workbook.xml.rels
11:16:39.366 [main] DEBUG org.apache.poi.openxml4j.opc.PackageRelationshipCollection - Parsing relationship: /_rels/.rels
11:16:39.387 [main] DEBUG org.apache.poi.openxml4j.opc.PackageRelationshipCollection - Parsing relationship: /xl/_rels/workbook.xml.rels
11:16:39.387 [main] DEBUG org.apache.poi.openxml4j.opc.PackageRelationshipCollection - Parsing relationship: /_rels/.rels
11:16:39.408 [main] DEBUG org.apache.poi.openxml4j.opc.PackageRelationshipCollection - Parsing relationship: /xl/_rels/workbook.xml.rels
11:16:39.408 [main] DEBUG org.apache.poi.openxml4j.opc.PackageRelationshipCollection - Parsing relationship: /_rels/.rels
11:16:39.418 [main] DEBUG org.apache.poi.openxml4j.opc.PackageRelationshipCollection - Parsing relationship: /xl/_rels/workbook.xml.rels
11:16:39.418 [main] DEBUG org.apache.poi.openxml4j.opc.PackageRelationshipCollection - Parsing relationship: /_rels/.rels
11:16:39.445 [main] DEBUG org.apache.poi.openxml4j.opc.PackageRelationshipCollection - Parsing relationship: /xl/_rels/workbook.xml.rels
11:16:39.445 [main] DEBUG org.apache.poi.openxml4j.opc.PackageRelationshipCollection - Parsing relationship: /_rels/.rels
11:16:39.460 [main] DEBUG org.apache.poi.openxml4j.opc.PackageRelationshipCollection - Parsing relationship: /xl/_rels/workbook.xml.rels
11:16:39.460 [main] DEBUG org.apache.poi.openxml4j.opc.PackageRelationshipCollection - Parsing relationship: /_rels/.rels
11:16:39.476 [main] DEBUG org.apache.poi.openxml4j.opc.PackageRelationshipCollection - Parsing relationship: /xl/_rels/workbook.xml.rels
11:16:39.480 [main] DEBUG org.apache.poi.openxml4j.opc.PackageRelationshipCollection - Parsing relationship: /_rels/.rels
11:16:39.492 [main] DEBUG org.apache.poi.openxml4j.opc.PackageRelationshipCollection - Parsing relationship: /xl/_rels/workbook.xml.rels
11:16:39.492 [main] DEBUG org.apache.poi.openxml4j.opc.PackageRelationshipCollection - Parsing relationship: /_rels/.rels
11:16:39.509 [main] DEBUG org.apache.poi.openxml4j.opc.PackageRelationshipCollection - Parsing relationship: /xl/_rels/workbook.xml.rels
11:16:39.509 [main] DEBUG org.apache.poi.openxml4j.opc.PackageRelationshipCollection - Parsing relationship: /_rels/.rels
11:16:39.522 [main] DEBUG org.apache.poi.openxml4j.opc.PackageRelationshipCollection - Parsing relationship: /xl/_rels/workbook.xml.rels
11:16:39.524 [main] DEBUG org.apache.poi.openxml4j.opc.PackageRelationshipCollection - Parsing relationship: /_rels/.rels
11:16:39.532 [main] DEBUG org.apache.poi.openxml4j.opc.PackageRelationshipCollection - Parsing relationship: /xl/_rels/workbook.xml.rels
11:16:39.532 [main] DEBUG org.apache.poi.openxml4j.opc.PackageRelationshipCollection - Parsing relationship: /_rels/.rels
11:16:39.553 [main] DEBUG org.apache.poi.openxml4j.opc.PackageRelationshipCollection - Parsing relationship: /xl/_rels/workbook.xml.rels
11:16:39.553 [main] DEBUG org.apache.poi.openxml4j.opc.PackageRelationshipCollection - Parsing relationship: /_rels/.rels
11:16:39.563 [main] INFO  testCases.TC003_LoginDDT - ***** Starting LoginDDT *****
11:16:39.647 [main] INFO  testCases.TC003_LoginDDT - Clicked on My Account link
11:16:39.971 [main] INFO  testCases.TC003_LoginDDT - Clicked on Login link
11:16:40.061 [main] INFO  testCases.TC003_LoginDDT - Provided email
11:16:40.128 [main] INFO  testCases.TC003_LoginDDT - Provided password
11:16:40.196 [main] INFO  testCases.TC003_LoginDDT - Clicked on Login button
11:16:55.915 [main] ERROR testCases.TC003_LoginDDT - Login DDT failed
11:16:56.091 [main] INFO  testCases.TC003_LoginDDT - ***** Starting LoginDDT *****
11:16:56.167 [main] INFO  testCases.TC003_LoginDDT - Clicked on My Account link
11:16:56.531 [main] INFO  testCases.TC003_LoginDDT - Clicked on Login link
11:16:56.624 [main] INFO  testCases.TC003_LoginDDT - Provided email
11:16:56.693 [main] INFO  testCases.TC003_LoginDDT - Provided password
11:16:56.761 [main] INFO  testCases.TC003_LoginDDT - Clicked on Login button
11:16:57.485 [main] INFO  testCases.TC003_LoginDDT - Login DDT passed
11:16:57.882 [main] INFO  testCases.TC003_LoginDDT - *********** Finished TC003_LoginDDT ***********
11:16:57.885 [main] INFO  testCases.TC003_LoginDDT - ***** Starting LoginDDT *****
11:16:57.960 [main] INFO  testCases.TC003_LoginDDT - Clicked on My Account link
11:16:58.212 [main] INFO  testCases.TC003_LoginDDT - Clicked on Login link
11:16:58.314 [main] INFO  testCases.TC003_LoginDDT - Provided email
11:16:58.373 [main] INFO  testCases.TC003_LoginDDT - Provided password
11:16:58.432 [main] INFO  testCases.TC003_LoginDDT - Clicked on Login button
11:16:59.233 [main] INFO  testCases.TC003_LoginDDT - Login DDT passed
11:16:59.603 [main] INFO  testCases.TC003_LoginDDT - *********** Finished TC003_LoginDDT ***********
11:16:59.607 [main] INFO  testCases.TC003_LoginDDT - ***** Starting LoginDDT *****
11:16:59.674 [main] INFO  testCases.TC003_LoginDDT - Clicked on My Account link
11:16:59.921 [main] INFO  testCases.TC003_LoginDDT - Clicked on Login link
11:17:00.010 [main] INFO  testCases.TC003_LoginDDT - Provided email
11:17:00.074 [main] INFO  testCases.TC003_LoginDDT - Provided password
11:17:00.126 [main] INFO  testCases.TC003_LoginDDT - Clicked on Login button
11:17:01.011 [main] INFO  testCases.TC003_LoginDDT - Login DDT passed
11:17:01.374 [main] INFO  testCases.TC003_LoginDDT - *********** Finished TC003_LoginDDT ***********
11:17:01.378 [main] INFO  testCases.TC003_LoginDDT - ***** Starting LoginDDT *****
11:17:01.446 [main] INFO  testCases.TC003_LoginDDT - Clicked on My Account link
11:17:01.714 [main] INFO  testCases.TC003_LoginDDT - Clicked on Login link
11:17:01.797 [main] INFO  testCases.TC003_LoginDDT - Provided email
11:17:01.855 [main] INFO  testCases.TC003_LoginDDT - Provided password
11:17:01.912 [main] INFO  testCases.TC003_LoginDDT - Clicked on Login button
11:17:03.307 [main] INFO  testCases.TC003_LoginDDT - Login DDT passed
11:17:03.726 [main] INFO  testCases.TC003_LoginDDT - *********** Finished TC003_LoginDDT ***********
11:17:03.730 [main] INFO  testCases.TC003_LoginDDT - ***** Starting LoginDDT *****
11:17:03.800 [main] INFO  testCases.TC003_LoginDDT - Clicked on My Account link
11:17:04.062 [main] INFO  testCases.TC003_LoginDDT - Clicked on Login link
11:17:04.190 [main] INFO  testCases.TC003_LoginDDT - Provided email
11:17:04.259 [main] INFO  testCases.TC003_LoginDDT - Provided password
11:17:04.328 [main] INFO  testCases.TC003_LoginDDT - Clicked on Login button
11:17:19.344 [main] ERROR testCases.TC003_LoginDDT - Login DDT failed
