12:18:35.426 [main] DEBUG org.testng.TestNG - suiteXmlPath: "C:\Users\Nawaz\eclipse-workspace\opencart1-1\cbtesting.xml"
12:18:35.823 [main] INFO  org.testng.internal.Utils - [TestNG] Running:
  C:\Users\Nawaz\eclipse-workspace\opencart1-1\cbtesting.xml

12:18:47.616 [TestNG-tests-2] INFO  testCases.TC001_AccountRegistration - **Starting TC001_AccountRegistration**
12:18:47.616 [TestNG-tests-3] INFO  testCases.TC001_AccountRegistration - **Starting TC001_AccountRegistration**
12:18:47.616 [TestNG-tests-1] INFO  testCases.TC001_AccountRegistration - **Starting TC001_AccountRegistration**
12:18:47.824 [TestNG-tests-3] INFO  testCases.TC001_AccountRegistration - Clicked on My Account link
12:18:47.953 [TestNG-tests-1] INFO  testCases.TC001_AccountRegistration - Clicked on My Account link
12:18:48.016 [TestNG-tests-2] INFO  testCases.TC001_AccountRegistration - Clicked on My Account link
12:18:48.511 [TestNG-tests-1] INFO  testCases.TC001_AccountRegistration - Clicked on Register link
12:18:48.527 [TestNG-tests-1] INFO  testCases.TC001_AccountRegistration - Providing customer data
12:18:48.543 [TestNG-tests-2] FATAL testCases.TC001_AccountRegistration - Account registration test failed due to exception: The element with the reference 6778a92d-3df8-4ecd-877a-664b89d116d2 is stale; either its node document is not the active document, or it is no longer connected to the DOM
For documentation on this error, please visit: https://www.selenium.dev/documentation/webdriver/troubleshooting/errors#staleelementreferenceexception
Build info: version: '4.38.0', revision: '6b412e825c*'
System info: os.name: 'Windows 11', os.arch: 'amd64', os.version: '10.0', java.version: '21.0.8'
Driver info: org.openqa.selenium.remote.RemoteWebDriver
Command: [bdda4ba5-fa43-4ec4-8405-415e62473f3d, clickElement {id=6778a92d-3df8-4ecd-877a-664b89d116d2}]
Capabilities {acceptInsecureCerts: false, browserName: firefox, browserVersion: 144.0.2, moz:accessibilityChecks: false, moz:buildID: 20251027123126, moz:geckodriverVersion: 0.36.0, moz:headless: false, moz:platformVersion: 10.0, moz:processID: 18004, moz:profile: C:\Users\Nawaz\AppData\Loca..., moz:shutdownTimeout: 60000, moz:webdriverClick: true, moz:windowless: false, pageLoadStrategy: normal, platformName: Windows 11, proxy: Proxy(), se:bidiEnabled: false, se:cdpEnabled: false, setWindowRect: true, strictFileInteractability: false, timeouts: {implicit: 0, pageLoad: 300000, script: 30000}, unhandledPromptBehavior: dismiss and notify, userAgent: Mozilla/5.0 (Windows NT 10....}
Element: [[RemoteWebDriver: firefox on Windows 11 (bdda4ba5-fa43-4ec4-8405-415e62473f3d)] -> xpath: //a[normalize-space()='Register']]
Session ID: bdda4ba5-fa43-4ec4-8405-415e62473f3d
12:18:48.543 [TestNG-tests-3] FATAL testCases.TC001_AccountRegistration - Account registration test failed due to exception: The element with the reference 6778a92d-3df8-4ecd-877a-664b89d116d2 is stale; either its node document is not the active document, or it is no longer connected to the DOM
For documentation on this error, please visit: https://www.selenium.dev/documentation/webdriver/troubleshooting/errors#staleelementreferenceexception
Build info: version: '4.38.0', revision: '6b412e825c*'
System info: os.name: 'Windows 11', os.arch: 'amd64', os.version: '10.0', java.version: '21.0.8'
Driver info: org.openqa.selenium.remote.RemoteWebDriver
Command: [bdda4ba5-fa43-4ec4-8405-415e62473f3d, clickElement {id=6778a92d-3df8-4ecd-877a-664b89d116d2}]
Capabilities {acceptInsecureCerts: false, browserName: firefox, browserVersion: 144.0.2, moz:accessibilityChecks: false, moz:buildID: 20251027123126, moz:geckodriverVersion: 0.36.0, moz:headless: false, moz:platformVersion: 10.0, moz:processID: 18004, moz:profile: C:\Users\Nawaz\AppData\Loca..., moz:shutdownTimeout: 60000, moz:webdriverClick: true, moz:windowless: false, pageLoadStrategy: normal, platformName: Windows 11, proxy: Proxy(), se:bidiEnabled: false, se:cdpEnabled: false, setWindowRect: true, strictFileInteractability: false, timeouts: {implicit: 0, pageLoad: 300000, script: 30000}, unhandledPromptBehavior: dismiss and notify, userAgent: Mozilla/5.0 (Windows NT 10....}
Element: [[RemoteWebDriver: firefox on Windows 11 (bdda4ba5-fa43-4ec4-8405-415e62473f3d)] -> xpath: //a[normalize-space()='Register']]
Session ID: bdda4ba5-fa43-4ec4-8405-415e62473f3d
12:18:49.795 [TestNG-tests-1] FATAL testCases.TC001_AccountRegistration - Account registration test failed due to exception: Tried to run command without establishing a connection
Build info: version: '4.38.0', revision: '6b412e825c*'
System info: os.name: 'Windows 11', os.arch: 'amd64', os.version: '10.0', java.version: '21.0.8'
Driver info: org.openqa.selenium.remote.RemoteWebDriver
Command: [bdda4ba5-fa43-4ec4-8405-415e62473f3d, findElement {using=xpath, value=//input[@id='input-lastname']}]
Capabilities {acceptInsecureCerts: false, browserName: firefox, browserVersion: 144.0.2, moz:accessibilityChecks: false, moz:buildID: 20251027123126, moz:geckodriverVersion: 0.36.0, moz:headless: false, moz:platformVersion: 10.0, moz:processID: 18004, moz:profile: C:\Users\Nawaz\AppData\Loca..., moz:shutdownTimeout: 60000, moz:webdriverClick: true, moz:windowless: false, pageLoadStrategy: normal, platformName: Windows 11, proxy: Proxy(), se:bidiEnabled: false, se:cdpEnabled: false, setWindowRect: true, strictFileInteractability: false, timeouts: {implicit: 0, pageLoad: 300000, script: 30000}, unhandledPromptBehavior: dismiss and notify, userAgent: Mozilla/5.0 (Windows NT 10....}
Session ID: bdda4ba5-fa43-4ec4-8405-415e62473f3d
