15:15:56.355 [main] DEBUG org.testng.TestNG - suiteXmlPath: "C:\Users\Nawaz\eclipse-workspace\opencart1-1\master.xml"
15:15:56.761 [main] INFO  org.testng.internal.Utils - [TestNG] Running:
  C:\Users\Nawaz\eclipse-workspace\opencart1-1\master.xml

15:16:04.917 [main] DEBUG org.apache.poi.openxml4j.opc.PackageRelationshipCollection - Parsing relationship: /xl/_rels/workbook.xml.rels
15:16:04.926 [main] DEBUG org.apache.poi.openxml4j.opc.PackageRelationshipCollection - Parsing relationship: /_rels/.rels
15:16:06.035 [main] DEBUG org.apache.poi.openxml4j.opc.PackageRelationshipCollection - Parsing relationship: /xl/_rels/workbook.xml.rels
15:16:06.049 [main] DEBUG org.apache.poi.openxml4j.opc.PackageRelationshipCollection - Parsing relationship: /_rels/.rels
15:16:06.134 [main] DEBUG org.apache.poi.openxml4j.opc.PackageRelationshipCollection - Parsing relationship: /xl/_rels/workbook.xml.rels
15:16:06.134 [main] DEBUG org.apache.poi.openxml4j.opc.PackageRelationshipCollection - Parsing relationship: /_rels/.rels
15:16:06.218 [main] DEBUG org.apache.poi.openxml4j.opc.PackageRelationshipCollection - Parsing relationship: /xl/_rels/workbook.xml.rels
15:16:06.220 [main] DEBUG org.apache.poi.openxml4j.opc.PackageRelationshipCollection - Parsing relationship: /_rels/.rels
15:16:06.271 [main] DEBUG org.apache.poi.openxml4j.opc.PackageRelationshipCollection - Parsing relationship: /xl/_rels/workbook.xml.rels
15:16:06.271 [main] DEBUG org.apache.poi.openxml4j.opc.PackageRelationshipCollection - Parsing relationship: /_rels/.rels
15:16:06.337 [main] DEBUG org.apache.poi.openxml4j.opc.PackageRelationshipCollection - Parsing relationship: /xl/_rels/workbook.xml.rels
15:16:06.337 [main] DEBUG org.apache.poi.openxml4j.opc.PackageRelationshipCollection - Parsing relationship: /_rels/.rels
15:16:06.385 [main] DEBUG org.apache.poi.openxml4j.opc.PackageRelationshipCollection - Parsing relationship: /xl/_rels/workbook.xml.rels
15:16:06.385 [main] DEBUG org.apache.poi.openxml4j.opc.PackageRelationshipCollection - Parsing relationship: /_rels/.rels
15:16:06.444 [main] DEBUG org.apache.poi.openxml4j.opc.PackageRelationshipCollection - Parsing relationship: /xl/_rels/workbook.xml.rels
15:16:06.444 [main] DEBUG org.apache.poi.openxml4j.opc.PackageRelationshipCollection - Parsing relationship: /_rels/.rels
15:16:06.492 [main] DEBUG org.apache.poi.openxml4j.opc.PackageRelationshipCollection - Parsing relationship: /xl/_rels/workbook.xml.rels
15:16:06.492 [main] DEBUG org.apache.poi.openxml4j.opc.PackageRelationshipCollection - Parsing relationship: /_rels/.rels
15:16:06.546 [main] DEBUG org.apache.poi.openxml4j.opc.PackageRelationshipCollection - Parsing relationship: /xl/_rels/workbook.xml.rels
15:16:06.550 [main] DEBUG org.apache.poi.openxml4j.opc.PackageRelationshipCollection - Parsing relationship: /_rels/.rels
15:16:06.620 [main] DEBUG org.apache.poi.openxml4j.opc.PackageRelationshipCollection - Parsing relationship: /xl/_rels/workbook.xml.rels
15:16:06.623 [main] DEBUG org.apache.poi.openxml4j.opc.PackageRelationshipCollection - Parsing relationship: /_rels/.rels
15:16:06.666 [main] DEBUG org.apache.poi.openxml4j.opc.PackageRelationshipCollection - Parsing relationship: /xl/_rels/workbook.xml.rels
15:16:06.674 [main] DEBUG org.apache.poi.openxml4j.opc.PackageRelationshipCollection - Parsing relationship: /_rels/.rels
15:16:06.710 [main] DEBUG org.apache.poi.openxml4j.opc.PackageRelationshipCollection - Parsing relationship: /xl/_rels/workbook.xml.rels
15:16:06.712 [main] DEBUG org.apache.poi.openxml4j.opc.PackageRelationshipCollection - Parsing relationship: /_rels/.rels
15:16:06.749 [main] DEBUG org.apache.poi.openxml4j.opc.PackageRelationshipCollection - Parsing relationship: /xl/_rels/workbook.xml.rels
15:16:06.749 [main] DEBUG org.apache.poi.openxml4j.opc.PackageRelationshipCollection - Parsing relationship: /_rels/.rels
15:16:06.794 [main] DEBUG org.apache.poi.openxml4j.opc.PackageRelationshipCollection - Parsing relationship: /xl/_rels/workbook.xml.rels
15:16:06.796 [main] DEBUG org.apache.poi.openxml4j.opc.PackageRelationshipCollection - Parsing relationship: /_rels/.rels
15:16:06.837 [main] DEBUG org.apache.poi.openxml4j.opc.PackageRelationshipCollection - Parsing relationship: /xl/_rels/workbook.xml.rels
15:16:06.840 [main] DEBUG org.apache.poi.openxml4j.opc.PackageRelationshipCollection - Parsing relationship: /_rels/.rels
15:16:06.889 [main] DEBUG org.apache.poi.openxml4j.opc.PackageRelationshipCollection - Parsing relationship: /xl/_rels/workbook.xml.rels
15:16:06.889 [main] DEBUG org.apache.poi.openxml4j.opc.PackageRelationshipCollection - Parsing relationship: /_rels/.rels
15:16:06.932 [main] DEBUG org.apache.poi.openxml4j.opc.PackageRelationshipCollection - Parsing relationship: /xl/_rels/workbook.xml.rels
15:16:06.934 [main] DEBUG org.apache.poi.openxml4j.opc.PackageRelationshipCollection - Parsing relationship: /_rels/.rels
15:16:06.966 [main] DEBUG org.apache.poi.openxml4j.opc.PackageRelationshipCollection - Parsing relationship: /xl/_rels/workbook.xml.rels
15:16:06.966 [main] DEBUG org.apache.poi.openxml4j.opc.PackageRelationshipCollection - Parsing relationship: /_rels/.rels
15:16:07.014 [main] DEBUG org.apache.poi.openxml4j.opc.PackageRelationshipCollection - Parsing relationship: /xl/_rels/workbook.xml.rels
15:16:07.014 [main] DEBUG org.apache.poi.openxml4j.opc.PackageRelationshipCollection - Parsing relationship: /_rels/.rels
15:16:07.077 [main] INFO  testCases.TC003_LoginDDT - ***** Starting LoginDDT *****
15:16:07.237 [main] INFO  testCases.TC003_LoginDDT - Clicked on My Account link
15:16:07.893 [main] INFO  testCases.TC003_LoginDDT - Clicked on Login link
15:16:08.024 [main] INFO  testCases.TC003_LoginDDT - Provided email
15:16:08.145 [main] INFO  testCases.TC003_LoginDDT - Provided password
15:16:08.248 [main] INFO  testCases.TC003_LoginDDT - Clicked on Login button
15:16:24.113 [main] ERROR testCases.TC003_LoginDDT - Login DDT failed
15:16:24.143 [main] INFO  testCases.TC003_LoginDDT - ***** Starting LoginDDT *****
15:16:24.362 [main] INFO  testCases.TC003_LoginDDT - Clicked on My Account link
15:16:24.797 [main] INFO  testCases.TC003_LoginDDT - Clicked on Login link
15:16:25.250 [main] INFO  testCases.TC003_LoginDDT - Provided email
15:16:25.486 [main] INFO  testCases.TC003_LoginDDT - Provided password
15:16:26.453 [main] INFO  testCases.TC003_LoginDDT - Clicked on Login button
15:16:26.569 [main] INFO  testCases.TC003_LoginDDT - ***********Finished TC003_LoginDDT**************
15:16:26.581 [main] INFO  testCases.TC003_LoginDDT - ***** Starting LoginDDT *****
15:16:26.857 [main] INFO  testCases.TC003_LoginDDT - Clicked on My Account link
15:16:41.950 [main] INFO  testCases.TC003_LoginDDT - ***** Starting LoginDDT *****
15:16:42.126 [main] INFO  testCases.TC003_LoginDDT - Clicked on My Account link
15:17:01.709 [main] INFO  testCases.TC003_LoginDDT - Clicked on Login link
15:17:02.269 [main] INFO  testCases.TC003_LoginDDT - Provided email
15:17:02.537 [main] INFO  testCases.TC003_LoginDDT - Provided password
15:17:03.697 [main] INFO  testCases.TC003_LoginDDT - Clicked on Login button
15:17:03.749 [main] INFO  testCases.TC003_LoginDDT - Login DDT passed
15:17:04.494 [main] INFO  testCases.TC003_LoginDDT - ***********Finished TC003_LoginDDT**************
15:17:04.502 [main] INFO  testCases.TC003_LoginDDT - ***** Starting LoginDDT *****
15:17:04.707 [main] INFO  testCases.TC003_LoginDDT - Clicked on My Account link
15:17:05.218 [main] INFO  testCases.TC003_LoginDDT - Clicked on Login link
15:17:05.802 [main] INFO  testCases.TC003_LoginDDT - Provided email
15:17:06.000 [main] INFO  testCases.TC003_LoginDDT - Provided password
15:17:07.173 [main] INFO  testCases.TC003_LoginDDT - Clicked on Login button
15:17:07.257 [main] INFO  testCases.TC003_LoginDDT - Login DDT passed
15:17:07.897 [main] INFO  testCases.TC003_LoginDDT - ***********Finished TC003_LoginDDT**************
15:17:07.910 [main] INFO  testCases.TC003_LoginDDT - ***** Starting LoginDDT *****
15:17:08.104 [main] INFO  testCases.TC003_LoginDDT - Clicked on My Account link
15:17:08.673 [main] INFO  testCases.TC003_LoginDDT - Clicked on Login link
15:17:09.237 [main] INFO  testCases.TC003_LoginDDT - Provided email
15:17:09.405 [main] INFO  testCases.TC003_LoginDDT - Provided password
15:17:09.598 [main] INFO  testCases.TC003_LoginDDT - Clicked on Login button
15:17:24.655 [main] ERROR testCases.TC003_LoginDDT - Login DDT failed
