12:20:52.887 [main] DEBUG org.testng.TestNG - suiteXmlPath: "C:\Users\Nawaz\eclipse-workspace\opencart1-1\master.xml"
12:21:01.645 [main] INFO  testCases.TC001_AccountRegistration - **Starting TC001_AccountRegistration**
12:21:01.909 [main] INFO  testCases.TC001_AccountRegistration - Clicked on My Account link
12:21:02.517 [main] INFO  testCases.TC001_AccountRegistration - Clicked on Register link
12:21:02.520 [main] INFO  testCases.TC001_AccountRegistration - Providing customer data
12:21:04.635 [main] INFO  testCases.TC001_AccountRegistration - Clicked on Continue button
12:21:04.690 [main] INFO  testCases.TC001_AccountRegistration - Validating account registration
12:21:04.690 [main] INFO  testCases.TC001_AccountRegistration - Account registration successful
12:21:04.692 [main] INFO  testCases.TC001_AccountRegistration - **Finished TC001_AccountRegistration**
12:21:06.507 [main] INFO  testCases.TC002_Login_Test - ***** Starting TC002_Login_Test *****
12:21:06.699 [main] INFO  testCases.TC002_Login_Test - Clicked on My Account link
12:21:07.015 [main] INFO  testCases.TC002_Login_Test - Clicked on Login link
12:21:07.186 [main] INFO  testCases.TC002_Login_Test - Provided email
12:21:07.280 [main] INFO  testCases.TC002_Login_Test - Provided password
12:21:08.138 [main] INFO  testCases.TC002_Login_Test - Clicked on Login button
12:21:08.290 [main] INFO  testCases.TC002_Login_Test - Login test passed
12:21:08.290 [main] INFO  testCases.TC002_Login_Test - ***** Finished TC002_Login_Test *****
12:21:10.756 [main] DEBUG org.apache.poi.openxml4j.opc.PackageRelationshipCollection - Parsing relationship: /xl/_rels/workbook.xml.rels
12:21:10.760 [main] DEBUG org.apache.poi.openxml4j.opc.PackageRelationshipCollection - Parsing relationship: /_rels/.rels
12:21:11.204 [main] DEBUG org.apache.poi.openxml4j.opc.PackageRelationshipCollection - Parsing relationship: /xl/_rels/workbook.xml.rels
12:21:11.205 [main] DEBUG org.apache.poi.openxml4j.opc.PackageRelationshipCollection - Parsing relationship: /_rels/.rels
12:21:11.224 [main] DEBUG org.apache.poi.openxml4j.opc.PackageRelationshipCollection - Parsing relationship: /xl/_rels/workbook.xml.rels
12:21:11.225 [main] DEBUG org.apache.poi.openxml4j.opc.PackageRelationshipCollection - Parsing relationship: /_rels/.rels
12:21:11.243 [main] DEBUG org.apache.poi.openxml4j.opc.PackageRelationshipCollection - Parsing relationship: /xl/_rels/workbook.xml.rels
12:21:11.243 [main] DEBUG org.apache.poi.openxml4j.opc.PackageRelationshipCollection - Parsing relationship: /_rels/.rels
12:21:11.267 [main] DEBUG org.apache.poi.openxml4j.opc.PackageRelationshipCollection - Parsing relationship: /xl/_rels/workbook.xml.rels
12:21:11.267 [main] DEBUG org.apache.poi.openxml4j.opc.PackageRelationshipCollection - Parsing relationship: /_rels/.rels
12:21:11.283 [main] DEBUG org.apache.poi.openxml4j.opc.PackageRelationshipCollection - Parsing relationship: /xl/_rels/workbook.xml.rels
12:21:11.283 [main] DEBUG org.apache.poi.openxml4j.opc.PackageRelationshipCollection - Parsing relationship: /_rels/.rels
12:21:11.298 [main] DEBUG org.apache.poi.openxml4j.opc.PackageRelationshipCollection - Parsing relationship: /xl/_rels/workbook.xml.rels
12:21:11.299 [main] DEBUG org.apache.poi.openxml4j.opc.PackageRelationshipCollection - Parsing relationship: /_rels/.rels
12:21:11.313 [main] DEBUG org.apache.poi.openxml4j.opc.PackageRelationshipCollection - Parsing relationship: /xl/_rels/workbook.xml.rels
12:21:11.314 [main] DEBUG org.apache.poi.openxml4j.opc.PackageRelationshipCollection - Parsing relationship: /_rels/.rels
12:21:11.329 [main] DEBUG org.apache.poi.openxml4j.opc.PackageRelationshipCollection - Parsing relationship: /xl/_rels/workbook.xml.rels
12:21:11.329 [main] DEBUG org.apache.poi.openxml4j.opc.PackageRelationshipCollection - Parsing relationship: /_rels/.rels
12:21:11.342 [main] DEBUG org.apache.poi.openxml4j.opc.PackageRelationshipCollection - Parsing relationship: /xl/_rels/workbook.xml.rels
12:21:11.343 [main] DEBUG org.apache.poi.openxml4j.opc.PackageRelationshipCollection - Parsing relationship: /_rels/.rels
12:21:11.357 [main] DEBUG org.apache.poi.openxml4j.opc.PackageRelationshipCollection - Parsing relationship: /xl/_rels/workbook.xml.rels
12:21:11.358 [main] DEBUG org.apache.poi.openxml4j.opc.PackageRelationshipCollection - Parsing relationship: /_rels/.rels
12:21:11.372 [main] DEBUG org.apache.poi.openxml4j.opc.PackageRelationshipCollection - Parsing relationship: /xl/_rels/workbook.xml.rels
12:21:11.372 [main] DEBUG org.apache.poi.openxml4j.opc.PackageRelationshipCollection - Parsing relationship: /_rels/.rels
12:21:11.385 [main] DEBUG org.apache.poi.openxml4j.opc.PackageRelationshipCollection - Parsing relationship: /xl/_rels/workbook.xml.rels
12:21:11.387 [main] DEBUG org.apache.poi.openxml4j.opc.PackageRelationshipCollection - Parsing relationship: /_rels/.rels
12:21:11.407 [main] DEBUG org.apache.poi.openxml4j.opc.PackageRelationshipCollection - Parsing relationship: /xl/_rels/workbook.xml.rels
12:21:11.408 [main] DEBUG org.apache.poi.openxml4j.opc.PackageRelationshipCollection - Parsing relationship: /_rels/.rels
12:21:11.428 [main] DEBUG org.apache.poi.openxml4j.opc.PackageRelationshipCollection - Parsing relationship: /xl/_rels/workbook.xml.rels
12:21:11.429 [main] DEBUG org.apache.poi.openxml4j.opc.PackageRelationshipCollection - Parsing relationship: /_rels/.rels
12:21:11.444 [main] DEBUG org.apache.poi.openxml4j.opc.PackageRelationshipCollection - Parsing relationship: /xl/_rels/workbook.xml.rels
12:21:11.445 [main] DEBUG org.apache.poi.openxml4j.opc.PackageRelationshipCollection - Parsing relationship: /_rels/.rels
12:21:11.458 [main] DEBUG org.apache.poi.openxml4j.opc.PackageRelationshipCollection - Parsing relationship: /xl/_rels/workbook.xml.rels
12:21:11.459 [main] DEBUG org.apache.poi.openxml4j.opc.PackageRelationshipCollection - Parsing relationship: /_rels/.rels
12:21:11.473 [main] DEBUG org.apache.poi.openxml4j.opc.PackageRelationshipCollection - Parsing relationship: /xl/_rels/workbook.xml.rels
12:21:11.473 [main] DEBUG org.apache.poi.openxml4j.opc.PackageRelationshipCollection - Parsing relationship: /_rels/.rels
12:21:11.494 [main] DEBUG org.apache.poi.openxml4j.opc.PackageRelationshipCollection - Parsing relationship: /xl/_rels/workbook.xml.rels
12:21:11.495 [main] DEBUG org.apache.poi.openxml4j.opc.PackageRelationshipCollection - Parsing relationship: /_rels/.rels
12:21:11.507 [main] DEBUG org.apache.poi.openxml4j.opc.PackageRelationshipCollection - Parsing relationship: /xl/_rels/workbook.xml.rels
12:21:11.507 [main] DEBUG org.apache.poi.openxml4j.opc.PackageRelationshipCollection - Parsing relationship: /_rels/.rels
12:21:11.518 [main] INFO  testCases.TC003_LoginDDT - ***** Starting LoginDDT *****
12:21:11.597 [main] INFO  testCases.TC003_LoginDDT - Clicked on My Account link
12:21:11.893 [main] INFO  testCases.TC003_LoginDDT - Clicked on Login link
12:21:12.032 [main] INFO  testCases.TC003_LoginDDT - Provided email
12:21:12.145 [main] INFO  testCases.TC003_LoginDDT - Provided password
12:21:12.866 [main] INFO  testCases.TC003_LoginDDT - Clicked on Login button
12:21:27.940 [main] ERROR testCases.TC003_LoginDDT - Login DDT failed
12:21:28.115 [main] INFO  testCases.TC003_LoginDDT - ***** Starting LoginDDT *****
12:21:28.192 [main] INFO  testCases.TC003_LoginDDT - Clicked on My Account link
12:21:28.559 [main] INFO  testCases.TC003_LoginDDT - Clicked on Login link
12:21:28.744 [main] INFO  testCases.TC003_LoginDDT - Provided email
12:21:28.848 [main] INFO  testCases.TC003_LoginDDT - Provided password
12:21:29.701 [main] INFO  testCases.TC003_LoginDDT - Clicked on Login button
12:21:29.871 [main] INFO  testCases.TC003_LoginDDT - Login DDT passed
12:21:30.422 [main] INFO  testCases.TC003_LoginDDT - *********** Finished TC003_LoginDDT ***********
12:21:30.425 [main] INFO  testCases.TC003_LoginDDT - ***** Starting LoginDDT *****
12:21:30.524 [main] INFO  testCases.TC003_LoginDDT - Clicked on My Account link
12:21:30.857 [main] INFO  testCases.TC003_LoginDDT - Clicked on Login link
12:21:31.089 [main] INFO  testCases.TC003_LoginDDT - Provided email
12:21:31.184 [main] INFO  testCases.TC003_LoginDDT - Provided password
12:21:32.094 [main] INFO  testCases.TC003_LoginDDT - Clicked on Login button
12:21:32.142 [main] INFO  testCases.TC003_LoginDDT - Login DDT passed
12:21:32.613 [main] INFO  testCases.TC003_LoginDDT - *********** Finished TC003_LoginDDT ***********
12:21:32.614 [main] INFO  testCases.TC003_LoginDDT - ***** Starting LoginDDT *****
12:21:32.710 [main] INFO  testCases.TC003_LoginDDT - Clicked on My Account link
12:21:33.097 [main] INFO  testCases.TC003_LoginDDT - Clicked on Login link
12:21:33.262 [main] INFO  testCases.TC003_LoginDDT - Provided email
12:21:33.345 [main] INFO  testCases.TC003_LoginDDT - Provided password
12:21:34.180 [main] INFO  testCases.TC003_LoginDDT - Clicked on Login button
12:21:34.229 [main] INFO  testCases.TC003_LoginDDT - Login DDT passed
12:21:34.690 [main] INFO  testCases.TC003_LoginDDT - *********** Finished TC003_LoginDDT ***********
12:21:34.691 [main] INFO  testCases.TC003_LoginDDT - ***** Starting LoginDDT *****
12:21:34.764 [main] INFO  testCases.TC003_LoginDDT - Clicked on My Account link
12:21:35.059 [main] INFO  testCases.TC003_LoginDDT - Clicked on Login link
12:21:35.177 [main] INFO  testCases.TC003_LoginDDT - Provided email
12:21:35.274 [main] INFO  testCases.TC003_LoginDDT - Provided password
12:21:36.097 [main] INFO  testCases.TC003_LoginDDT - Clicked on Login button
12:21:36.139 [main] INFO  testCases.TC003_LoginDDT - Login DDT passed
12:21:36.570 [main] INFO  testCases.TC003_LoginDDT - *********** Finished TC003_LoginDDT ***********
12:21:36.572 [main] INFO  testCases.TC003_LoginDDT - ***** Starting LoginDDT *****
12:21:36.641 [main] INFO  testCases.TC003_LoginDDT - Clicked on My Account link
12:21:36.944 [main] INFO  testCases.TC003_LoginDDT - Clicked on Login link
12:21:37.071 [main] INFO  testCases.TC003_LoginDDT - Provided email
12:21:37.164 [main] INFO  testCases.TC003_LoginDDT - Provided password
12:21:37.974 [main] INFO  testCases.TC003_LoginDDT - Clicked on Login button
12:21:53.080 [main] ERROR testCases.TC003_LoginDDT - Login DDT failed
