14:39:22.243 [main] DEBUG org.testng.TestNG - suiteXmlPath: "C:\Users\Nawaz\eclipse-workspace\opencart1-1\master.xml"
14:39:22.661 [main] INFO  org.testng.internal.Utils - [TestNG] Running:
  C:\Users\Nawaz\eclipse-workspace\opencart1-1\master.xml

14:39:26.630 [main] DEBUG org.apache.poi.openxml4j.opc.PackageRelationshipCollection - Parsing relationship: /xl/_rels/workbook.xml.rels
14:39:26.635 [main] DEBUG org.apache.poi.openxml4j.opc.PackageRelationshipCollection - Parsing relationship: /_rels/.rels
14:39:28.010 [main] DEBUG org.apache.poi.openxml4j.opc.PackageRelationshipCollection - Parsing relationship: /xl/_rels/workbook.xml.rels
14:39:28.021 [main] DEBUG org.apache.poi.openxml4j.opc.PackageRelationshipCollection - Parsing relationship: /_rels/.rels
14:39:28.102 [main] DEBUG org.apache.poi.openxml4j.opc.PackageRelationshipCollection - Parsing relationship: /xl/_rels/workbook.xml.rels
14:39:28.104 [main] DEBUG org.apache.poi.openxml4j.opc.PackageRelationshipCollection - Parsing relationship: /_rels/.rels
14:39:28.278 [main] DEBUG org.apache.poi.openxml4j.opc.PackageRelationshipCollection - Parsing relationship: /xl/_rels/workbook.xml.rels
14:39:28.278 [main] DEBUG org.apache.poi.openxml4j.opc.PackageRelationshipCollection - Parsing relationship: /_rels/.rels
14:39:28.363 [main] DEBUG org.apache.poi.openxml4j.opc.PackageRelationshipCollection - Parsing relationship: /xl/_rels/workbook.xml.rels
14:39:28.371 [main] DEBUG org.apache.poi.openxml4j.opc.PackageRelationshipCollection - Parsing relationship: /_rels/.rels
14:39:28.442 [main] DEBUG org.apache.poi.openxml4j.opc.PackageRelationshipCollection - Parsing relationship: /xl/_rels/workbook.xml.rels
14:39:28.442 [main] DEBUG org.apache.poi.openxml4j.opc.PackageRelationshipCollection - Parsing relationship: /_rels/.rels
14:39:28.514 [main] DEBUG org.apache.poi.openxml4j.opc.PackageRelationshipCollection - Parsing relationship: /xl/_rels/workbook.xml.rels
14:39:28.514 [main] DEBUG org.apache.poi.openxml4j.opc.PackageRelationshipCollection - Parsing relationship: /_rels/.rels
14:39:28.594 [main] DEBUG org.apache.poi.openxml4j.opc.PackageRelationshipCollection - Parsing relationship: /xl/_rels/workbook.xml.rels
14:39:28.594 [main] DEBUG org.apache.poi.openxml4j.opc.PackageRelationshipCollection - Parsing relationship: /_rels/.rels
14:39:28.661 [main] DEBUG org.apache.poi.openxml4j.opc.PackageRelationshipCollection - Parsing relationship: /xl/_rels/workbook.xml.rels
14:39:28.663 [main] DEBUG org.apache.poi.openxml4j.opc.PackageRelationshipCollection - Parsing relationship: /_rels/.rels
14:39:28.722 [main] DEBUG org.apache.poi.openxml4j.opc.PackageRelationshipCollection - Parsing relationship: /xl/_rels/workbook.xml.rels
14:39:28.722 [main] DEBUG org.apache.poi.openxml4j.opc.PackageRelationshipCollection - Parsing relationship: /_rels/.rels
14:39:28.785 [main] DEBUG org.apache.poi.openxml4j.opc.PackageRelationshipCollection - Parsing relationship: /xl/_rels/workbook.xml.rels
14:39:28.785 [main] DEBUG org.apache.poi.openxml4j.opc.PackageRelationshipCollection - Parsing relationship: /_rels/.rels
14:39:28.851 [main] DEBUG org.apache.poi.openxml4j.opc.PackageRelationshipCollection - Parsing relationship: /xl/_rels/workbook.xml.rels
14:39:28.851 [main] DEBUG org.apache.poi.openxml4j.opc.PackageRelationshipCollection - Parsing relationship: /_rels/.rels
14:39:28.912 [main] DEBUG org.apache.poi.openxml4j.opc.PackageRelationshipCollection - Parsing relationship: /xl/_rels/workbook.xml.rels
14:39:28.912 [main] DEBUG org.apache.poi.openxml4j.opc.PackageRelationshipCollection - Parsing relationship: /_rels/.rels
14:39:28.979 [main] DEBUG org.apache.poi.openxml4j.opc.PackageRelationshipCollection - Parsing relationship: /xl/_rels/workbook.xml.rels
14:39:28.981 [main] DEBUG org.apache.poi.openxml4j.opc.PackageRelationshipCollection - Parsing relationship: /_rels/.rels
14:39:29.069 [main] DEBUG org.apache.poi.openxml4j.opc.PackageRelationshipCollection - Parsing relationship: /xl/_rels/workbook.xml.rels
14:39:29.091 [main] DEBUG org.apache.poi.openxml4j.opc.PackageRelationshipCollection - Parsing relationship: /_rels/.rels
14:39:29.192 [main] DEBUG org.apache.poi.openxml4j.opc.PackageRelationshipCollection - Parsing relationship: /xl/_rels/workbook.xml.rels
14:39:29.194 [main] DEBUG org.apache.poi.openxml4j.opc.PackageRelationshipCollection - Parsing relationship: /_rels/.rels
14:39:29.234 [main] DEBUG org.apache.poi.openxml4j.opc.PackageRelationshipCollection - Parsing relationship: /xl/_rels/workbook.xml.rels
14:39:29.234 [main] DEBUG org.apache.poi.openxml4j.opc.PackageRelationshipCollection - Parsing relationship: /_rels/.rels
14:39:29.285 [main] DEBUG org.apache.poi.openxml4j.opc.PackageRelationshipCollection - Parsing relationship: /xl/_rels/workbook.xml.rels
14:39:29.288 [main] DEBUG org.apache.poi.openxml4j.opc.PackageRelationshipCollection - Parsing relationship: /_rels/.rels
14:39:29.313 [main] DEBUG org.apache.poi.openxml4j.opc.PackageRelationshipCollection - Parsing relationship: /xl/_rels/workbook.xml.rels
14:39:29.320 [main] DEBUG org.apache.poi.openxml4j.opc.PackageRelationshipCollection - Parsing relationship: /_rels/.rels
14:39:29.353 [main] DEBUG org.apache.poi.openxml4j.opc.PackageRelationshipCollection - Parsing relationship: /xl/_rels/workbook.xml.rels
14:39:29.357 [main] DEBUG org.apache.poi.openxml4j.opc.PackageRelationshipCollection - Parsing relationship: /_rels/.rels
14:39:29.428 [main] INFO  testCases.TC003_LoginDDT - ***** Starting LoginDDT *****
14:39:29.653 [main] INFO  testCases.TC003_LoginDDT - Clicked on My Account link
14:39:31.955 [main] INFO  testCases.TC003_LoginDDT - Clicked on Login link
14:39:32.138 [main] INFO  testCases.TC003_LoginDDT - Provided email
14:39:32.242 [main] INFO  testCases.TC003_LoginDDT - Provided password
14:39:34.527 [main] INFO  testCases.TC003_LoginDDT - Clicked on Login button
14:39:49.580 [main] ERROR testCases.TC003_LoginDDT - Login DDT failed
14:39:49.624 [main] INFO  testCases.TC003_LoginDDT - ***** Starting LoginDDT *****
14:39:49.825 [main] INFO  testCases.TC003_LoginDDT - Clicked on My Account link
14:39:52.153 [main] INFO  testCases.TC003_LoginDDT - Clicked on Login link
14:39:52.336 [main] INFO  testCases.TC003_LoginDDT - Provided email
14:39:52.436 [main] INFO  testCases.TC003_LoginDDT - Provided password
14:39:54.867 [main] INFO  testCases.TC003_LoginDDT - Clicked on Login button
14:39:54.966 [main] ERROR testCases.TC003_LoginDDT - Login DDT failed
14:39:57.366 [main] INFO  testCases.TC003_LoginDDT - ***** Starting LoginDDT *****
14:39:57.576 [main] INFO  testCases.TC003_LoginDDT - Clicked on My Account link
14:39:59.953 [main] INFO  testCases.TC003_LoginDDT - Clicked on Login link
14:40:00.215 [main] INFO  testCases.TC003_LoginDDT - Provided email
14:40:00.443 [main] INFO  testCases.TC003_LoginDDT - Provided password
14:40:06.745 [main] INFO  testCases.TC003_LoginDDT - Clicked on Login button
14:40:06.821 [main] INFO  testCases.TC003_LoginDDT - Login DDT passed
14:40:09.248 [main] INFO  testCases.TC003_LoginDDT - ***********Finished TC003_LoginDDT**************
14:40:09.256 [main] INFO  testCases.TC003_LoginDDT - ***** Starting LoginDDT *****
14:40:09.524 [main] INFO  testCases.TC003_LoginDDT - Clicked on My Account link
14:40:11.909 [main] INFO  testCases.TC003_LoginDDT - Clicked on Login link
14:40:12.135 [main] INFO  testCases.TC003_LoginDDT - Provided email
14:40:12.341 [main] INFO  testCases.TC003_LoginDDT - Provided password
14:40:14.759 [main] INFO  testCases.TC003_LoginDDT - Clicked on Login button
14:40:14.831 [main] ERROR testCases.TC003_LoginDDT - Login DDT failed
14:40:17.236 [main] INFO  testCases.TC003_LoginDDT - ***** Starting LoginDDT *****
14:40:17.503 [main] INFO  testCases.TC003_LoginDDT - Clicked on My Account link
14:40:19.935 [main] INFO  testCases.TC003_LoginDDT - Clicked on Login link
14:40:20.173 [main] INFO  testCases.TC003_LoginDDT - Provided email
14:40:20.390 [main] INFO  testCases.TC003_LoginDDT - Provided password
14:40:22.795 [main] INFO  testCases.TC003_LoginDDT - Clicked on Login button
14:40:22.870 [main] ERROR testCases.TC003_LoginDDT - Login DDT failed
14:40:25.315 [main] INFO  testCases.TC003_LoginDDT - ***** Starting LoginDDT *****
14:40:25.485 [main] INFO  testCases.TC003_LoginDDT - Clicked on My Account link
14:40:27.803 [main] INFO  testCases.TC003_LoginDDT - Clicked on Login link
14:40:28.071 [main] INFO  testCases.TC003_LoginDDT - Provided email
14:40:28.278 [main] INFO  testCases.TC003_LoginDDT - Provided password
14:40:30.685 [main] INFO  testCases.TC003_LoginDDT - Clicked on Login button
14:40:45.746 [main] ERROR testCases.TC003_LoginDDT - Login DDT failed
