15:28:41.896 [main] DEBUG org.testng.TestNG - suiteXmlPath: "C:\Users\Nawaz\eclipse-workspace\opencart1-1\master.xml"
15:28:42.304 [main] INFO  org.testng.internal.Utils - [TestNG] Running:
  C:\Users\Nawaz\eclipse-workspace\opencart1-1\master.xml

15:28:46.095 [main] DEBUG org.apache.poi.openxml4j.opc.PackageRelationshipCollection - Parsing relationship: /xl/_rels/workbook.xml.rels
15:28:46.095 [main] DEBUG org.apache.poi.openxml4j.opc.PackageRelationshipCollection - Parsing relationship: /_rels/.rels
15:28:47.165 [main] DEBUG org.apache.poi.openxml4j.opc.PackageRelationshipCollection - Parsing relationship: /xl/_rels/workbook.xml.rels
15:28:47.213 [main] DEBUG org.apache.poi.openxml4j.opc.PackageRelationshipCollection - Parsing relationship: /_rels/.rels
15:28:47.284 [main] DEBUG org.apache.poi.openxml4j.opc.PackageRelationshipCollection - Parsing relationship: /xl/_rels/workbook.xml.rels
15:28:47.287 [main] DEBUG org.apache.poi.openxml4j.opc.PackageRelationshipCollection - Parsing relationship: /_rels/.rels
15:28:47.382 [main] DEBUG org.apache.poi.openxml4j.opc.PackageRelationshipCollection - Parsing relationship: /xl/_rels/workbook.xml.rels
15:28:47.385 [main] DEBUG org.apache.poi.openxml4j.opc.PackageRelationshipCollection - Parsing relationship: /_rels/.rels
15:28:47.433 [main] DEBUG org.apache.poi.openxml4j.opc.PackageRelationshipCollection - Parsing relationship: /xl/_rels/workbook.xml.rels
15:28:47.433 [main] DEBUG org.apache.poi.openxml4j.opc.PackageRelationshipCollection - Parsing relationship: /_rels/.rels
15:28:47.548 [main] DEBUG org.apache.poi.openxml4j.opc.PackageRelationshipCollection - Parsing relationship: /xl/_rels/workbook.xml.rels
15:28:47.552 [main] DEBUG org.apache.poi.openxml4j.opc.PackageRelationshipCollection - Parsing relationship: /_rels/.rels
15:28:47.601 [main] DEBUG org.apache.poi.openxml4j.opc.PackageRelationshipCollection - Parsing relationship: /xl/_rels/workbook.xml.rels
15:28:47.606 [main] DEBUG org.apache.poi.openxml4j.opc.PackageRelationshipCollection - Parsing relationship: /_rels/.rels
15:28:47.646 [main] DEBUG org.apache.poi.openxml4j.opc.PackageRelationshipCollection - Parsing relationship: /xl/_rels/workbook.xml.rels
15:28:47.646 [main] DEBUG org.apache.poi.openxml4j.opc.PackageRelationshipCollection - Parsing relationship: /_rels/.rels
15:28:47.667 [main] DEBUG org.apache.poi.openxml4j.opc.PackageRelationshipCollection - Parsing relationship: /xl/_rels/workbook.xml.rels
15:28:47.667 [main] DEBUG org.apache.poi.openxml4j.opc.PackageRelationshipCollection - Parsing relationship: /_rels/.rels
15:28:47.705 [main] DEBUG org.apache.poi.openxml4j.opc.PackageRelationshipCollection - Parsing relationship: /xl/_rels/workbook.xml.rels
15:28:47.705 [main] DEBUG org.apache.poi.openxml4j.opc.PackageRelationshipCollection - Parsing relationship: /_rels/.rels
15:28:47.731 [main] DEBUG org.apache.poi.openxml4j.opc.PackageRelationshipCollection - Parsing relationship: /xl/_rels/workbook.xml.rels
15:28:47.731 [main] DEBUG org.apache.poi.openxml4j.opc.PackageRelationshipCollection - Parsing relationship: /_rels/.rels
15:28:47.764 [main] DEBUG org.apache.poi.openxml4j.opc.PackageRelationshipCollection - Parsing relationship: /xl/_rels/workbook.xml.rels
15:28:47.764 [main] DEBUG org.apache.poi.openxml4j.opc.PackageRelationshipCollection - Parsing relationship: /_rels/.rels
15:28:47.805 [main] DEBUG org.apache.poi.openxml4j.opc.PackageRelationshipCollection - Parsing relationship: /xl/_rels/workbook.xml.rels
15:28:47.805 [main] DEBUG org.apache.poi.openxml4j.opc.PackageRelationshipCollection - Parsing relationship: /_rels/.rels
15:28:47.840 [main] DEBUG org.apache.poi.openxml4j.opc.PackageRelationshipCollection - Parsing relationship: /xl/_rels/workbook.xml.rels
15:28:47.842 [main] DEBUG org.apache.poi.openxml4j.opc.PackageRelationshipCollection - Parsing relationship: /_rels/.rels
15:28:47.884 [main] DEBUG org.apache.poi.openxml4j.opc.PackageRelationshipCollection - Parsing relationship: /xl/_rels/workbook.xml.rels
15:28:47.886 [main] DEBUG org.apache.poi.openxml4j.opc.PackageRelationshipCollection - Parsing relationship: /_rels/.rels
15:28:47.916 [main] DEBUG org.apache.poi.openxml4j.opc.PackageRelationshipCollection - Parsing relationship: /xl/_rels/workbook.xml.rels
15:28:47.918 [main] DEBUG org.apache.poi.openxml4j.opc.PackageRelationshipCollection - Parsing relationship: /_rels/.rels
15:28:47.946 [main] DEBUG org.apache.poi.openxml4j.opc.PackageRelationshipCollection - Parsing relationship: /xl/_rels/workbook.xml.rels
15:28:47.946 [main] DEBUG org.apache.poi.openxml4j.opc.PackageRelationshipCollection - Parsing relationship: /_rels/.rels
15:28:47.970 [main] DEBUG org.apache.poi.openxml4j.opc.PackageRelationshipCollection - Parsing relationship: /xl/_rels/workbook.xml.rels
15:28:47.970 [main] DEBUG org.apache.poi.openxml4j.opc.PackageRelationshipCollection - Parsing relationship: /_rels/.rels
15:28:47.985 [main] DEBUG org.apache.poi.openxml4j.opc.PackageRelationshipCollection - Parsing relationship: /xl/_rels/workbook.xml.rels
15:28:47.985 [main] DEBUG org.apache.poi.openxml4j.opc.PackageRelationshipCollection - Parsing relationship: /_rels/.rels
15:28:48.019 [main] DEBUG org.apache.poi.openxml4j.opc.PackageRelationshipCollection - Parsing relationship: /xl/_rels/workbook.xml.rels
15:28:48.019 [main] DEBUG org.apache.poi.openxml4j.opc.PackageRelationshipCollection - Parsing relationship: /_rels/.rels
15:28:48.065 [main] INFO  testCases.TC003_LoginDDT - ***** Starting LoginDDT *****
15:28:48.287 [main] INFO  testCases.TC003_LoginDDT - Clicked on My Account link
15:28:48.953 [main] INFO  testCases.TC003_LoginDDT - Clicked on Login link
15:28:49.289 [main] INFO  testCases.TC003_LoginDDT - Clicked on Login button
15:28:54.506 [main] ERROR testCases.TC003_LoginDDT - Login DDT failed (valid credentials did not login).
15:28:54.520 [main] INFO  testCases.TC003_LoginDDT - ***** Starting LoginDDT *****
15:28:54.723 [main] INFO  testCases.TC003_LoginDDT - Clicked on My Account link
15:28:55.140 [main] INFO  testCases.TC003_LoginDDT - Clicked on Login link
15:28:56.554 [main] INFO  testCases.TC003_LoginDDT - Clicked on Login button
15:28:56.667 [main] INFO  testCases.TC003_LoginDDT - Login DDT passed (valid credentials).
15:28:57.345 [main] INFO  testCases.TC003_LoginDDT - *********** Finished TC003_LoginDDT **************
15:28:57.360 [main] INFO  testCases.TC003_LoginDDT - ***** Starting LoginDDT *****
15:28:57.564 [main] INFO  testCases.TC003_LoginDDT - Clicked on My Account link
15:28:58.021 [main] INFO  testCases.TC003_LoginDDT - Clicked on Login link
15:28:59.853 [main] INFO  testCases.TC003_LoginDDT - Clicked on Login button
15:28:59.915 [main] INFO  testCases.TC003_LoginDDT - Login DDT passed (valid credentials).
15:29:00.770 [main] INFO  testCases.TC003_LoginDDT - *********** Finished TC003_LoginDDT **************
15:29:00.784 [main] INFO  testCases.TC003_LoginDDT - ***** Starting LoginDDT *****
15:29:00.988 [main] INFO  testCases.TC003_LoginDDT - Clicked on My Account link
15:29:01.526 [main] INFO  testCases.TC003_LoginDDT - Clicked on Login link
15:29:03.354 [main] INFO  testCases.TC003_LoginDDT - Clicked on Login button
15:29:03.424 [main] INFO  testCases.TC003_LoginDDT - Login DDT passed (valid credentials).
15:29:04.106 [main] INFO  testCases.TC003_LoginDDT - *********** Finished TC003_LoginDDT **************
15:29:04.119 [main] INFO  testCases.TC003_LoginDDT - ***** Starting LoginDDT *****
15:29:04.317 [main] INFO  testCases.TC003_LoginDDT - Clicked on My Account link
15:29:04.798 [main] INFO  testCases.TC003_LoginDDT - Clicked on Login link
15:29:06.601 [main] INFO  testCases.TC003_LoginDDT - Clicked on Login button
15:29:06.698 [main] INFO  testCases.TC003_LoginDDT - Login DDT passed (valid credentials).
15:29:07.352 [main] INFO  testCases.TC003_LoginDDT - *********** Finished TC003_LoginDDT **************
15:29:07.361 [main] INFO  testCases.TC003_LoginDDT - ***** Starting LoginDDT *****
15:29:07.609 [main] INFO  testCases.TC003_LoginDDT - Clicked on My Account link
15:29:08.061 [main] INFO  testCases.TC003_LoginDDT - Clicked on Login link
15:29:09.661 [main] INFO  testCases.TC003_LoginDDT - Clicked on Login button
15:29:15.095 [main] ERROR testCases.TC003_LoginDDT - Login DDT failed (valid credentials did not login).
