12:24:35.959 [main] DEBUG org.testng.TestNG - suiteXmlPath: "C:\Users\Nawaz\eclipse-workspace\opencart1-1\cbtesting.xml"
12:24:36.218 [main] INFO  org.testng.internal.Utils - [TestNG] Running:
  C:\Users\Nawaz\eclipse-workspace\opencart1-1\cbtesting.xml

12:24:41.466 [TestNG-tests-2] INFO  testCases.TC001_AccountRegistration - **Starting TC001_AccountRegistration**
12:24:41.466 [TestNG-tests-1] INFO  testCases.TC001_AccountRegistration - **Starting TC001_AccountRegistration**
12:24:41.567 [TestNG-tests-2] INFO  testCases.TC001_AccountRegistration - Clicked on My Account link
12:24:41.608 [TestNG-tests-1] INFO  testCases.TC001_AccountRegistration - Clicked on My Account link
12:24:56.646 [TestNG-tests-2] FATAL testCases.TC001_AccountRegistration - Account registration test failed due to exception: element not interactable
  (Session info: MicrosoftEdge=142.0.3595.53)
Build info: version: '4.38.0', revision: '6b412e825c*'
System info: os.name: 'Windows 11', os.arch: 'amd64', os.version: '10.0', java.version: '21.0.8'
Driver info: org.openqa.selenium.edge.EdgeDriver
Command: [36bcab6758d739c14980cfca7a9a831e, clickElement {id=f.6DFC0BA059CCEC7BFCF01614F64706A7.d.686E54C8FC0802E4F3694636537BB4D0.e.109}]
Capabilities {acceptInsecureCerts: false, browserName: MicrosoftEdge, browserVersion: 142.0.3595.53, fedcm:accounts: true, ms:edgeOptions: {debuggerAddress: localhost:63595}, msedge: {msedgedriverVersion: 141.0.3537.71 (e9128b790533..., userDataDir: C:\Users\Nawaz\AppData\Loca...}, networkConnectionEnabled: false, pageLoadStrategy: normal, platformName: windows, proxy: Proxy(), se:cdp: ws://localhost:63595/devtoo..., se:cdpVersion: 142.0.3595.53, setWindowRect: true, strictFileInteractability: false, timeouts: {implicit: 0, pageLoad: 300000, script: 30000}, unhandledPromptBehavior: dismiss and notify, webauthn:extension:credBlob: true, webauthn:extension:largeBlob: true, webauthn:extension:minPinLength: true, webauthn:extension:prf: true, webauthn:virtualAuthenticators: true}
Element: [[EdgeDriver: MicrosoftEdge on windows (36bcab6758d739c14980cfca7a9a831e)] -> xpath: //a[normalize-space()='Register']]
Session ID: 36bcab6758d739c14980cfca7a9a831e
12:25:11.681 [TestNG-tests-1] FATAL testCases.TC001_AccountRegistration - Account registration test failed due to exception: element not interactable
  (Session info: MicrosoftEdge=142.0.3595.53)
Build info: version: '4.38.0', revision: '6b412e825c*'
System info: os.name: 'Windows 11', os.arch: 'amd64', os.version: '10.0', java.version: '21.0.8'
Driver info: org.openqa.selenium.edge.EdgeDriver
Command: [36bcab6758d739c14980cfca7a9a831e, clickElement {id=f.6DFC0BA059CCEC7BFCF01614F64706A7.d.686E54C8FC0802E4F3694636537BB4D0.e.109}]
Capabilities {acceptInsecureCerts: false, browserName: MicrosoftEdge, browserVersion: 142.0.3595.53, fedcm:accounts: true, ms:edgeOptions: {debuggerAddress: localhost:63595}, msedge: {msedgedriverVersion: 141.0.3537.71 (e9128b790533..., userDataDir: C:\Users\Nawaz\AppData\Loca...}, networkConnectionEnabled: false, pageLoadStrategy: normal, platformName: windows, proxy: Proxy(), se:cdp: ws://localhost:63595/devtoo..., se:cdpVersion: 142.0.3595.53, setWindowRect: true, strictFileInteractability: false, timeouts: {implicit: 0, pageLoad: 300000, script: 30000}, unhandledPromptBehavior: dismiss and notify, webauthn:extension:credBlob: true, webauthn:extension:largeBlob: true, webauthn:extension:minPinLength: true, webauthn:extension:prf: true, webauthn:virtualAuthenticators: true}
Element: [[EdgeDriver: MicrosoftEdge on windows (36bcab6758d739c14980cfca7a9a831e)] -> xpath: //a[normalize-space()='Register']]
Session ID: 36bcab6758d739c14980cfca7a9a831e
