11:57:13.164 [main] DEBUG org.testng.TestNG - suiteXmlPath: "C:\Users\Nawaz\eclipse-workspace\opencart1-1\master.xml"
11:57:13.431 [main] INFO  org.testng.internal.Utils - [TestNG] Running:
  C:\Users\Nawaz\eclipse-workspace\opencart1-1\master.xml

11:57:16.393 [main] INFO  testCases.TC001_AccountRegistation - **Starting TC001_AccountRegistration**
11:57:16.774 [main] INFO  testCases.TC001_AccountRegistation - Clicked on My Account link
11:57:17.233 [main] INFO  testCases.TC001_AccountRegistation - Clicked on Register link
11:57:17.235 [main] INFO  testCases.TC001_AccountRegistation - Providing customer data
11:57:19.020 [main] INFO  testCases.TC001_AccountRegistation - Clicked on Continue button
11:57:19.058 [main] INFO  testCases.TC001_AccountRegistation - Validating account registration
11:57:19.058 [main] INFO  testCases.TC001_AccountRegistation - Account registration successful
11:57:19.060 [main] INFO  testCases.TC001_AccountRegistation - **Finished TC001_AccountRegistration**
11:57:21.173 [main] INFO  testCases.TC002_Login_Test - ***** Starting TC002_Login_Test *****
11:57:21.278 [main] INFO  testCases.TC002_Login_Test - Clicked on My Account link
11:57:21.523 [main] INFO  testCases.TC002_Login_Test - Clicked on Login link
11:57:21.642 [main] INFO  testCases.TC002_Login_Test - Provided email
11:57:21.722 [main] INFO  testCases.TC002_Login_Test - Provided password
11:57:21.800 [main] INFO  testCases.TC002_Login_Test - Clicked on Login button
11:57:22.542 [main] INFO  testCases.TC002_Login_Test - Login test passed
11:57:22.582 [main] INFO  testCases.TC002_Login_Test - ***** Finished TC002_Login_Test *****
11:57:24.889 [main] DEBUG org.apache.poi.openxml4j.opc.PackageRelationshipCollection - Parsing relationship: /xl/_rels/workbook.xml.rels
11:57:24.889 [main] DEBUG org.apache.poi.openxml4j.opc.PackageRelationshipCollection - Parsing relationship: /_rels/.rels
11:57:25.337 [main] DEBUG org.apache.poi.openxml4j.opc.PackageRelationshipCollection - Parsing relationship: /xl/_rels/workbook.xml.rels
11:57:25.337 [main] DEBUG org.apache.poi.openxml4j.opc.PackageRelationshipCollection - Parsing relationship: /_rels/.rels
11:57:25.369 [main] DEBUG org.apache.poi.openxml4j.opc.PackageRelationshipCollection - Parsing relationship: /xl/_rels/workbook.xml.rels
11:57:25.369 [main] DEBUG org.apache.poi.openxml4j.opc.PackageRelationshipCollection - Parsing relationship: /_rels/.rels
11:57:25.400 [main] DEBUG org.apache.poi.openxml4j.opc.PackageRelationshipCollection - Parsing relationship: /xl/_rels/workbook.xml.rels
11:57:25.400 [main] DEBUG org.apache.poi.openxml4j.opc.PackageRelationshipCollection - Parsing relationship: /_rels/.rels
11:57:25.416 [main] DEBUG org.apache.poi.openxml4j.opc.PackageRelationshipCollection - Parsing relationship: /xl/_rels/workbook.xml.rels
11:57:25.416 [main] DEBUG org.apache.poi.openxml4j.opc.PackageRelationshipCollection - Parsing relationship: /_rels/.rels
11:57:25.447 [main] DEBUG org.apache.poi.openxml4j.opc.PackageRelationshipCollection - Parsing relationship: /xl/_rels/workbook.xml.rels
11:57:25.447 [main] DEBUG org.apache.poi.openxml4j.opc.PackageRelationshipCollection - Parsing relationship: /_rels/.rels
11:57:25.465 [main] DEBUG org.apache.poi.openxml4j.opc.PackageRelationshipCollection - Parsing relationship: /xl/_rels/workbook.xml.rels
11:57:25.465 [main] DEBUG org.apache.poi.openxml4j.opc.PackageRelationshipCollection - Parsing relationship: /_rels/.rels
11:57:25.479 [main] DEBUG org.apache.poi.openxml4j.opc.PackageRelationshipCollection - Parsing relationship: /xl/_rels/workbook.xml.rels
11:57:25.479 [main] DEBUG org.apache.poi.openxml4j.opc.PackageRelationshipCollection - Parsing relationship: /_rels/.rels
11:57:25.494 [main] DEBUG org.apache.poi.openxml4j.opc.PackageRelationshipCollection - Parsing relationship: /xl/_rels/workbook.xml.rels
11:57:25.494 [main] DEBUG org.apache.poi.openxml4j.opc.PackageRelationshipCollection - Parsing relationship: /_rels/.rels
11:57:25.512 [main] DEBUG org.apache.poi.openxml4j.opc.PackageRelationshipCollection - Parsing relationship: /xl/_rels/workbook.xml.rels
11:57:25.512 [main] DEBUG org.apache.poi.openxml4j.opc.PackageRelationshipCollection - Parsing relationship: /_rels/.rels
11:57:25.526 [main] DEBUG org.apache.poi.openxml4j.opc.PackageRelationshipCollection - Parsing relationship: /xl/_rels/workbook.xml.rels
11:57:25.526 [main] DEBUG org.apache.poi.openxml4j.opc.PackageRelationshipCollection - Parsing relationship: /_rels/.rels
11:57:25.542 [main] DEBUG org.apache.poi.openxml4j.opc.PackageRelationshipCollection - Parsing relationship: /xl/_rels/workbook.xml.rels
11:57:25.542 [main] DEBUG org.apache.poi.openxml4j.opc.PackageRelationshipCollection - Parsing relationship: /_rels/.rels
11:57:25.570 [main] DEBUG org.apache.poi.openxml4j.opc.PackageRelationshipCollection - Parsing relationship: /xl/_rels/workbook.xml.rels
11:57:25.572 [main] DEBUG org.apache.poi.openxml4j.opc.PackageRelationshipCollection - Parsing relationship: /_rels/.rels
11:57:25.588 [main] DEBUG org.apache.poi.openxml4j.opc.PackageRelationshipCollection - Parsing relationship: /xl/_rels/workbook.xml.rels
11:57:25.588 [main] DEBUG org.apache.poi.openxml4j.opc.PackageRelationshipCollection - Parsing relationship: /_rels/.rels
11:57:25.604 [main] DEBUG org.apache.poi.openxml4j.opc.PackageRelationshipCollection - Parsing relationship: /xl/_rels/workbook.xml.rels
11:57:25.604 [main] DEBUG org.apache.poi.openxml4j.opc.PackageRelationshipCollection - Parsing relationship: /_rels/.rels
11:57:25.620 [main] DEBUG org.apache.poi.openxml4j.opc.PackageRelationshipCollection - Parsing relationship: /xl/_rels/workbook.xml.rels
11:57:25.620 [main] DEBUG org.apache.poi.openxml4j.opc.PackageRelationshipCollection - Parsing relationship: /_rels/.rels
11:57:25.635 [main] DEBUG org.apache.poi.openxml4j.opc.PackageRelationshipCollection - Parsing relationship: /xl/_rels/workbook.xml.rels
11:57:25.635 [main] DEBUG org.apache.poi.openxml4j.opc.PackageRelationshipCollection - Parsing relationship: /_rels/.rels
11:57:25.651 [main] DEBUG org.apache.poi.openxml4j.opc.PackageRelationshipCollection - Parsing relationship: /xl/_rels/workbook.xml.rels
11:57:25.651 [main] DEBUG org.apache.poi.openxml4j.opc.PackageRelationshipCollection - Parsing relationship: /_rels/.rels
11:57:25.667 [main] DEBUG org.apache.poi.openxml4j.opc.PackageRelationshipCollection - Parsing relationship: /xl/_rels/workbook.xml.rels
11:57:25.667 [main] DEBUG org.apache.poi.openxml4j.opc.PackageRelationshipCollection - Parsing relationship: /_rels/.rels
11:57:25.683 [main] DEBUG org.apache.poi.openxml4j.opc.PackageRelationshipCollection - Parsing relationship: /xl/_rels/workbook.xml.rels
11:57:25.683 [main] DEBUG org.apache.poi.openxml4j.opc.PackageRelationshipCollection - Parsing relationship: /_rels/.rels
11:57:25.699 [main] INFO  testCases.TC003_LoginDDT - ***** Starting LoginDDT *****
11:57:25.781 [main] INFO  testCases.TC003_LoginDDT - Clicked on My Account link
11:57:26.055 [main] INFO  testCases.TC003_LoginDDT - Clicked on Login link
11:57:26.160 [main] INFO  testCases.TC003_LoginDDT - Provided email
11:57:26.224 [main] INFO  testCases.TC003_LoginDDT - Provided password
11:57:26.305 [main] INFO  testCases.TC003_LoginDDT - Clicked on Login button
11:57:41.339 [main] ERROR testCases.TC003_LoginDDT - Login DDT failed
11:57:41.489 [main] INFO  testCases.TC003_LoginDDT - ***** Starting LoginDDT *****
11:57:41.559 [main] INFO  testCases.TC003_LoginDDT - Clicked on My Account link
11:57:41.936 [main] INFO  testCases.TC003_LoginDDT - Clicked on Login link
11:57:42.007 [main] INFO  testCases.TC003_LoginDDT - Provided email
11:57:42.074 [main] INFO  testCases.TC003_LoginDDT - Provided password
11:57:42.140 [main] INFO  testCases.TC003_LoginDDT - Clicked on Login button
11:57:42.866 [main] INFO  testCases.TC003_LoginDDT - Login DDT passed
11:57:43.255 [main] INFO  testCases.TC003_LoginDDT - *********** Finished TC003_LoginDDT ***********
11:57:43.259 [main] INFO  testCases.TC003_LoginDDT - ***** Starting LoginDDT *****
11:57:43.337 [main] INFO  testCases.TC003_LoginDDT - Clicked on My Account link
11:57:43.622 [main] INFO  testCases.TC003_LoginDDT - Clicked on Login link
11:57:43.701 [main] INFO  testCases.TC003_LoginDDT - Provided email
11:57:43.763 [main] INFO  testCases.TC003_LoginDDT - Provided password
11:57:43.832 [main] INFO  testCases.TC003_LoginDDT - Clicked on Login button
11:57:44.637 [main] INFO  testCases.TC003_LoginDDT - Login DDT passed
11:57:45.004 [main] INFO  testCases.TC003_LoginDDT - *********** Finished TC003_LoginDDT ***********
11:57:45.008 [main] INFO  testCases.TC003_LoginDDT - ***** Starting LoginDDT *****
11:57:45.078 [main] INFO  testCases.TC003_LoginDDT - Clicked on My Account link
11:57:45.364 [main] INFO  testCases.TC003_LoginDDT - Clicked on Login link
11:57:45.440 [main] INFO  testCases.TC003_LoginDDT - Provided email
11:57:45.517 [main] INFO  testCases.TC003_LoginDDT - Provided password
11:57:45.582 [main] INFO  testCases.TC003_LoginDDT - Clicked on Login button
11:57:46.404 [main] INFO  testCases.TC003_LoginDDT - Login DDT passed
11:57:46.777 [main] INFO  testCases.TC003_LoginDDT - *********** Finished TC003_LoginDDT ***********
11:57:46.784 [main] INFO  testCases.TC003_LoginDDT - ***** Starting LoginDDT *****
11:57:46.856 [main] INFO  testCases.TC003_LoginDDT - Clicked on My Account link
11:57:47.133 [main] INFO  testCases.TC003_LoginDDT - Clicked on Login link
11:57:47.225 [main] INFO  testCases.TC003_LoginDDT - Provided email
11:57:47.287 [main] INFO  testCases.TC003_LoginDDT - Provided password
11:57:48.088 [main] INFO  testCases.TC003_LoginDDT - Clicked on Login button
11:57:48.115 [main] INFO  testCases.TC003_LoginDDT - Login DDT passed
11:57:48.498 [main] INFO  testCases.TC003_LoginDDT - *********** Finished TC003_LoginDDT ***********
11:57:48.501 [main] INFO  testCases.TC003_LoginDDT - ***** Starting LoginDDT *****
11:57:48.574 [main] INFO  testCases.TC003_LoginDDT - Clicked on My Account link
11:57:48.837 [main] INFO  testCases.TC003_LoginDDT - Clicked on Login link
11:57:48.930 [main] INFO  testCases.TC003_LoginDDT - Provided email
11:57:48.980 [main] INFO  testCases.TC003_LoginDDT - Provided password
11:57:49.052 [main] INFO  testCases.TC003_LoginDDT - Clicked on Login button
11:58:04.093 [main] ERROR testCases.TC003_LoginDDT - Login DDT failed
