18:30:01.044 [main] DEBUG org.testng.TestNG - suiteXmlPath: "C:\Users\Nawaz\eclipse-workspace\opencart1-1\master.xml"
18:30:01.277 [main] INFO  org.testng.internal.Utils - [TestNG] Running:
  C:\Users\Nawaz\eclipse-workspace\opencart1-1\master.xml

18:30:05.873 [main] DEBUG org.apache.poi.openxml4j.opc.PackageRelationshipCollection - Parsing relationship: /xl/_rels/workbook.xml.rels
18:30:05.873 [main] DEBUG org.apache.poi.openxml4j.opc.PackageRelationshipCollection - Parsing relationship: /_rels/.rels
18:30:06.397 [main] DEBUG org.apache.poi.openxml4j.opc.PackageRelationshipCollection - Parsing relationship: /xl/_rels/workbook.xml.rels
18:30:06.397 [main] DEBUG org.apache.poi.openxml4j.opc.PackageRelationshipCollection - Parsing relationship: /_rels/.rels
18:30:06.422 [main] DEBUG org.apache.poi.openxml4j.opc.PackageRelationshipCollection - Parsing relationship: /xl/_rels/workbook.xml.rels
18:30:06.422 [main] DEBUG org.apache.poi.openxml4j.opc.PackageRelationshipCollection - Parsing relationship: /_rels/.rels
18:30:06.469 [main] DEBUG org.apache.poi.openxml4j.opc.PackageRelationshipCollection - Parsing relationship: /xl/_rels/workbook.xml.rels
18:30:06.469 [main] DEBUG org.apache.poi.openxml4j.opc.PackageRelationshipCollection - Parsing relationship: /_rels/.rels
18:30:06.485 [main] DEBUG org.apache.poi.openxml4j.opc.PackageRelationshipCollection - Parsing relationship: /xl/_rels/workbook.xml.rels
18:30:06.497 [main] DEBUG org.apache.poi.openxml4j.opc.PackageRelationshipCollection - Parsing relationship: /_rels/.rels
18:30:06.517 [main] DEBUG org.apache.poi.openxml4j.opc.PackageRelationshipCollection - Parsing relationship: /xl/_rels/workbook.xml.rels
18:30:06.517 [main] DEBUG org.apache.poi.openxml4j.opc.PackageRelationshipCollection - Parsing relationship: /_rels/.rels
18:30:06.533 [main] DEBUG org.apache.poi.openxml4j.opc.PackageRelationshipCollection - Parsing relationship: /xl/_rels/workbook.xml.rels
18:30:06.544 [main] DEBUG org.apache.poi.openxml4j.opc.PackageRelationshipCollection - Parsing relationship: /_rels/.rels
18:30:06.564 [main] DEBUG org.apache.poi.openxml4j.opc.PackageRelationshipCollection - Parsing relationship: /xl/_rels/workbook.xml.rels
18:30:06.564 [main] DEBUG org.apache.poi.openxml4j.opc.PackageRelationshipCollection - Parsing relationship: /_rels/.rels
18:30:06.584 [main] DEBUG org.apache.poi.openxml4j.opc.PackageRelationshipCollection - Parsing relationship: /xl/_rels/workbook.xml.rels
18:30:06.584 [main] DEBUG org.apache.poi.openxml4j.opc.PackageRelationshipCollection - Parsing relationship: /_rels/.rels
18:30:06.600 [main] DEBUG org.apache.poi.openxml4j.opc.PackageRelationshipCollection - Parsing relationship: /xl/_rels/workbook.xml.rels
18:30:06.608 [main] DEBUG org.apache.poi.openxml4j.opc.PackageRelationshipCollection - Parsing relationship: /_rels/.rels
18:30:06.612 [main] DEBUG org.apache.poi.openxml4j.opc.PackageRelationshipCollection - Parsing relationship: /xl/_rels/workbook.xml.rels
18:30:06.628 [main] DEBUG org.apache.poi.openxml4j.opc.PackageRelationshipCollection - Parsing relationship: /_rels/.rels
18:30:06.648 [main] DEBUG org.apache.poi.openxml4j.opc.PackageRelationshipCollection - Parsing relationship: /xl/_rels/workbook.xml.rels
18:30:06.648 [main] DEBUG org.apache.poi.openxml4j.opc.PackageRelationshipCollection - Parsing relationship: /_rels/.rels
18:30:06.668 [main] DEBUG org.apache.poi.openxml4j.opc.PackageRelationshipCollection - Parsing relationship: /xl/_rels/workbook.xml.rels
18:30:06.668 [main] DEBUG org.apache.poi.openxml4j.opc.PackageRelationshipCollection - Parsing relationship: /_rels/.rels
18:30:06.675 [main] DEBUG org.apache.poi.openxml4j.opc.PackageRelationshipCollection - Parsing relationship: /xl/_rels/workbook.xml.rels
18:30:06.675 [main] DEBUG org.apache.poi.openxml4j.opc.PackageRelationshipCollection - Parsing relationship: /_rels/.rels
18:30:06.691 [main] DEBUG org.apache.poi.openxml4j.opc.PackageRelationshipCollection - Parsing relationship: /xl/_rels/workbook.xml.rels
18:30:06.691 [main] DEBUG org.apache.poi.openxml4j.opc.PackageRelationshipCollection - Parsing relationship: /_rels/.rels
18:30:06.707 [main] DEBUG org.apache.poi.openxml4j.opc.PackageRelationshipCollection - Parsing relationship: /xl/_rels/workbook.xml.rels
18:30:06.723 [main] DEBUG org.apache.poi.openxml4j.opc.PackageRelationshipCollection - Parsing relationship: /_rels/.rels
18:30:06.738 [main] DEBUG org.apache.poi.openxml4j.opc.PackageRelationshipCollection - Parsing relationship: /xl/_rels/workbook.xml.rels
18:30:06.738 [main] DEBUG org.apache.poi.openxml4j.opc.PackageRelationshipCollection - Parsing relationship: /_rels/.rels
18:30:06.754 [main] DEBUG org.apache.poi.openxml4j.opc.PackageRelationshipCollection - Parsing relationship: /xl/_rels/workbook.xml.rels
18:30:06.754 [main] DEBUG org.apache.poi.openxml4j.opc.PackageRelationshipCollection - Parsing relationship: /_rels/.rels
18:30:06.772 [main] DEBUG org.apache.poi.openxml4j.opc.PackageRelationshipCollection - Parsing relationship: /xl/_rels/workbook.xml.rels
18:30:06.772 [main] DEBUG org.apache.poi.openxml4j.opc.PackageRelationshipCollection - Parsing relationship: /_rels/.rels
18:30:06.786 [main] DEBUG org.apache.poi.openxml4j.opc.PackageRelationshipCollection - Parsing relationship: /xl/_rels/workbook.xml.rels
18:30:06.786 [main] DEBUG org.apache.poi.openxml4j.opc.PackageRelationshipCollection - Parsing relationship: /_rels/.rels
18:30:06.812 [main] INFO  testCases.TC003_LoginDDT - ***** Starting LoginDDT *****
18:30:06.903 [main] INFO  testCases.TC003_LoginDDT - Clicked on My Account link
18:30:08.616 [main] INFO  testCases.TC003_LoginDDT - Clicked on Login link
18:30:08.710 [main] INFO  testCases.TC003_LoginDDT - Provided email
18:30:08.769 [main] INFO  testCases.TC003_LoginDDT - Provided password
18:30:08.862 [main] INFO  testCases.TC003_LoginDDT - Clicked on Login button
18:30:23.921 [main] ERROR testCases.TC003_LoginDDT - Login DDT failed
18:30:23.921 [main] INFO  testCases.TC003_LoginDDT - ***** Starting LoginDDT *****
18:30:23.997 [main] INFO  testCases.TC003_LoginDDT - Clicked on My Account link
18:30:24.205 [main] INFO  testCases.TC003_LoginDDT - Clicked on Login link
18:30:24.268 [main] INFO  testCases.TC003_LoginDDT - Provided email
18:30:24.313 [main] INFO  testCases.TC003_LoginDDT - Provided password
18:30:24.378 [main] INFO  testCases.TC003_LoginDDT - Clicked on Login button
18:30:25.010 [main] INFO  testCases.TC003_LoginDDT - Login DDT passed
18:30:25.323 [main] INFO  testCases.TC003_LoginDDT - *********** Finished TC003_LoginDDT ***********
18:30:25.327 [main] INFO  testCases.TC003_LoginDDT - ***** Starting LoginDDT *****
18:30:25.399 [main] INFO  testCases.TC003_LoginDDT - Clicked on My Account link
18:30:25.622 [main] INFO  testCases.TC003_LoginDDT - Clicked on Login link
18:30:25.715 [main] INFO  testCases.TC003_LoginDDT - Provided email
18:30:25.769 [main] INFO  testCases.TC003_LoginDDT - Provided password
18:30:26.422 [main] INFO  testCases.TC003_LoginDDT - Clicked on Login button
18:30:26.481 [main] INFO  testCases.TC003_LoginDDT - Login DDT passed
18:30:26.780 [main] INFO  testCases.TC003_LoginDDT - *********** Finished TC003_LoginDDT ***********
18:30:26.783 [main] INFO  testCases.TC003_LoginDDT - ***** Starting LoginDDT *****
18:30:26.851 [main] INFO  testCases.TC003_LoginDDT - Clicked on My Account link
18:30:27.071 [main] INFO  testCases.TC003_LoginDDT - Clicked on Login link
18:30:27.165 [main] INFO  testCases.TC003_LoginDDT - Provided email
18:30:27.212 [main] INFO  testCases.TC003_LoginDDT - Provided password
18:30:27.262 [main] INFO  testCases.TC003_LoginDDT - Clicked on Login button
18:30:28.209 [main] INFO  testCases.TC003_LoginDDT - Login DDT passed
18:30:28.558 [main] INFO  testCases.TC003_LoginDDT - *********** Finished TC003_LoginDDT ***********
18:30:28.563 [main] INFO  testCases.TC003_LoginDDT - ***** Starting LoginDDT *****
18:30:28.628 [main] INFO  testCases.TC003_LoginDDT - Clicked on My Account link
18:30:28.895 [main] INFO  testCases.TC003_LoginDDT - Clicked on Login link
18:30:28.993 [main] INFO  testCases.TC003_LoginDDT - Provided email
18:30:29.050 [main] INFO  testCases.TC003_LoginDDT - Provided password
18:30:29.733 [main] INFO  testCases.TC003_LoginDDT - Clicked on Login button
18:30:29.761 [main] INFO  testCases.TC003_LoginDDT - Login DDT passed
18:30:30.070 [main] INFO  testCases.TC003_LoginDDT - *********** Finished TC003_LoginDDT ***********
18:30:30.074 [main] INFO  testCases.TC003_LoginDDT - ***** Starting LoginDDT *****
18:30:30.145 [main] INFO  testCases.TC003_LoginDDT - Clicked on My Account link
18:30:30.369 [main] INFO  testCases.TC003_LoginDDT - Clicked on Login link
18:30:30.480 [main] INFO  testCases.TC003_LoginDDT - Provided email
18:30:30.539 [main] INFO  testCases.TC003_LoginDDT - Provided password
18:30:30.598 [main] INFO  testCases.TC003_LoginDDT - Clicked on Login button
18:30:45.633 [main] ERROR testCases.TC003_LoginDDT - Login DDT failed
