11:29:34.145 [main] DEBUG org.testng.TestNG - suiteXmlPath: "C:\Users\Nawaz\eclipse-workspace\opencart1-1\master.xml"
11:29:46.746 [main] INFO  testCases.TC001_AccountRegistration - **Starting TC001_AccountRegistration**
11:29:47.618 [main] INFO  testCases.TC001_AccountRegistration - Clicked on My Account link
11:29:48.579 [main] INFO  testCases.TC001_AccountRegistration - Clicked on Register link
11:29:48.582 [main] INFO  testCases.TC001_AccountRegistration - Providing customer data
11:29:51.344 [main] INFO  testCases.TC001_AccountRegistration - Clicked on Continue button
11:29:51.650 [main] INFO  testCases.TC001_AccountRegistration - Validating account registration
11:29:51.651 [main] INFO  testCases.TC001_AccountRegistration - Account registration successful
11:29:51.653 [main] INFO  testCases.TC001_AccountRegistration - **Finished TC001_AccountRegistration**
11:29:54.542 [main] INFO  testCases.TC002_Login_Test - ***** Starting TC002_Login_Test *****
11:29:54.790 [main] INFO  testCases.TC002_Login_Test - Clicked on My Account link
11:29:55.269 [main] INFO  testCases.TC002_Login_Test - Clicked on Login link
11:29:55.559 [main] INFO  testCases.TC002_Login_Test - Provided email
11:29:55.762 [main] INFO  testCases.TC002_Login_Test - Provided password
11:29:56.948 [main] INFO  testCases.TC002_Login_Test - Clicked on Login button
11:29:57.314 [main] INFO  testCases.TC002_Login_Test - Login test passed
11:29:57.314 [main] INFO  testCases.TC002_Login_Test - ***** Finished TC002_Login_Test *****
11:29:59.966 [main] DEBUG org.apache.poi.openxml4j.opc.PackageRelationshipCollection - Parsing relationship: /xl/_rels/workbook.xml.rels
11:29:59.970 [main] DEBUG org.apache.poi.openxml4j.opc.PackageRelationshipCollection - Parsing relationship: /_rels/.rels
11:30:00.641 [main] DEBUG org.apache.poi.openxml4j.opc.PackageRelationshipCollection - Parsing relationship: /xl/_rels/workbook.xml.rels
11:30:00.642 [main] DEBUG org.apache.poi.openxml4j.opc.PackageRelationshipCollection - Parsing relationship: /_rels/.rels
11:30:00.666 [main] DEBUG org.apache.poi.openxml4j.opc.PackageRelationshipCollection - Parsing relationship: /xl/_rels/workbook.xml.rels
11:30:00.666 [main] DEBUG org.apache.poi.openxml4j.opc.PackageRelationshipCollection - Parsing relationship: /_rels/.rels
11:30:00.697 [main] DEBUG org.apache.poi.openxml4j.opc.PackageRelationshipCollection - Parsing relationship: /xl/_rels/workbook.xml.rels
11:30:00.697 [main] DEBUG org.apache.poi.openxml4j.opc.PackageRelationshipCollection - Parsing relationship: /_rels/.rels
11:30:00.717 [main] DEBUG org.apache.poi.openxml4j.opc.PackageRelationshipCollection - Parsing relationship: /xl/_rels/workbook.xml.rels
11:30:00.717 [main] DEBUG org.apache.poi.openxml4j.opc.PackageRelationshipCollection - Parsing relationship: /_rels/.rels
11:30:00.738 [main] DEBUG org.apache.poi.openxml4j.opc.PackageRelationshipCollection - Parsing relationship: /xl/_rels/workbook.xml.rels
11:30:00.738 [main] DEBUG org.apache.poi.openxml4j.opc.PackageRelationshipCollection - Parsing relationship: /_rels/.rels
11:30:00.756 [main] DEBUG org.apache.poi.openxml4j.opc.PackageRelationshipCollection - Parsing relationship: /xl/_rels/workbook.xml.rels
11:30:00.758 [main] DEBUG org.apache.poi.openxml4j.opc.PackageRelationshipCollection - Parsing relationship: /_rels/.rels
11:30:00.774 [main] DEBUG org.apache.poi.openxml4j.opc.PackageRelationshipCollection - Parsing relationship: /xl/_rels/workbook.xml.rels
11:30:00.776 [main] DEBUG org.apache.poi.openxml4j.opc.PackageRelationshipCollection - Parsing relationship: /_rels/.rels
11:30:00.790 [main] DEBUG org.apache.poi.openxml4j.opc.PackageRelationshipCollection - Parsing relationship: /xl/_rels/workbook.xml.rels
11:30:00.790 [main] DEBUG org.apache.poi.openxml4j.opc.PackageRelationshipCollection - Parsing relationship: /_rels/.rels
11:30:00.811 [main] DEBUG org.apache.poi.openxml4j.opc.PackageRelationshipCollection - Parsing relationship: /xl/_rels/workbook.xml.rels
11:30:00.811 [main] DEBUG org.apache.poi.openxml4j.opc.PackageRelationshipCollection - Parsing relationship: /_rels/.rels
11:30:00.832 [main] DEBUG org.apache.poi.openxml4j.opc.PackageRelationshipCollection - Parsing relationship: /xl/_rels/workbook.xml.rels
11:30:00.832 [main] DEBUG org.apache.poi.openxml4j.opc.PackageRelationshipCollection - Parsing relationship: /_rels/.rels
11:30:00.848 [main] DEBUG org.apache.poi.openxml4j.opc.PackageRelationshipCollection - Parsing relationship: /xl/_rels/workbook.xml.rels
11:30:00.848 [main] DEBUG org.apache.poi.openxml4j.opc.PackageRelationshipCollection - Parsing relationship: /_rels/.rels
11:30:00.864 [main] DEBUG org.apache.poi.openxml4j.opc.PackageRelationshipCollection - Parsing relationship: /xl/_rels/workbook.xml.rels
11:30:00.864 [main] DEBUG org.apache.poi.openxml4j.opc.PackageRelationshipCollection - Parsing relationship: /_rels/.rels
11:30:00.884 [main] DEBUG org.apache.poi.openxml4j.opc.PackageRelationshipCollection - Parsing relationship: /xl/_rels/workbook.xml.rels
11:30:00.884 [main] DEBUG org.apache.poi.openxml4j.opc.PackageRelationshipCollection - Parsing relationship: /_rels/.rels
11:30:00.905 [main] DEBUG org.apache.poi.openxml4j.opc.PackageRelationshipCollection - Parsing relationship: /xl/_rels/workbook.xml.rels
11:30:00.905 [main] DEBUG org.apache.poi.openxml4j.opc.PackageRelationshipCollection - Parsing relationship: /_rels/.rels
11:30:00.915 [main] DEBUG org.apache.poi.openxml4j.opc.PackageRelationshipCollection - Parsing relationship: /xl/_rels/workbook.xml.rels
11:30:00.915 [main] DEBUG org.apache.poi.openxml4j.opc.PackageRelationshipCollection - Parsing relationship: /_rels/.rels
11:30:00.928 [main] DEBUG org.apache.poi.openxml4j.opc.PackageRelationshipCollection - Parsing relationship: /xl/_rels/workbook.xml.rels
11:30:00.928 [main] DEBUG org.apache.poi.openxml4j.opc.PackageRelationshipCollection - Parsing relationship: /_rels/.rels
11:30:00.946 [main] DEBUG org.apache.poi.openxml4j.opc.PackageRelationshipCollection - Parsing relationship: /xl/_rels/workbook.xml.rels
11:30:00.946 [main] DEBUG org.apache.poi.openxml4j.opc.PackageRelationshipCollection - Parsing relationship: /_rels/.rels
11:30:00.959 [main] DEBUG org.apache.poi.openxml4j.opc.PackageRelationshipCollection - Parsing relationship: /xl/_rels/workbook.xml.rels
11:30:00.967 [main] DEBUG org.apache.poi.openxml4j.opc.PackageRelationshipCollection - Parsing relationship: /_rels/.rels
11:30:00.983 [main] DEBUG org.apache.poi.openxml4j.opc.PackageRelationshipCollection - Parsing relationship: /xl/_rels/workbook.xml.rels
11:30:00.983 [main] DEBUG org.apache.poi.openxml4j.opc.PackageRelationshipCollection - Parsing relationship: /_rels/.rels
11:30:00.997 [main] INFO  testCases.TC003_LoginDDT - ***** Starting LoginDDT *****
11:30:01.142 [main] INFO  testCases.TC003_LoginDDT - Clicked on My Account link
11:30:02.473 [main] INFO  testCases.TC003_LoginDDT - Clicked on Login link
11:30:02.739 [main] INFO  testCases.TC003_LoginDDT - Provided email
11:30:02.972 [main] INFO  testCases.TC003_LoginDDT - Provided password
11:30:12.019 [main] INFO  testCases.TC003_LoginDDT - Clicked on Login button
11:30:27.140 [main] ERROR testCases.TC003_LoginDDT - Login DDT failed
11:30:27.441 [main] INFO  testCases.TC003_LoginDDT - ***** Starting LoginDDT *****
11:30:27.558 [main] INFO  testCases.TC003_LoginDDT - Clicked on My Account link
11:30:27.925 [main] INFO  testCases.TC003_LoginDDT - Clicked on Login link
11:30:28.141 [main] INFO  testCases.TC003_LoginDDT - Provided email
11:30:28.288 [main] INFO  testCases.TC003_LoginDDT - Provided password
11:30:29.317 [main] INFO  testCases.TC003_LoginDDT - Clicked on Login button
11:30:29.400 [main] INFO  testCases.TC003_LoginDDT - Login DDT passed
11:30:29.842 [main] INFO  testCases.TC003_LoginDDT - *********** Finished TC003_LoginDDT ***********
11:30:29.844 [main] INFO  testCases.TC003_LoginDDT - ***** Starting LoginDDT *****
11:30:29.948 [main] INFO  testCases.TC003_LoginDDT - Clicked on My Account link
11:30:30.270 [main] INFO  testCases.TC003_LoginDDT - Clicked on Login link
11:30:30.476 [main] INFO  testCases.TC003_LoginDDT - Provided email
11:30:30.665 [main] INFO  testCases.TC003_LoginDDT - Provided password
11:30:31.530 [main] INFO  testCases.TC003_LoginDDT - Clicked on Login button
11:30:31.579 [main] INFO  testCases.TC003_LoginDDT - Login DDT passed
11:30:32.062 [main] INFO  testCases.TC003_LoginDDT - *********** Finished TC003_LoginDDT ***********
11:30:32.066 [main] INFO  testCases.TC003_LoginDDT - ***** Starting LoginDDT *****
11:30:32.258 [main] INFO  testCases.TC003_LoginDDT - Clicked on My Account link
11:30:32.630 [main] INFO  testCases.TC003_LoginDDT - Clicked on Login link
11:30:32.786 [main] INFO  testCases.TC003_LoginDDT - Provided email
11:30:32.912 [main] INFO  testCases.TC003_LoginDDT - Provided password
11:30:34.162 [main] INFO  testCases.TC003_LoginDDT - Clicked on Login button
11:30:34.338 [main] INFO  testCases.TC003_LoginDDT - Login DDT passed
11:30:34.933 [main] INFO  testCases.TC003_LoginDDT - *********** Finished TC003_LoginDDT ***********
11:30:34.935 [main] INFO  testCases.TC003_LoginDDT - ***** Starting LoginDDT *****
11:30:35.027 [main] INFO  testCases.TC003_LoginDDT - Clicked on My Account link
11:30:35.372 [main] INFO  testCases.TC003_LoginDDT - Clicked on Login link
11:30:35.499 [main] INFO  testCases.TC003_LoginDDT - Provided email
11:30:35.598 [main] INFO  testCases.TC003_LoginDDT - Provided password
11:30:36.543 [main] INFO  testCases.TC003_LoginDDT - Clicked on Login button
11:30:36.633 [main] INFO  testCases.TC003_LoginDDT - Login DDT passed
11:30:37.283 [main] INFO  testCases.TC003_LoginDDT - *********** Finished TC003_LoginDDT ***********
11:30:37.285 [main] INFO  testCases.TC003_LoginDDT - ***** Starting LoginDDT *****
11:30:37.404 [main] INFO  testCases.TC003_LoginDDT - Clicked on My Account link
11:30:37.751 [main] INFO  testCases.TC003_LoginDDT - Clicked on Login link
11:30:37.971 [main] INFO  testCases.TC003_LoginDDT - Provided email
11:30:38.091 [main] INFO  testCases.TC003_LoginDDT - Provided password
11:30:38.928 [main] INFO  testCases.TC003_LoginDDT - Clicked on Login button
11:30:53.980 [main] ERROR testCases.TC003_LoginDDT - Login DDT failed
