15:06:10.066 [main] DEBUG org.testng.TestNG - suiteXmlPath: "C:\Users\Nawaz\eclipse-workspace\opencart1-1\master.xml"
15:06:10.333 [main] INFO  org.testng.internal.Utils - [TestNG] Running:
  C:\Users\Nawaz\eclipse-workspace\opencart1-1\master.xml

15:06:13.176 [main] INFO  testCases.TC001_AccountRegistation - **Starting TC001_AccountRegistration**
15:06:13.463 [main] INFO  testCases.TC001_AccountRegistation - Clicked on My Account link
15:06:14.035 [main] INFO  testCases.TC001_AccountRegistation - Clicked on Register link
15:06:14.039 [main] INFO  testCases.TC001_AccountRegistation - Providing customer data
15:06:15.372 [main] INFO  testCases.TC001_AccountRegistation - Clicked on Continue button
15:06:15.459 [main] INFO  testCases.TC001_AccountRegistation - Validating account registration
15:06:15.459 [main] INFO  testCases.TC001_AccountRegistation - Account registration successful
15:06:15.459 [main] INFO  testCases.TC001_AccountRegistation - **Finished TC001_AccountRegistration**
15:06:17.591 [main] INFO  testCases.TC002_Login_Test - ***** Starting TC002_Login_Test *****
15:06:17.812 [main] INFO  testCases.TC002_Login_Test - Clicked on My Account link
15:06:18.105 [main] INFO  testCases.TC002_Login_Test - Clicked on Login link
15:06:18.221 [main] INFO  testCases.TC002_Login_Test - Provided email
15:06:18.293 [main] INFO  testCases.TC002_Login_Test - Provided password
15:06:18.355 [main] INFO  testCases.TC002_Login_Test - Clicked on Login button
15:06:19.086 [main] INFO  testCases.TC002_Login_Test - Login test passed
15:06:19.086 [main] INFO  testCases.TC002_Login_Test - ***** Finished TC002_Login_Test *****
15:06:21.110 [main] DEBUG org.apache.poi.openxml4j.opc.PackageRelationshipCollection - Parsing relationship: /xl/_rels/workbook.xml.rels
15:06:21.110 [main] DEBUG org.apache.poi.openxml4j.opc.PackageRelationshipCollection - Parsing relationship: /_rels/.rels
15:06:21.546 [main] DEBUG org.apache.poi.openxml4j.opc.PackageRelationshipCollection - Parsing relationship: /xl/_rels/workbook.xml.rels
15:06:21.560 [main] DEBUG org.apache.poi.openxml4j.opc.PackageRelationshipCollection - Parsing relationship: /_rels/.rels
15:06:21.578 [main] DEBUG org.apache.poi.openxml4j.opc.PackageRelationshipCollection - Parsing relationship: /xl/_rels/workbook.xml.rels
15:06:21.578 [main] DEBUG org.apache.poi.openxml4j.opc.PackageRelationshipCollection - Parsing relationship: /_rels/.rels
15:06:21.609 [main] DEBUG org.apache.poi.openxml4j.opc.PackageRelationshipCollection - Parsing relationship: /xl/_rels/workbook.xml.rels
15:06:21.609 [main] DEBUG org.apache.poi.openxml4j.opc.PackageRelationshipCollection - Parsing relationship: /_rels/.rels
15:06:21.627 [main] DEBUG org.apache.poi.openxml4j.opc.PackageRelationshipCollection - Parsing relationship: /xl/_rels/workbook.xml.rels
15:06:21.627 [main] DEBUG org.apache.poi.openxml4j.opc.PackageRelationshipCollection - Parsing relationship: /_rels/.rels
15:06:21.657 [main] DEBUG org.apache.poi.openxml4j.opc.PackageRelationshipCollection - Parsing relationship: /xl/_rels/workbook.xml.rels
15:06:21.657 [main] DEBUG org.apache.poi.openxml4j.opc.PackageRelationshipCollection - Parsing relationship: /_rels/.rels
15:06:21.673 [main] DEBUG org.apache.poi.openxml4j.opc.PackageRelationshipCollection - Parsing relationship: /xl/_rels/workbook.xml.rels
15:06:21.673 [main] DEBUG org.apache.poi.openxml4j.opc.PackageRelationshipCollection - Parsing relationship: /_rels/.rels
15:06:21.689 [main] DEBUG org.apache.poi.openxml4j.opc.PackageRelationshipCollection - Parsing relationship: /xl/_rels/workbook.xml.rels
15:06:21.689 [main] DEBUG org.apache.poi.openxml4j.opc.PackageRelationshipCollection - Parsing relationship: /_rels/.rels
15:06:21.715 [main] DEBUG org.apache.poi.openxml4j.opc.PackageRelationshipCollection - Parsing relationship: /xl/_rels/workbook.xml.rels
15:06:21.715 [main] DEBUG org.apache.poi.openxml4j.opc.PackageRelationshipCollection - Parsing relationship: /_rels/.rels
15:06:21.721 [main] DEBUG org.apache.poi.openxml4j.opc.PackageRelationshipCollection - Parsing relationship: /xl/_rels/workbook.xml.rels
15:06:21.721 [main] DEBUG org.apache.poi.openxml4j.opc.PackageRelationshipCollection - Parsing relationship: /_rels/.rels
15:06:21.743 [main] DEBUG org.apache.poi.openxml4j.opc.PackageRelationshipCollection - Parsing relationship: /xl/_rels/workbook.xml.rels
15:06:21.743 [main] DEBUG org.apache.poi.openxml4j.opc.PackageRelationshipCollection - Parsing relationship: /_rels/.rels
15:06:21.753 [main] DEBUG org.apache.poi.openxml4j.opc.PackageRelationshipCollection - Parsing relationship: /xl/_rels/workbook.xml.rels
15:06:21.753 [main] DEBUG org.apache.poi.openxml4j.opc.PackageRelationshipCollection - Parsing relationship: /_rels/.rels
15:06:21.769 [main] DEBUG org.apache.poi.openxml4j.opc.PackageRelationshipCollection - Parsing relationship: /xl/_rels/workbook.xml.rels
15:06:21.769 [main] DEBUG org.apache.poi.openxml4j.opc.PackageRelationshipCollection - Parsing relationship: /_rels/.rels
15:06:21.800 [main] DEBUG org.apache.poi.openxml4j.opc.PackageRelationshipCollection - Parsing relationship: /xl/_rels/workbook.xml.rels
15:06:21.800 [main] DEBUG org.apache.poi.openxml4j.opc.PackageRelationshipCollection - Parsing relationship: /_rels/.rels
15:06:21.822 [main] DEBUG org.apache.poi.openxml4j.opc.PackageRelationshipCollection - Parsing relationship: /xl/_rels/workbook.xml.rels
15:06:21.822 [main] DEBUG org.apache.poi.openxml4j.opc.PackageRelationshipCollection - Parsing relationship: /_rels/.rels
15:06:21.838 [main] DEBUG org.apache.poi.openxml4j.opc.PackageRelationshipCollection - Parsing relationship: /xl/_rels/workbook.xml.rels
15:06:21.838 [main] DEBUG org.apache.poi.openxml4j.opc.PackageRelationshipCollection - Parsing relationship: /_rels/.rels
15:06:21.848 [main] DEBUG org.apache.poi.openxml4j.opc.PackageRelationshipCollection - Parsing relationship: /xl/_rels/workbook.xml.rels
15:06:21.848 [main] DEBUG org.apache.poi.openxml4j.opc.PackageRelationshipCollection - Parsing relationship: /_rels/.rels
15:06:21.864 [main] DEBUG org.apache.poi.openxml4j.opc.PackageRelationshipCollection - Parsing relationship: /xl/_rels/workbook.xml.rels
15:06:21.864 [main] DEBUG org.apache.poi.openxml4j.opc.PackageRelationshipCollection - Parsing relationship: /_rels/.rels
15:06:21.888 [main] DEBUG org.apache.poi.openxml4j.opc.PackageRelationshipCollection - Parsing relationship: /xl/_rels/workbook.xml.rels
15:06:21.889 [main] DEBUG org.apache.poi.openxml4j.opc.PackageRelationshipCollection - Parsing relationship: /_rels/.rels
15:06:21.895 [main] DEBUG org.apache.poi.openxml4j.opc.PackageRelationshipCollection - Parsing relationship: /xl/_rels/workbook.xml.rels
15:06:21.895 [main] DEBUG org.apache.poi.openxml4j.opc.PackageRelationshipCollection - Parsing relationship: /_rels/.rels
15:06:21.918 [main] INFO  testCases.TC003_LoginDDT - ***** Starting LoginDDT *****
15:06:21.996 [main] INFO  testCases.TC003_LoginDDT - Clicked on My Account link
15:06:22.299 [main] INFO  testCases.TC003_LoginDDT - Clicked on Login link
15:06:22.376 [main] INFO  testCases.TC003_LoginDDT - Provided email
15:06:22.430 [main] INFO  testCases.TC003_LoginDDT - Provided password
15:06:22.497 [main] INFO  testCases.TC003_LoginDDT - Clicked on Login button
15:06:37.531 [main] ERROR testCases.TC003_LoginDDT - Login DDT failed
15:06:37.710 [main] INFO  testCases.TC003_LoginDDT - ***** Starting LoginDDT *****
15:06:37.758 [main] INFO  testCases.TC003_LoginDDT - Clicked on My Account link
15:06:38.153 [main] INFO  testCases.TC003_LoginDDT - Clicked on Login link
15:06:38.231 [main] INFO  testCases.TC003_LoginDDT - Provided email
15:06:38.277 [main] INFO  testCases.TC003_LoginDDT - Provided password
15:06:38.327 [main] INFO  testCases.TC003_LoginDDT - Clicked on Login button
15:06:39.143 [main] INFO  testCases.TC003_LoginDDT - Login DDT passed
15:06:39.541 [main] INFO  testCases.TC003_LoginDDT - *********** Finished TC003_LoginDDT ***********
15:06:39.546 [main] INFO  testCases.TC003_LoginDDT - ***** Starting LoginDDT *****
15:06:39.634 [main] INFO  testCases.TC003_LoginDDT - Clicked on My Account link
15:06:39.918 [main] INFO  testCases.TC003_LoginDDT - Clicked on Login link
15:06:40.013 [main] INFO  testCases.TC003_LoginDDT - Provided email
15:06:40.067 [main] INFO  testCases.TC003_LoginDDT - Provided password
15:06:40.122 [main] INFO  testCases.TC003_LoginDDT - Clicked on Login button
15:06:40.877 [main] INFO  testCases.TC003_LoginDDT - Login DDT passed
15:06:41.239 [main] INFO  testCases.TC003_LoginDDT - *********** Finished TC003_LoginDDT ***********
15:06:41.242 [main] INFO  testCases.TC003_LoginDDT - ***** Starting LoginDDT *****
15:06:41.311 [main] INFO  testCases.TC003_LoginDDT - Clicked on My Account link
15:06:41.564 [main] INFO  testCases.TC003_LoginDDT - Clicked on Login link
15:06:41.651 [main] INFO  testCases.TC003_LoginDDT - Provided email
15:06:41.701 [main] INFO  testCases.TC003_LoginDDT - Provided password
15:06:41.755 [main] INFO  testCases.TC003_LoginDDT - Clicked on Login button
15:06:42.543 [main] INFO  testCases.TC003_LoginDDT - Login DDT passed
15:06:42.913 [main] INFO  testCases.TC003_LoginDDT - *********** Finished TC003_LoginDDT ***********
15:06:42.916 [main] INFO  testCases.TC003_LoginDDT - ***** Starting LoginDDT *****
15:06:42.982 [main] INFO  testCases.TC003_LoginDDT - Clicked on My Account link
15:06:43.239 [main] INFO  testCases.TC003_LoginDDT - Clicked on Login link
15:06:43.336 [main] INFO  testCases.TC003_LoginDDT - Provided email
15:06:43.397 [main] INFO  testCases.TC003_LoginDDT - Provided password
15:06:43.452 [main] INFO  testCases.TC003_LoginDDT - Clicked on Login button
15:06:44.205 [main] INFO  testCases.TC003_LoginDDT - Login DDT passed
15:06:44.585 [main] INFO  testCases.TC003_LoginDDT - *********** Finished TC003_LoginDDT ***********
15:06:44.590 [main] INFO  testCases.TC003_LoginDDT - ***** Starting LoginDDT *****
15:06:44.660 [main] INFO  testCases.TC003_LoginDDT - Clicked on My Account link
15:06:45.103 [main] INFO  testCases.TC003_LoginDDT - Clicked on Login link
15:06:45.208 [main] INFO  testCases.TC003_LoginDDT - Provided email
15:06:45.256 [main] INFO  testCases.TC003_LoginDDT - Provided password
15:06:45.306 [main] INFO  testCases.TC003_LoginDDT - Clicked on Login button
15:07:00.327 [main] ERROR testCases.TC003_LoginDDT - Login DDT failed
