11:54:18.147 [main] DEBUG org.testng.TestNG - suiteXmlPath: "C:\Users\Nawaz\eclipse-workspace\opencart1-1\master.xml"
11:54:18.411 [main] INFO  org.testng.internal.Utils - [TestNG] Running:
  C:\Users\Nawaz\eclipse-workspace\opencart1-1\master.xml

11:54:22.141 [main] INFO  testCases.TC001_AccountRegistation - **Starting TC001_AccountRegistration**
11:54:22.616 [main] INFO  testCases.TC001_AccountRegistation - Clicked on My Account link
11:54:23.183 [main] INFO  testCases.TC001_AccountRegistation - Clicked on Register link
11:54:23.186 [main] INFO  testCases.TC001_AccountRegistation - Providing customer data
11:54:24.555 [main] INFO  testCases.TC001_AccountRegistation - Clicked on Continue button
11:54:24.599 [main] INFO  testCases.TC001_AccountRegistation - Validating account registration
11:54:24.599 [main] INFO  testCases.TC001_AccountRegistation - Account registration successful
11:54:24.601 [main] INFO  testCases.TC001_AccountRegistation - **Finished TC001_AccountRegistration**
11:54:26.625 [main] INFO  testCases.TC002_Login_Test - ***** Starting TC002_Login_Test *****
11:54:26.993 [main] INFO  testCases.TC002_Login_Test - Clicked on My Account link
11:54:27.296 [main] INFO  testCases.TC002_Login_Test - Clicked on Login link
11:54:27.390 [main] INFO  testCases.TC002_Login_Test - Provided email
11:54:27.502 [main] INFO  testCases.TC002_Login_Test - Provided password
11:54:27.602 [main] INFO  testCases.TC002_Login_Test - Clicked on Login button
11:54:28.455 [main] INFO  testCases.TC002_Login_Test - Login test passed
11:54:28.455 [main] INFO  testCases.TC002_Login_Test - ***** Finished TC002_Login_Test *****
11:54:30.590 [main] DEBUG org.apache.poi.openxml4j.opc.PackageRelationshipCollection - Parsing relationship: /xl/_rels/workbook.xml.rels
11:54:30.594 [main] DEBUG org.apache.poi.openxml4j.opc.PackageRelationshipCollection - Parsing relationship: /_rels/.rels
11:54:31.073 [main] DEBUG org.apache.poi.openxml4j.opc.PackageRelationshipCollection - Parsing relationship: /xl/_rels/workbook.xml.rels
11:54:31.075 [main] DEBUG org.apache.poi.openxml4j.opc.PackageRelationshipCollection - Parsing relationship: /_rels/.rels
11:54:31.094 [main] DEBUG org.apache.poi.openxml4j.opc.PackageRelationshipCollection - Parsing relationship: /xl/_rels/workbook.xml.rels
11:54:31.094 [main] DEBUG org.apache.poi.openxml4j.opc.PackageRelationshipCollection - Parsing relationship: /_rels/.rels
11:54:31.126 [main] DEBUG org.apache.poi.openxml4j.opc.PackageRelationshipCollection - Parsing relationship: /xl/_rels/workbook.xml.rels
11:54:31.126 [main] DEBUG org.apache.poi.openxml4j.opc.PackageRelationshipCollection - Parsing relationship: /_rels/.rels
11:54:31.141 [main] DEBUG org.apache.poi.openxml4j.opc.PackageRelationshipCollection - Parsing relationship: /xl/_rels/workbook.xml.rels
11:54:31.141 [main] DEBUG org.apache.poi.openxml4j.opc.PackageRelationshipCollection - Parsing relationship: /_rels/.rels
11:54:31.173 [main] DEBUG org.apache.poi.openxml4j.opc.PackageRelationshipCollection - Parsing relationship: /xl/_rels/workbook.xml.rels
11:54:31.173 [main] DEBUG org.apache.poi.openxml4j.opc.PackageRelationshipCollection - Parsing relationship: /_rels/.rels
11:54:31.191 [main] DEBUG org.apache.poi.openxml4j.opc.PackageRelationshipCollection - Parsing relationship: /xl/_rels/workbook.xml.rels
11:54:31.191 [main] DEBUG org.apache.poi.openxml4j.opc.PackageRelationshipCollection - Parsing relationship: /_rels/.rels
11:54:31.220 [main] DEBUG org.apache.poi.openxml4j.opc.PackageRelationshipCollection - Parsing relationship: /xl/_rels/workbook.xml.rels
11:54:31.220 [main] DEBUG org.apache.poi.openxml4j.opc.PackageRelationshipCollection - Parsing relationship: /_rels/.rels
11:54:31.236 [main] DEBUG org.apache.poi.openxml4j.opc.PackageRelationshipCollection - Parsing relationship: /xl/_rels/workbook.xml.rels
11:54:31.236 [main] DEBUG org.apache.poi.openxml4j.opc.PackageRelationshipCollection - Parsing relationship: /_rels/.rels
11:54:31.252 [main] DEBUG org.apache.poi.openxml4j.opc.PackageRelationshipCollection - Parsing relationship: /xl/_rels/workbook.xml.rels
11:54:31.252 [main] DEBUG org.apache.poi.openxml4j.opc.PackageRelationshipCollection - Parsing relationship: /_rels/.rels
11:54:31.267 [main] DEBUG org.apache.poi.openxml4j.opc.PackageRelationshipCollection - Parsing relationship: /xl/_rels/workbook.xml.rels
11:54:31.267 [main] DEBUG org.apache.poi.openxml4j.opc.PackageRelationshipCollection - Parsing relationship: /_rels/.rels
11:54:31.301 [main] DEBUG org.apache.poi.openxml4j.opc.PackageRelationshipCollection - Parsing relationship: /xl/_rels/workbook.xml.rels
11:54:31.301 [main] DEBUG org.apache.poi.openxml4j.opc.PackageRelationshipCollection - Parsing relationship: /_rels/.rels
11:54:31.315 [main] DEBUG org.apache.poi.openxml4j.opc.PackageRelationshipCollection - Parsing relationship: /xl/_rels/workbook.xml.rels
11:54:31.315 [main] DEBUG org.apache.poi.openxml4j.opc.PackageRelationshipCollection - Parsing relationship: /_rels/.rels
11:54:31.331 [main] DEBUG org.apache.poi.openxml4j.opc.PackageRelationshipCollection - Parsing relationship: /xl/_rels/workbook.xml.rels
11:54:31.331 [main] DEBUG org.apache.poi.openxml4j.opc.PackageRelationshipCollection - Parsing relationship: /_rels/.rels
11:54:31.351 [main] DEBUG org.apache.poi.openxml4j.opc.PackageRelationshipCollection - Parsing relationship: /xl/_rels/workbook.xml.rels
11:54:31.351 [main] DEBUG org.apache.poi.openxml4j.opc.PackageRelationshipCollection - Parsing relationship: /_rels/.rels
11:54:31.368 [main] DEBUG org.apache.poi.openxml4j.opc.PackageRelationshipCollection - Parsing relationship: /xl/_rels/workbook.xml.rels
11:54:31.368 [main] DEBUG org.apache.poi.openxml4j.opc.PackageRelationshipCollection - Parsing relationship: /_rels/.rels
11:54:31.379 [main] DEBUG org.apache.poi.openxml4j.opc.PackageRelationshipCollection - Parsing relationship: /xl/_rels/workbook.xml.rels
11:54:31.379 [main] DEBUG org.apache.poi.openxml4j.opc.PackageRelationshipCollection - Parsing relationship: /_rels/.rels
11:54:31.393 [main] DEBUG org.apache.poi.openxml4j.opc.PackageRelationshipCollection - Parsing relationship: /xl/_rels/workbook.xml.rels
11:54:31.393 [main] DEBUG org.apache.poi.openxml4j.opc.PackageRelationshipCollection - Parsing relationship: /_rels/.rels
11:54:31.409 [main] DEBUG org.apache.poi.openxml4j.opc.PackageRelationshipCollection - Parsing relationship: /xl/_rels/workbook.xml.rels
11:54:31.409 [main] DEBUG org.apache.poi.openxml4j.opc.PackageRelationshipCollection - Parsing relationship: /_rels/.rels
11:54:31.428 [main] DEBUG org.apache.poi.openxml4j.opc.PackageRelationshipCollection - Parsing relationship: /xl/_rels/workbook.xml.rels
11:54:31.428 [main] DEBUG org.apache.poi.openxml4j.opc.PackageRelationshipCollection - Parsing relationship: /_rels/.rels
11:54:31.445 [main] INFO  testCases.TC003_LoginDDT - ***** Starting LoginDDT *****
11:54:31.542 [main] INFO  testCases.TC003_LoginDDT - Clicked on My Account link
11:54:31.840 [main] INFO  testCases.TC003_LoginDDT - Clicked on Login link
11:54:31.924 [main] INFO  testCases.TC003_LoginDDT - Provided email
11:54:31.997 [main] INFO  testCases.TC003_LoginDDT - Provided password
11:54:32.079 [main] INFO  testCases.TC003_LoginDDT - Clicked on Login button
11:54:47.092 [main] ERROR testCases.TC003_LoginDDT - Login DDT failed
11:54:47.242 [main] INFO  testCases.TC003_LoginDDT - ***** Starting LoginDDT *****
11:54:47.308 [main] INFO  testCases.TC003_LoginDDT - Clicked on My Account link
11:54:47.659 [main] INFO  testCases.TC003_LoginDDT - Clicked on Login link
11:54:47.746 [main] INFO  testCases.TC003_LoginDDT - Provided email
11:54:47.808 [main] INFO  testCases.TC003_LoginDDT - Provided password
11:54:47.866 [main] INFO  testCases.TC003_LoginDDT - Clicked on Login button
11:54:48.595 [main] INFO  testCases.TC003_LoginDDT - Login DDT passed
11:54:48.977 [main] INFO  testCases.TC003_LoginDDT - *********** Finished TC003_LoginDDT ***********
11:54:48.981 [main] INFO  testCases.TC003_LoginDDT - ***** Starting LoginDDT *****
11:54:49.077 [main] INFO  testCases.TC003_LoginDDT - Clicked on My Account link
11:54:49.346 [main] INFO  testCases.TC003_LoginDDT - Clicked on Login link
11:54:49.455 [main] INFO  testCases.TC003_LoginDDT - Provided email
11:54:49.529 [main] INFO  testCases.TC003_LoginDDT - Provided password
11:54:49.606 [main] INFO  testCases.TC003_LoginDDT - Clicked on Login button
11:54:50.436 [main] INFO  testCases.TC003_LoginDDT - Login DDT passed
11:54:50.857 [main] INFO  testCases.TC003_LoginDDT - *********** Finished TC003_LoginDDT ***********
11:54:50.861 [main] INFO  testCases.TC003_LoginDDT - ***** Starting LoginDDT *****
11:54:50.942 [main] INFO  testCases.TC003_LoginDDT - Clicked on My Account link
11:54:51.310 [main] INFO  testCases.TC003_LoginDDT - Clicked on Login link
11:54:51.393 [main] INFO  testCases.TC003_LoginDDT - Provided email
11:54:51.463 [main] INFO  testCases.TC003_LoginDDT - Provided password
11:54:51.531 [main] INFO  testCases.TC003_LoginDDT - Clicked on Login button
11:54:52.348 [main] INFO  testCases.TC003_LoginDDT - Login DDT passed
11:54:52.729 [main] INFO  testCases.TC003_LoginDDT - *********** Finished TC003_LoginDDT ***********
11:54:52.732 [main] INFO  testCases.TC003_LoginDDT - ***** Starting LoginDDT *****
11:54:52.802 [main] INFO  testCases.TC003_LoginDDT - Clicked on My Account link
11:54:53.059 [main] INFO  testCases.TC003_LoginDDT - Clicked on Login link
11:54:53.158 [main] INFO  testCases.TC003_LoginDDT - Provided email
11:54:53.218 [main] INFO  testCases.TC003_LoginDDT - Provided password
11:54:53.285 [main] INFO  testCases.TC003_LoginDDT - Clicked on Login button
11:54:54.008 [main] INFO  testCases.TC003_LoginDDT - Login DDT passed
11:54:54.564 [main] INFO  testCases.TC003_LoginDDT - *********** Finished TC003_LoginDDT ***********
11:54:54.568 [main] INFO  testCases.TC003_LoginDDT - ***** Starting LoginDDT *****
11:54:54.639 [main] INFO  testCases.TC003_LoginDDT - Clicked on My Account link
11:54:54.896 [main] INFO  testCases.TC003_LoginDDT - Clicked on Login link
11:54:55.015 [main] INFO  testCases.TC003_LoginDDT - Provided email
11:54:55.079 [main] INFO  testCases.TC003_LoginDDT - Provided password
11:54:55.141 [main] INFO  testCases.TC003_LoginDDT - Clicked on Login button
11:55:10.178 [main] ERROR testCases.TC003_LoginDDT - Login DDT failed
