11:50:54.949 [main] DEBUG org.testng.TestNG - suiteXmlPath: "C:\Users\Nawaz\eclipse-workspace\opencart1-1\master.xml"
11:51:01.814 [main] INFO  testCases.TC001_AccountRegistration - **Starting TC001_AccountRegistration**
11:51:02.013 [main] INFO  testCases.TC001_AccountRegistration - Clicked on My Account link
11:51:02.562 [main] INFO  testCases.TC001_AccountRegistration - Clicked on Register link
11:51:02.565 [main] INFO  testCases.TC001_AccountRegistration - Providing customer data
11:51:04.503 [main] INFO  testCases.TC001_AccountRegistration - Clicked on Continue button
11:51:04.576 [main] INFO  testCases.TC001_AccountRegistration - Validating account registration
11:51:04.576 [main] INFO  testCases.TC001_AccountRegistration - Account registration successful
11:51:04.579 [main] INFO  testCases.TC001_AccountRegistration - **Finished TC001_AccountRegistration**
11:51:06.654 [main] INFO  testCases.TC002_Login_Test - ***** Starting TC002_Login_Test *****
11:51:06.797 [main] INFO  testCases.TC002_Login_Test - Clicked on My Account link
11:51:07.140 [main] INFO  testCases.TC002_Login_Test - Clicked on Login link
11:51:07.285 [main] INFO  testCases.TC002_Login_Test - Provided email
11:51:07.406 [main] INFO  testCases.TC002_Login_Test - Provided password
11:51:08.364 [main] INFO  testCases.TC002_Login_Test - Clicked on Login button
11:51:08.440 [main] INFO  testCases.TC002_Login_Test - Login test passed
11:51:08.440 [main] INFO  testCases.TC002_Login_Test - ***** Finished TC002_Login_Test *****
11:51:10.665 [main] DEBUG org.apache.poi.openxml4j.opc.PackageRelationshipCollection - Parsing relationship: /xl/_rels/workbook.xml.rels
11:51:10.665 [main] DEBUG org.apache.poi.openxml4j.opc.PackageRelationshipCollection - Parsing relationship: /_rels/.rels
11:51:11.575 [main] DEBUG org.apache.poi.openxml4j.opc.PackageRelationshipCollection - Parsing relationship: /xl/_rels/workbook.xml.rels
11:51:11.575 [main] DEBUG org.apache.poi.openxml4j.opc.PackageRelationshipCollection - Parsing relationship: /_rels/.rels
11:51:11.602 [main] DEBUG org.apache.poi.openxml4j.opc.PackageRelationshipCollection - Parsing relationship: /xl/_rels/workbook.xml.rels
11:51:11.603 [main] DEBUG org.apache.poi.openxml4j.opc.PackageRelationshipCollection - Parsing relationship: /_rels/.rels
11:51:11.631 [main] DEBUG org.apache.poi.openxml4j.opc.PackageRelationshipCollection - Parsing relationship: /xl/_rels/workbook.xml.rels
11:51:11.633 [main] DEBUG org.apache.poi.openxml4j.opc.PackageRelationshipCollection - Parsing relationship: /_rels/.rels
11:51:11.647 [main] DEBUG org.apache.poi.openxml4j.opc.PackageRelationshipCollection - Parsing relationship: /xl/_rels/workbook.xml.rels
11:51:11.647 [main] DEBUG org.apache.poi.openxml4j.opc.PackageRelationshipCollection - Parsing relationship: /_rels/.rels
11:51:11.668 [main] DEBUG org.apache.poi.openxml4j.opc.PackageRelationshipCollection - Parsing relationship: /xl/_rels/workbook.xml.rels
11:51:11.668 [main] DEBUG org.apache.poi.openxml4j.opc.PackageRelationshipCollection - Parsing relationship: /_rels/.rels
11:51:11.691 [main] DEBUG org.apache.poi.openxml4j.opc.PackageRelationshipCollection - Parsing relationship: /xl/_rels/workbook.xml.rels
11:51:11.691 [main] DEBUG org.apache.poi.openxml4j.opc.PackageRelationshipCollection - Parsing relationship: /_rels/.rels
11:51:11.711 [main] DEBUG org.apache.poi.openxml4j.opc.PackageRelationshipCollection - Parsing relationship: /xl/_rels/workbook.xml.rels
11:51:11.711 [main] DEBUG org.apache.poi.openxml4j.opc.PackageRelationshipCollection - Parsing relationship: /_rels/.rels
11:51:11.730 [main] DEBUG org.apache.poi.openxml4j.opc.PackageRelationshipCollection - Parsing relationship: /xl/_rels/workbook.xml.rels
11:51:11.730 [main] DEBUG org.apache.poi.openxml4j.opc.PackageRelationshipCollection - Parsing relationship: /_rels/.rels
11:51:11.742 [main] DEBUG org.apache.poi.openxml4j.opc.PackageRelationshipCollection - Parsing relationship: /xl/_rels/workbook.xml.rels
11:51:11.742 [main] DEBUG org.apache.poi.openxml4j.opc.PackageRelationshipCollection - Parsing relationship: /_rels/.rels
11:51:11.761 [main] DEBUG org.apache.poi.openxml4j.opc.PackageRelationshipCollection - Parsing relationship: /xl/_rels/workbook.xml.rels
11:51:11.761 [main] DEBUG org.apache.poi.openxml4j.opc.PackageRelationshipCollection - Parsing relationship: /_rels/.rels
11:51:11.781 [main] DEBUG org.apache.poi.openxml4j.opc.PackageRelationshipCollection - Parsing relationship: /xl/_rels/workbook.xml.rels
11:51:11.781 [main] DEBUG org.apache.poi.openxml4j.opc.PackageRelationshipCollection - Parsing relationship: /_rels/.rels
11:51:11.791 [main] DEBUG org.apache.poi.openxml4j.opc.PackageRelationshipCollection - Parsing relationship: /xl/_rels/workbook.xml.rels
11:51:11.798 [main] DEBUG org.apache.poi.openxml4j.opc.PackageRelationshipCollection - Parsing relationship: /_rels/.rels
11:51:11.812 [main] DEBUG org.apache.poi.openxml4j.opc.PackageRelationshipCollection - Parsing relationship: /xl/_rels/workbook.xml.rels
11:51:11.812 [main] DEBUG org.apache.poi.openxml4j.opc.PackageRelationshipCollection - Parsing relationship: /_rels/.rels
11:51:11.822 [main] DEBUG org.apache.poi.openxml4j.opc.PackageRelationshipCollection - Parsing relationship: /xl/_rels/workbook.xml.rels
11:51:11.822 [main] DEBUG org.apache.poi.openxml4j.opc.PackageRelationshipCollection - Parsing relationship: /_rels/.rels
11:51:11.843 [main] DEBUG org.apache.poi.openxml4j.opc.PackageRelationshipCollection - Parsing relationship: /xl/_rels/workbook.xml.rels
11:51:11.847 [main] DEBUG org.apache.poi.openxml4j.opc.PackageRelationshipCollection - Parsing relationship: /_rels/.rels
11:51:11.854 [main] DEBUG org.apache.poi.openxml4j.opc.PackageRelationshipCollection - Parsing relationship: /xl/_rels/workbook.xml.rels
11:51:11.854 [main] DEBUG org.apache.poi.openxml4j.opc.PackageRelationshipCollection - Parsing relationship: /_rels/.rels
11:51:11.880 [main] DEBUG org.apache.poi.openxml4j.opc.PackageRelationshipCollection - Parsing relationship: /xl/_rels/workbook.xml.rels
11:51:11.880 [main] DEBUG org.apache.poi.openxml4j.opc.PackageRelationshipCollection - Parsing relationship: /_rels/.rels
11:51:11.896 [main] DEBUG org.apache.poi.openxml4j.opc.PackageRelationshipCollection - Parsing relationship: /xl/_rels/workbook.xml.rels
11:51:11.896 [main] DEBUG org.apache.poi.openxml4j.opc.PackageRelationshipCollection - Parsing relationship: /_rels/.rels
11:51:11.911 [main] DEBUG org.apache.poi.openxml4j.opc.PackageRelationshipCollection - Parsing relationship: /xl/_rels/workbook.xml.rels
11:51:11.911 [main] DEBUG org.apache.poi.openxml4j.opc.PackageRelationshipCollection - Parsing relationship: /_rels/.rels
11:51:11.921 [main] INFO  testCases.TC003_LoginDDT - ***** Starting LoginDDT *****
11:51:12.018 [main] INFO  testCases.TC003_LoginDDT - Clicked on My Account link
11:51:12.418 [main] INFO  testCases.TC003_LoginDDT - Clicked on Login link
11:51:12.560 [main] INFO  testCases.TC003_LoginDDT - Provided email
11:51:12.658 [main] INFO  testCases.TC003_LoginDDT - Provided password
11:51:13.416 [main] INFO  testCases.TC003_LoginDDT - Clicked on Login button
11:51:28.433 [main] ERROR testCases.TC003_LoginDDT - Login DDT failed
11:51:28.627 [main] INFO  testCases.TC003_LoginDDT - ***** Starting LoginDDT *****
11:51:28.713 [main] INFO  testCases.TC003_LoginDDT - Clicked on My Account link
11:51:29.024 [main] INFO  testCases.TC003_LoginDDT - Clicked on Login link
11:51:29.230 [main] INFO  testCases.TC003_LoginDDT - Provided email
11:51:29.336 [main] INFO  testCases.TC003_LoginDDT - Provided password
11:51:30.130 [main] INFO  testCases.TC003_LoginDDT - Clicked on Login button
11:51:30.223 [main] INFO  testCases.TC003_LoginDDT - Login DDT passed
11:51:30.674 [main] INFO  testCases.TC003_LoginDDT - *********** Finished TC003_LoginDDT ***********
11:51:30.676 [main] INFO  testCases.TC003_LoginDDT - ***** Starting LoginDDT *****
11:51:30.796 [main] INFO  testCases.TC003_LoginDDT - Clicked on My Account link
11:51:31.125 [main] INFO  testCases.TC003_LoginDDT - Clicked on Login link
11:51:31.271 [main] INFO  testCases.TC003_LoginDDT - Provided email
11:51:31.364 [main] INFO  testCases.TC003_LoginDDT - Provided password
11:51:32.269 [main] INFO  testCases.TC003_LoginDDT - Clicked on Login button
11:51:32.347 [main] INFO  testCases.TC003_LoginDDT - Login DDT passed
11:51:32.836 [main] INFO  testCases.TC003_LoginDDT - *********** Finished TC003_LoginDDT ***********
11:51:32.839 [main] INFO  testCases.TC003_LoginDDT - ***** Starting LoginDDT *****
11:51:32.945 [main] INFO  testCases.TC003_LoginDDT - Clicked on My Account link
11:51:33.257 [main] INFO  testCases.TC003_LoginDDT - Clicked on Login link
11:51:33.416 [main] INFO  testCases.TC003_LoginDDT - Provided email
11:51:33.525 [main] INFO  testCases.TC003_LoginDDT - Provided password
11:51:34.381 [main] INFO  testCases.TC003_LoginDDT - Clicked on Login button
11:51:34.432 [main] INFO  testCases.TC003_LoginDDT - Login DDT passed
11:51:34.895 [main] INFO  testCases.TC003_LoginDDT - *********** Finished TC003_LoginDDT ***********
11:51:34.897 [main] INFO  testCases.TC003_LoginDDT - ***** Starting LoginDDT *****
11:51:34.972 [main] INFO  testCases.TC003_LoginDDT - Clicked on My Account link
11:51:35.273 [main] INFO  testCases.TC003_LoginDDT - Clicked on Login link
11:51:35.423 [main] INFO  testCases.TC003_LoginDDT - Provided email
11:51:35.523 [main] INFO  testCases.TC003_LoginDDT - Provided password
11:51:36.376 [main] INFO  testCases.TC003_LoginDDT - Clicked on Login button
11:51:36.421 [main] INFO  testCases.TC003_LoginDDT - Login DDT passed
11:51:36.866 [main] INFO  testCases.TC003_LoginDDT - *********** Finished TC003_LoginDDT ***********
11:51:36.867 [main] INFO  testCases.TC003_LoginDDT - ***** Starting LoginDDT *****
11:51:36.951 [main] INFO  testCases.TC003_LoginDDT - Clicked on My Account link
11:51:37.294 [main] INFO  testCases.TC003_LoginDDT - Clicked on Login link
11:51:37.435 [main] INFO  testCases.TC003_LoginDDT - Provided email
11:51:37.528 [main] INFO  testCases.TC003_LoginDDT - Provided password
11:51:38.314 [main] INFO  testCases.TC003_LoginDDT - Clicked on Login button
11:51:53.328 [main] ERROR testCases.TC003_LoginDDT - Login DDT failed
