14:50:19.307 [main] DEBUG org.testng.TestNG - suiteXmlPath: "C:\Users\Nawaz\eclipse-workspace\opencart1-1\master.xml"
14:50:19.613 [main] INFO  org.testng.internal.Utils - [TestNG] Running:
  C:\Users\Nawaz\eclipse-workspace\opencart1-1\master.xml

14:50:23.950 [main] INFO  testCases.TC001_AccountRegistation - **Starting TC001_AccountRegistration**
14:50:24.202 [main] INFO  testCases.TC001_AccountRegistation - Clicked on My Account link
14:50:24.641 [main] INFO  testCases.TC001_AccountRegistation - Clicked on Register link
14:50:24.645 [main] INFO  testCases.TC001_AccountRegistation - Providing customer data
14:50:26.159 [main] INFO  testCases.TC001_AccountRegistation - Clicked on Continue button
14:50:26.225 [main] INFO  testCases.TC001_AccountRegistation - Validating account registration
14:50:26.225 [main] INFO  testCases.TC001_AccountRegistation - Account registration successful
14:50:26.225 [main] INFO  testCases.TC001_AccountRegistation - **Finished TC001_AccountRegistration**
14:50:28.209 [main] INFO  testCases.TC002_Login_Test - ***** Starting TC002_Login_Test *****
14:50:28.598 [main] INFO  testCases.TC002_Login_Test - Clicked on My Account link
14:50:28.858 [main] INFO  testCases.TC002_Login_Test - Clicked on Login link
14:50:28.960 [main] INFO  testCases.TC002_Login_Test - Provided email
14:50:29.024 [main] INFO  testCases.TC002_Login_Test - Provided password
14:50:29.092 [main] INFO  testCases.TC002_Login_Test - Clicked on Login button
14:50:29.837 [main] INFO  testCases.TC002_Login_Test - Login test passed
14:50:29.837 [main] INFO  testCases.TC002_Login_Test - ***** Finished TC002_Login_Test *****
14:50:32.071 [main] DEBUG org.apache.poi.openxml4j.opc.PackageRelationshipCollection - Parsing relationship: /xl/_rels/workbook.xml.rels
14:50:32.077 [main] DEBUG org.apache.poi.openxml4j.opc.PackageRelationshipCollection - Parsing relationship: /_rels/.rels
14:50:32.633 [main] DEBUG org.apache.poi.openxml4j.opc.PackageRelationshipCollection - Parsing relationship: /xl/_rels/workbook.xml.rels
14:50:32.633 [main] DEBUG org.apache.poi.openxml4j.opc.PackageRelationshipCollection - Parsing relationship: /_rels/.rels
14:50:32.649 [main] DEBUG org.apache.poi.openxml4j.opc.PackageRelationshipCollection - Parsing relationship: /xl/_rels/workbook.xml.rels
14:50:32.649 [main] DEBUG org.apache.poi.openxml4j.opc.PackageRelationshipCollection - Parsing relationship: /_rels/.rels
14:50:32.697 [main] DEBUG org.apache.poi.openxml4j.opc.PackageRelationshipCollection - Parsing relationship: /xl/_rels/workbook.xml.rels
14:50:32.697 [main] DEBUG org.apache.poi.openxml4j.opc.PackageRelationshipCollection - Parsing relationship: /_rels/.rels
14:50:32.713 [main] DEBUG org.apache.poi.openxml4j.opc.PackageRelationshipCollection - Parsing relationship: /xl/_rels/workbook.xml.rels
14:50:32.713 [main] DEBUG org.apache.poi.openxml4j.opc.PackageRelationshipCollection - Parsing relationship: /_rels/.rels
14:50:32.729 [main] DEBUG org.apache.poi.openxml4j.opc.PackageRelationshipCollection - Parsing relationship: /xl/_rels/workbook.xml.rels
14:50:32.729 [main] DEBUG org.apache.poi.openxml4j.opc.PackageRelationshipCollection - Parsing relationship: /_rels/.rels
14:50:32.745 [main] DEBUG org.apache.poi.openxml4j.opc.PackageRelationshipCollection - Parsing relationship: /xl/_rels/workbook.xml.rels
14:50:32.745 [main] DEBUG org.apache.poi.openxml4j.opc.PackageRelationshipCollection - Parsing relationship: /_rels/.rels
14:50:32.760 [main] DEBUG org.apache.poi.openxml4j.opc.PackageRelationshipCollection - Parsing relationship: /xl/_rels/workbook.xml.rels
14:50:32.776 [main] DEBUG org.apache.poi.openxml4j.opc.PackageRelationshipCollection - Parsing relationship: /_rels/.rels
14:50:32.792 [main] DEBUG org.apache.poi.openxml4j.opc.PackageRelationshipCollection - Parsing relationship: /xl/_rels/workbook.xml.rels
14:50:32.792 [main] DEBUG org.apache.poi.openxml4j.opc.PackageRelationshipCollection - Parsing relationship: /_rels/.rels
14:50:32.808 [main] DEBUG org.apache.poi.openxml4j.opc.PackageRelationshipCollection - Parsing relationship: /xl/_rels/workbook.xml.rels
14:50:32.808 [main] DEBUG org.apache.poi.openxml4j.opc.PackageRelationshipCollection - Parsing relationship: /_rels/.rels
14:50:32.824 [main] DEBUG org.apache.poi.openxml4j.opc.PackageRelationshipCollection - Parsing relationship: /xl/_rels/workbook.xml.rels
14:50:32.824 [main] DEBUG org.apache.poi.openxml4j.opc.PackageRelationshipCollection - Parsing relationship: /_rels/.rels
14:50:32.840 [main] DEBUG org.apache.poi.openxml4j.opc.PackageRelationshipCollection - Parsing relationship: /xl/_rels/workbook.xml.rels
14:50:32.840 [main] DEBUG org.apache.poi.openxml4j.opc.PackageRelationshipCollection - Parsing relationship: /_rels/.rels
14:50:32.855 [main] DEBUG org.apache.poi.openxml4j.opc.PackageRelationshipCollection - Parsing relationship: /xl/_rels/workbook.xml.rels
14:50:32.855 [main] DEBUG org.apache.poi.openxml4j.opc.PackageRelationshipCollection - Parsing relationship: /_rels/.rels
14:50:32.871 [main] DEBUG org.apache.poi.openxml4j.opc.PackageRelationshipCollection - Parsing relationship: /xl/_rels/workbook.xml.rels
14:50:32.871 [main] DEBUG org.apache.poi.openxml4j.opc.PackageRelationshipCollection - Parsing relationship: /_rels/.rels
14:50:32.887 [main] DEBUG org.apache.poi.openxml4j.opc.PackageRelationshipCollection - Parsing relationship: /xl/_rels/workbook.xml.rels
14:50:32.903 [main] DEBUG org.apache.poi.openxml4j.opc.PackageRelationshipCollection - Parsing relationship: /_rels/.rels
14:50:32.919 [main] DEBUG org.apache.poi.openxml4j.opc.PackageRelationshipCollection - Parsing relationship: /xl/_rels/workbook.xml.rels
14:50:32.919 [main] DEBUG org.apache.poi.openxml4j.opc.PackageRelationshipCollection - Parsing relationship: /_rels/.rels
14:50:32.919 [main] DEBUG org.apache.poi.openxml4j.opc.PackageRelationshipCollection - Parsing relationship: /xl/_rels/workbook.xml.rels
14:50:32.935 [main] DEBUG org.apache.poi.openxml4j.opc.PackageRelationshipCollection - Parsing relationship: /_rels/.rels
14:50:32.935 [main] DEBUG org.apache.poi.openxml4j.opc.PackageRelationshipCollection - Parsing relationship: /xl/_rels/workbook.xml.rels
14:50:32.950 [main] DEBUG org.apache.poi.openxml4j.opc.PackageRelationshipCollection - Parsing relationship: /_rels/.rels
14:50:32.950 [main] DEBUG org.apache.poi.openxml4j.opc.PackageRelationshipCollection - Parsing relationship: /xl/_rels/workbook.xml.rels
14:50:32.950 [main] DEBUG org.apache.poi.openxml4j.opc.PackageRelationshipCollection - Parsing relationship: /_rels/.rels
14:50:32.966 [main] DEBUG org.apache.poi.openxml4j.opc.PackageRelationshipCollection - Parsing relationship: /xl/_rels/workbook.xml.rels
14:50:32.966 [main] DEBUG org.apache.poi.openxml4j.opc.PackageRelationshipCollection - Parsing relationship: /_rels/.rels
14:50:32.984 [main] INFO  testCases.TC003_LoginDDT - ***** Starting LoginDDT *****
14:50:33.069 [main] INFO  testCases.TC003_LoginDDT - Clicked on My Account link
14:50:33.355 [main] INFO  testCases.TC003_LoginDDT - Clicked on Login link
14:50:33.475 [main] INFO  testCases.TC003_LoginDDT - Provided email
14:50:33.522 [main] INFO  testCases.TC003_LoginDDT - Provided password
14:50:34.233 [main] INFO  testCases.TC003_LoginDDT - Clicked on Login button
14:50:49.353 [main] ERROR testCases.TC003_LoginDDT - Login DDT failed
14:50:49.506 [main] INFO  testCases.TC003_LoginDDT - ***** Starting LoginDDT *****
14:50:49.578 [main] INFO  testCases.TC003_LoginDDT - Clicked on My Account link
14:50:49.822 [main] INFO  testCases.TC003_LoginDDT - Clicked on Login link
14:50:49.893 [main] INFO  testCases.TC003_LoginDDT - Provided email
14:50:49.948 [main] INFO  testCases.TC003_LoginDDT - Provided password
14:50:50.663 [main] INFO  testCases.TC003_LoginDDT - Clicked on Login button
14:50:50.697 [main] INFO  testCases.TC003_LoginDDT - Login DDT passed
14:50:51.077 [main] INFO  testCases.TC003_LoginDDT - *********** Finished TC003_LoginDDT ***********
14:50:51.082 [main] INFO  testCases.TC003_LoginDDT - ***** Starting LoginDDT *****
14:50:51.163 [main] INFO  testCases.TC003_LoginDDT - Clicked on My Account link
14:50:51.444 [main] INFO  testCases.TC003_LoginDDT - Clicked on Login link
14:50:51.570 [main] INFO  testCases.TC003_LoginDDT - Provided email
14:50:51.634 [main] INFO  testCases.TC003_LoginDDT - Provided password
14:50:52.451 [main] INFO  testCases.TC003_LoginDDT - Clicked on Login button
14:50:52.474 [main] INFO  testCases.TC003_LoginDDT - Login DDT passed
14:50:52.837 [main] INFO  testCases.TC003_LoginDDT - *********** Finished TC003_LoginDDT ***********
14:50:52.840 [main] INFO  testCases.TC003_LoginDDT - ***** Starting LoginDDT *****
14:50:52.915 [main] INFO  testCases.TC003_LoginDDT - Clicked on My Account link
14:50:53.207 [main] INFO  testCases.TC003_LoginDDT - Clicked on Login link
14:50:53.305 [main] INFO  testCases.TC003_LoginDDT - Provided email
14:50:53.366 [main] INFO  testCases.TC003_LoginDDT - Provided password
14:50:54.399 [main] INFO  testCases.TC003_LoginDDT - Clicked on Login button
14:50:54.421 [main] INFO  testCases.TC003_LoginDDT - Login DDT passed
14:50:54.826 [main] INFO  testCases.TC003_LoginDDT - *********** Finished TC003_LoginDDT ***********
14:50:54.831 [main] INFO  testCases.TC003_LoginDDT - ***** Starting LoginDDT *****
14:50:54.906 [main] INFO  testCases.TC003_LoginDDT - Clicked on My Account link
14:50:55.198 [main] INFO  testCases.TC003_LoginDDT - Clicked on Login link
14:50:55.297 [main] INFO  testCases.TC003_LoginDDT - Provided email
14:50:55.348 [main] INFO  testCases.TC003_LoginDDT - Provided password
14:50:55.415 [main] INFO  testCases.TC003_LoginDDT - Clicked on Login button
14:50:56.370 [main] INFO  testCases.TC003_LoginDDT - Login DDT passed
14:50:56.856 [main] INFO  testCases.TC003_LoginDDT - *********** Finished TC003_LoginDDT ***********
14:50:56.859 [main] INFO  testCases.TC003_LoginDDT - ***** Starting LoginDDT *****
14:50:56.936 [main] INFO  testCases.TC003_LoginDDT - Clicked on My Account link
14:50:57.206 [main] INFO  testCases.TC003_LoginDDT - Clicked on Login link
14:50:57.337 [main] INFO  testCases.TC003_LoginDDT - Provided email
14:50:57.381 [main] INFO  testCases.TC003_LoginDDT - Provided password
14:50:57.448 [main] INFO  testCases.TC003_LoginDDT - Clicked on Login button
14:51:12.479 [main] ERROR testCases.TC003_LoginDDT - Login DDT failed
