11:44:00.955 [main] DEBUG org.testng.TestNG - suiteXmlPath: "C:\Users\Nawaz\eclipse-workspace\opencart1-1\master.xml"
11:44:05.653 [main] INFO  testCases.TC001_AccountRegistration - **Starting TC001_AccountRegistration**
11:44:06.048 [main] INFO  testCases.TC001_AccountRegistration - Clicked on My Account link
11:44:06.443 [main] INFO  testCases.TC001_AccountRegistration - Clicked on Register link
11:44:06.446 [main] INFO  testCases.TC001_AccountRegistration - Providing customer data
11:44:08.006 [main] INFO  testCases.TC001_AccountRegistration - Clicked on Continue button
11:44:08.068 [main] INFO  testCases.TC001_AccountRegistration - Validating account registration
11:44:08.068 [main] INFO  testCases.TC001_AccountRegistration - Account registration successful
11:44:08.073 [main] INFO  testCases.TC001_AccountRegistration - **Finished TC001_AccountRegistration**
11:44:10.405 [main] INFO  testCases.TC002_Login_Test - ***** Starting TC002_Login_Test *****
11:44:11.101 [main] INFO  testCases.TC002_Login_Test - Clicked on My Account link
11:44:11.431 [main] INFO  testCases.TC002_Login_Test - Clicked on Login link
11:44:11.597 [main] INFO  testCases.TC002_Login_Test - Provided email
11:44:11.699 [main] INFO  testCases.TC002_Login_Test - Provided password
11:44:11.797 [main] INFO  testCases.TC002_Login_Test - Clicked on Login button
11:44:12.566 [main] INFO  testCases.TC002_Login_Test - Login test passed
11:44:12.566 [main] INFO  testCases.TC002_Login_Test - ***** Finished TC002_Login_Test *****
11:44:14.992 [main] DEBUG org.apache.poi.openxml4j.opc.PackageRelationshipCollection - Parsing relationship: /xl/_rels/workbook.xml.rels
11:44:14.994 [main] DEBUG org.apache.poi.openxml4j.opc.PackageRelationshipCollection - Parsing relationship: /_rels/.rels
11:44:15.675 [main] DEBUG org.apache.poi.openxml4j.opc.PackageRelationshipCollection - Parsing relationship: /xl/_rels/workbook.xml.rels
11:44:15.680 [main] DEBUG org.apache.poi.openxml4j.opc.PackageRelationshipCollection - Parsing relationship: /_rels/.rels
11:44:15.718 [main] DEBUG org.apache.poi.openxml4j.opc.PackageRelationshipCollection - Parsing relationship: /xl/_rels/workbook.xml.rels
11:44:15.720 [main] DEBUG org.apache.poi.openxml4j.opc.PackageRelationshipCollection - Parsing relationship: /_rels/.rels
11:44:15.764 [main] DEBUG org.apache.poi.openxml4j.opc.PackageRelationshipCollection - Parsing relationship: /xl/_rels/workbook.xml.rels
11:44:15.764 [main] DEBUG org.apache.poi.openxml4j.opc.PackageRelationshipCollection - Parsing relationship: /_rels/.rels
11:44:15.796 [main] DEBUG org.apache.poi.openxml4j.opc.PackageRelationshipCollection - Parsing relationship: /xl/_rels/workbook.xml.rels
11:44:15.796 [main] DEBUG org.apache.poi.openxml4j.opc.PackageRelationshipCollection - Parsing relationship: /_rels/.rels
11:44:15.828 [main] DEBUG org.apache.poi.openxml4j.opc.PackageRelationshipCollection - Parsing relationship: /xl/_rels/workbook.xml.rels
11:44:15.828 [main] DEBUG org.apache.poi.openxml4j.opc.PackageRelationshipCollection - Parsing relationship: /_rels/.rels
11:44:15.859 [main] DEBUG org.apache.poi.openxml4j.opc.PackageRelationshipCollection - Parsing relationship: /xl/_rels/workbook.xml.rels
11:44:15.861 [main] DEBUG org.apache.poi.openxml4j.opc.PackageRelationshipCollection - Parsing relationship: /_rels/.rels
11:44:15.892 [main] DEBUG org.apache.poi.openxml4j.opc.PackageRelationshipCollection - Parsing relationship: /xl/_rels/workbook.xml.rels
11:44:15.892 [main] DEBUG org.apache.poi.openxml4j.opc.PackageRelationshipCollection - Parsing relationship: /_rels/.rels
11:44:15.918 [main] DEBUG org.apache.poi.openxml4j.opc.PackageRelationshipCollection - Parsing relationship: /xl/_rels/workbook.xml.rels
11:44:15.918 [main] DEBUG org.apache.poi.openxml4j.opc.PackageRelationshipCollection - Parsing relationship: /_rels/.rels
11:44:15.949 [main] DEBUG org.apache.poi.openxml4j.opc.PackageRelationshipCollection - Parsing relationship: /xl/_rels/workbook.xml.rels
11:44:15.951 [main] DEBUG org.apache.poi.openxml4j.opc.PackageRelationshipCollection - Parsing relationship: /_rels/.rels
11:44:15.975 [main] DEBUG org.apache.poi.openxml4j.opc.PackageRelationshipCollection - Parsing relationship: /xl/_rels/workbook.xml.rels
11:44:15.975 [main] DEBUG org.apache.poi.openxml4j.opc.PackageRelationshipCollection - Parsing relationship: /_rels/.rels
11:44:16.001 [main] DEBUG org.apache.poi.openxml4j.opc.PackageRelationshipCollection - Parsing relationship: /xl/_rels/workbook.xml.rels
11:44:16.001 [main] DEBUG org.apache.poi.openxml4j.opc.PackageRelationshipCollection - Parsing relationship: /_rels/.rels
11:44:16.038 [main] DEBUG org.apache.poi.openxml4j.opc.PackageRelationshipCollection - Parsing relationship: /xl/_rels/workbook.xml.rels
11:44:16.038 [main] DEBUG org.apache.poi.openxml4j.opc.PackageRelationshipCollection - Parsing relationship: /_rels/.rels
11:44:16.063 [main] DEBUG org.apache.poi.openxml4j.opc.PackageRelationshipCollection - Parsing relationship: /xl/_rels/workbook.xml.rels
11:44:16.063 [main] DEBUG org.apache.poi.openxml4j.opc.PackageRelationshipCollection - Parsing relationship: /_rels/.rels
11:44:16.086 [main] DEBUG org.apache.poi.openxml4j.opc.PackageRelationshipCollection - Parsing relationship: /xl/_rels/workbook.xml.rels
11:44:16.086 [main] DEBUG org.apache.poi.openxml4j.opc.PackageRelationshipCollection - Parsing relationship: /_rels/.rels
11:44:16.112 [main] DEBUG org.apache.poi.openxml4j.opc.PackageRelationshipCollection - Parsing relationship: /xl/_rels/workbook.xml.rels
11:44:16.112 [main] DEBUG org.apache.poi.openxml4j.opc.PackageRelationshipCollection - Parsing relationship: /_rels/.rels
11:44:16.136 [main] DEBUG org.apache.poi.openxml4j.opc.PackageRelationshipCollection - Parsing relationship: /xl/_rels/workbook.xml.rels
11:44:16.137 [main] DEBUG org.apache.poi.openxml4j.opc.PackageRelationshipCollection - Parsing relationship: /_rels/.rels
11:44:16.156 [main] DEBUG org.apache.poi.openxml4j.opc.PackageRelationshipCollection - Parsing relationship: /xl/_rels/workbook.xml.rels
11:44:16.156 [main] DEBUG org.apache.poi.openxml4j.opc.PackageRelationshipCollection - Parsing relationship: /_rels/.rels
11:44:16.177 [main] DEBUG org.apache.poi.openxml4j.opc.PackageRelationshipCollection - Parsing relationship: /xl/_rels/workbook.xml.rels
11:44:16.177 [main] DEBUG org.apache.poi.openxml4j.opc.PackageRelationshipCollection - Parsing relationship: /_rels/.rels
11:44:16.197 [main] DEBUG org.apache.poi.openxml4j.opc.PackageRelationshipCollection - Parsing relationship: /xl/_rels/workbook.xml.rels
11:44:16.197 [main] DEBUG org.apache.poi.openxml4j.opc.PackageRelationshipCollection - Parsing relationship: /_rels/.rels
11:44:16.226 [main] INFO  testCases.TC003_LoginDDT - ***** Starting LoginDDT *****
11:44:16.364 [main] INFO  testCases.TC003_LoginDDT - Clicked on My Account link
11:44:16.708 [main] INFO  testCases.TC003_LoginDDT - Clicked on Login link
11:44:16.867 [main] INFO  testCases.TC003_LoginDDT - Provided email
11:44:16.969 [main] INFO  testCases.TC003_LoginDDT - Provided password
11:44:17.637 [main] INFO  testCases.TC003_LoginDDT - Clicked on Login button
11:44:32.685 [main] ERROR testCases.TC003_LoginDDT - Login DDT failed
11:44:32.821 [main] INFO  testCases.TC003_LoginDDT - ***** Starting LoginDDT *****
11:44:32.884 [main] INFO  testCases.TC003_LoginDDT - Clicked on My Account link
11:44:33.302 [main] INFO  testCases.TC003_LoginDDT - Clicked on Login link
11:44:33.389 [main] INFO  testCases.TC003_LoginDDT - Provided email
11:44:33.447 [main] INFO  testCases.TC003_LoginDDT - Provided password
11:44:33.496 [main] INFO  testCases.TC003_LoginDDT - Clicked on Login button
11:44:34.215 [main] INFO  testCases.TC003_LoginDDT - Login DDT passed
11:44:34.602 [main] INFO  testCases.TC003_LoginDDT - *********** Finished TC003_LoginDDT ***********
11:44:34.605 [main] INFO  testCases.TC003_LoginDDT - ***** Starting LoginDDT *****
11:44:34.682 [main] INFO  testCases.TC003_LoginDDT - Clicked on My Account link
11:44:34.935 [main] INFO  testCases.TC003_LoginDDT - Clicked on Login link
11:44:35.032 [main] INFO  testCases.TC003_LoginDDT - Provided email
11:44:35.089 [main] INFO  testCases.TC003_LoginDDT - Provided password
11:44:35.150 [main] INFO  testCases.TC003_LoginDDT - Clicked on Login button
11:44:35.962 [main] INFO  testCases.TC003_LoginDDT - Login DDT passed
11:44:36.351 [main] INFO  testCases.TC003_LoginDDT - *********** Finished TC003_LoginDDT ***********
11:44:36.353 [main] INFO  testCases.TC003_LoginDDT - ***** Starting LoginDDT *****
11:44:36.419 [main] INFO  testCases.TC003_LoginDDT - Clicked on My Account link
11:44:36.659 [main] INFO  testCases.TC003_LoginDDT - Clicked on Login link
11:44:36.748 [main] INFO  testCases.TC003_LoginDDT - Provided email
11:44:36.803 [main] INFO  testCases.TC003_LoginDDT - Provided password
11:44:36.860 [main] INFO  testCases.TC003_LoginDDT - Clicked on Login button
11:44:37.645 [main] INFO  testCases.TC003_LoginDDT - Login DDT passed
11:44:37.971 [main] INFO  testCases.TC003_LoginDDT - *********** Finished TC003_LoginDDT ***********
11:44:37.973 [main] INFO  testCases.TC003_LoginDDT - ***** Starting LoginDDT *****
11:44:38.026 [main] INFO  testCases.TC003_LoginDDT - Clicked on My Account link
11:44:38.263 [main] INFO  testCases.TC003_LoginDDT - Clicked on Login link
11:44:38.362 [main] INFO  testCases.TC003_LoginDDT - Provided email
11:44:38.431 [main] INFO  testCases.TC003_LoginDDT - Provided password
11:44:38.488 [main] INFO  testCases.TC003_LoginDDT - Clicked on Login button
11:44:39.258 [main] INFO  testCases.TC003_LoginDDT - Login DDT passed
11:44:39.651 [main] INFO  testCases.TC003_LoginDDT - *********** Finished TC003_LoginDDT ***********
11:44:39.654 [main] INFO  testCases.TC003_LoginDDT - ***** Starting LoginDDT *****
11:44:39.719 [main] INFO  testCases.TC003_LoginDDT - Clicked on My Account link
11:44:40.001 [main] INFO  testCases.TC003_LoginDDT - Clicked on Login link
11:44:40.115 [main] INFO  testCases.TC003_LoginDDT - Provided email
11:44:40.174 [main] INFO  testCases.TC003_LoginDDT - Provided password
11:44:40.874 [main] INFO  testCases.TC003_LoginDDT - Clicked on Login button
11:44:55.936 [main] ERROR testCases.TC003_LoginDDT - Login DDT failed
