15:31:12.599 [main] DEBUG org.testng.TestNG - suiteXmlPath: "C:\Users\Nawaz\eclipse-workspace\opencart1-1\master.xml"
15:31:13.069 [main] INFO  org.testng.internal.Utils - [TestNG] Running:
  C:\Users\Nawaz\eclipse-workspace\opencart1-1\master.xml

15:31:16.932 [main] DEBUG org.apache.poi.openxml4j.opc.PackageRelationshipCollection - Parsing relationship: /xl/_rels/workbook.xml.rels
15:31:16.932 [main] DEBUG org.apache.poi.openxml4j.opc.PackageRelationshipCollection - Parsing relationship: /_rels/.rels
15:31:17.919 [main] DEBUG org.apache.poi.openxml4j.opc.PackageRelationshipCollection - Parsing relationship: /xl/_rels/workbook.xml.rels
15:31:17.998 [main] DEBUG org.apache.poi.openxml4j.opc.PackageRelationshipCollection - Parsing relationship: /_rels/.rels
15:31:18.066 [main] DEBUG org.apache.poi.openxml4j.opc.PackageRelationshipCollection - Parsing relationship: /xl/_rels/workbook.xml.rels
15:31:18.068 [main] DEBUG org.apache.poi.openxml4j.opc.PackageRelationshipCollection - Parsing relationship: /_rels/.rels
15:31:18.168 [main] DEBUG org.apache.poi.openxml4j.opc.PackageRelationshipCollection - Parsing relationship: /xl/_rels/workbook.xml.rels
15:31:18.168 [main] DEBUG org.apache.poi.openxml4j.opc.PackageRelationshipCollection - Parsing relationship: /_rels/.rels
15:31:18.242 [main] DEBUG org.apache.poi.openxml4j.opc.PackageRelationshipCollection - Parsing relationship: /xl/_rels/workbook.xml.rels
15:31:18.244 [main] DEBUG org.apache.poi.openxml4j.opc.PackageRelationshipCollection - Parsing relationship: /_rels/.rels
15:31:18.295 [main] DEBUG org.apache.poi.openxml4j.opc.PackageRelationshipCollection - Parsing relationship: /xl/_rels/workbook.xml.rels
15:31:18.303 [main] DEBUG org.apache.poi.openxml4j.opc.PackageRelationshipCollection - Parsing relationship: /_rels/.rels
15:31:18.342 [main] DEBUG org.apache.poi.openxml4j.opc.PackageRelationshipCollection - Parsing relationship: /xl/_rels/workbook.xml.rels
15:31:18.342 [main] DEBUG org.apache.poi.openxml4j.opc.PackageRelationshipCollection - Parsing relationship: /_rels/.rels
15:31:18.406 [main] DEBUG org.apache.poi.openxml4j.opc.PackageRelationshipCollection - Parsing relationship: /xl/_rels/workbook.xml.rels
15:31:18.406 [main] DEBUG org.apache.poi.openxml4j.opc.PackageRelationshipCollection - Parsing relationship: /_rels/.rels
15:31:18.454 [main] DEBUG org.apache.poi.openxml4j.opc.PackageRelationshipCollection - Parsing relationship: /xl/_rels/workbook.xml.rels
15:31:18.454 [main] DEBUG org.apache.poi.openxml4j.opc.PackageRelationshipCollection - Parsing relationship: /_rels/.rels
15:31:18.501 [main] DEBUG org.apache.poi.openxml4j.opc.PackageRelationshipCollection - Parsing relationship: /xl/_rels/workbook.xml.rels
15:31:18.506 [main] DEBUG org.apache.poi.openxml4j.opc.PackageRelationshipCollection - Parsing relationship: /_rels/.rels
15:31:18.548 [main] DEBUG org.apache.poi.openxml4j.opc.PackageRelationshipCollection - Parsing relationship: /xl/_rels/workbook.xml.rels
15:31:18.548 [main] DEBUG org.apache.poi.openxml4j.opc.PackageRelationshipCollection - Parsing relationship: /_rels/.rels
15:31:18.597 [main] DEBUG org.apache.poi.openxml4j.opc.PackageRelationshipCollection - Parsing relationship: /xl/_rels/workbook.xml.rels
15:31:18.599 [main] DEBUG org.apache.poi.openxml4j.opc.PackageRelationshipCollection - Parsing relationship: /_rels/.rels
15:31:18.642 [main] DEBUG org.apache.poi.openxml4j.opc.PackageRelationshipCollection - Parsing relationship: /xl/_rels/workbook.xml.rels
15:31:18.652 [main] DEBUG org.apache.poi.openxml4j.opc.PackageRelationshipCollection - Parsing relationship: /_rels/.rels
15:31:18.690 [main] DEBUG org.apache.poi.openxml4j.opc.PackageRelationshipCollection - Parsing relationship: /xl/_rels/workbook.xml.rels
15:31:18.690 [main] DEBUG org.apache.poi.openxml4j.opc.PackageRelationshipCollection - Parsing relationship: /_rels/.rels
15:31:18.721 [main] DEBUG org.apache.poi.openxml4j.opc.PackageRelationshipCollection - Parsing relationship: /xl/_rels/workbook.xml.rels
15:31:18.721 [main] DEBUG org.apache.poi.openxml4j.opc.PackageRelationshipCollection - Parsing relationship: /_rels/.rels
15:31:18.769 [main] DEBUG org.apache.poi.openxml4j.opc.PackageRelationshipCollection - Parsing relationship: /xl/_rels/workbook.xml.rels
15:31:18.769 [main] DEBUG org.apache.poi.openxml4j.opc.PackageRelationshipCollection - Parsing relationship: /_rels/.rels
15:31:18.803 [main] DEBUG org.apache.poi.openxml4j.opc.PackageRelationshipCollection - Parsing relationship: /xl/_rels/workbook.xml.rels
15:31:18.821 [main] DEBUG org.apache.poi.openxml4j.opc.PackageRelationshipCollection - Parsing relationship: /_rels/.rels
15:31:18.864 [main] DEBUG org.apache.poi.openxml4j.opc.PackageRelationshipCollection - Parsing relationship: /xl/_rels/workbook.xml.rels
15:31:18.866 [main] DEBUG org.apache.poi.openxml4j.opc.PackageRelationshipCollection - Parsing relationship: /_rels/.rels
15:31:18.895 [main] DEBUG org.apache.poi.openxml4j.opc.PackageRelationshipCollection - Parsing relationship: /xl/_rels/workbook.xml.rels
15:31:18.895 [main] DEBUG org.apache.poi.openxml4j.opc.PackageRelationshipCollection - Parsing relationship: /_rels/.rels
15:31:18.926 [main] DEBUG org.apache.poi.openxml4j.opc.PackageRelationshipCollection - Parsing relationship: /xl/_rels/workbook.xml.rels
15:31:18.926 [main] DEBUG org.apache.poi.openxml4j.opc.PackageRelationshipCollection - Parsing relationship: /_rels/.rels
15:31:19.069 [main] INFO  testCases.TC003_LoginDDT - ***** Starting LoginDDT *****
15:31:19.350 [main] INFO  testCases.TC003_LoginDDT - Clicked on My Account link
15:31:19.712 [main] INFO  testCases.TC003_LoginDDT - Clicked on Login link
15:31:19.861 [main] INFO  testCases.TC003_LoginDDT - Provided email
15:31:19.963 [main] INFO  testCases.TC003_LoginDDT - Provided password
15:31:20.776 [main] INFO  testCases.TC003_LoginDDT - Clicked on Login button
15:31:35.834 [main] ERROR testCases.TC003_LoginDDT - Login DDT failed
15:31:35.869 [main] INFO  testCases.TC003_LoginDDT - ***** Starting LoginDDT *****
15:31:36.095 [main] INFO  testCases.TC003_LoginDDT - Clicked on My Account link
15:31:36.521 [main] INFO  testCases.TC003_LoginDDT - Clicked on Login link
15:31:36.956 [main] INFO  testCases.TC003_LoginDDT - Provided email
15:31:37.224 [main] INFO  testCases.TC003_LoginDDT - Provided password
15:31:38.332 [main] INFO  testCases.TC003_LoginDDT - Clicked on Login button
15:31:38.432 [main] INFO  testCases.TC003_LoginDDT - Login DDT passed
15:31:39.064 [main] INFO  testCases.TC003_LoginDDT - ***********Finished TC003_LoginDDT**************
15:31:39.084 [main] INFO  testCases.TC003_LoginDDT - ***** Starting LoginDDT *****
15:31:39.323 [main] INFO  testCases.TC003_LoginDDT - Clicked on My Account link
15:31:39.863 [main] INFO  testCases.TC003_LoginDDT - Clicked on Login link
15:31:40.332 [main] INFO  testCases.TC003_LoginDDT - Provided email
15:31:40.528 [main] INFO  testCases.TC003_LoginDDT - Provided password
15:31:41.610 [main] INFO  testCases.TC003_LoginDDT - Clicked on Login button
15:31:41.669 [main] INFO  testCases.TC003_LoginDDT - Login DDT passed
15:31:42.357 [main] INFO  testCases.TC003_LoginDDT - ***********Finished TC003_LoginDDT**************
15:31:42.366 [main] INFO  testCases.TC003_LoginDDT - ***** Starting LoginDDT *****
15:31:42.568 [main] INFO  testCases.TC003_LoginDDT - Clicked on My Account link
15:31:43.177 [main] INFO  testCases.TC003_LoginDDT - Clicked on Login link
15:31:43.403 [main] INFO  testCases.TC003_LoginDDT - Provided email
15:31:43.601 [main] INFO  testCases.TC003_LoginDDT - Provided password
15:31:44.712 [main] INFO  testCases.TC003_LoginDDT - Clicked on Login button
15:31:44.745 [main] INFO  testCases.TC003_LoginDDT - Login DDT passed
15:31:45.307 [main] INFO  testCases.TC003_LoginDDT - ***********Finished TC003_LoginDDT**************
15:31:45.321 [main] INFO  testCases.TC003_LoginDDT - ***** Starting LoginDDT *****
15:31:45.572 [main] INFO  testCases.TC003_LoginDDT - Clicked on My Account link
15:31:46.074 [main] INFO  testCases.TC003_LoginDDT - Clicked on Login link
15:31:46.283 [main] INFO  testCases.TC003_LoginDDT - Provided email
15:31:46.376 [main] INFO  testCases.TC003_LoginDDT - Provided password
15:31:47.348 [main] INFO  testCases.TC003_LoginDDT - Clicked on Login button
15:31:47.408 [main] INFO  testCases.TC003_LoginDDT - Login DDT passed
15:31:48.090 [main] INFO  testCases.TC003_LoginDDT - ***********Finished TC003_LoginDDT**************
15:31:48.104 [main] INFO  testCases.TC003_LoginDDT - ***** Starting LoginDDT *****
15:31:48.352 [main] INFO  testCases.TC003_LoginDDT - Clicked on My Account link
15:31:48.807 [main] INFO  testCases.TC003_LoginDDT - Clicked on Login link
15:31:49.038 [main] INFO  testCases.TC003_LoginDDT - Provided email
15:31:49.232 [main] INFO  testCases.TC003_LoginDDT - Provided password
15:31:50.098 [main] INFO  testCases.TC003_LoginDDT - Clicked on Login button
15:32:05.199 [main] ERROR testCases.TC003_LoginDDT - Login DDT failed
