12:20:30.617 [main] DEBUG org.testng.TestNG - suiteXmlPath: "C:\Users\Nawaz\eclipse-workspace\opencart1-1\cbtesting.xml"
12:20:30.887 [main] INFO  org.testng.internal.Utils - [TestNG] Running:
  C:\Users\Nawaz\eclipse-workspace\opencart1-1\cbtesting.xml

12:20:34.988 [TestNG-tests-2] INFO  testCases.TC001_AccountRegistration - **Starting TC001_AccountRegistration**
12:20:35.584 [TestNG-tests-2] INFO  testCases.TC001_AccountRegistration - Clicked on My Account link
12:20:36.146 [TestNG-tests-2] INFO  testCases.TC001_AccountRegistration - Clicked on Register link
12:20:36.153 [TestNG-tests-2] INFO  testCases.TC001_AccountRegistration - Providing customer data
12:20:52.374 [TestNG-tests-2] FATAL testCases.TC001_AccountRegistration - Account registration test failed due to exception: Unable to locate element: //input[@id='input-firstname']
For documentation on this error, please visit: https://www.selenium.dev/documentation/webdriver/troubleshooting/errors#nosuchelementexception
Build info: version: '4.38.0', revision: '6b412e825c*'
System info: os.name: 'Windows 11', os.arch: 'amd64', os.version: '10.0', java.version: '21.0.8'
Driver info: org.openqa.selenium.remote.RemoteWebDriver
Command: [61b9c351-6925-4e57-9982-ff1be45d0b1f, findElement {using=xpath, value=//input[@id='input-firstname']}]
Capabilities {acceptInsecureCerts: false, browserName: firefox, browserVersion: 144.0.2, moz:accessibilityChecks: false, moz:buildID: 20251027123126, moz:geckodriverVersion: 0.36.0, moz:headless: false, moz:platformVersion: 10.0, moz:processID: 19332, moz:profile: C:\Users\Nawaz\AppData\Loca..., moz:shutdownTimeout: 60000, moz:webdriverClick: true, moz:windowless: false, pageLoadStrategy: normal, platformName: Windows 11, proxy: Proxy(), se:bidiEnabled: false, se:cdpEnabled: false, setWindowRect: true, strictFileInteractability: false, timeouts: {implicit: 0, pageLoad: 300000, script: 30000}, unhandledPromptBehavior: dismiss and notify, userAgent: Mozilla/5.0 (Windows NT 10....}
Session ID: 61b9c351-6925-4e57-9982-ff1be45d0b1f
12:20:52.639 [TestNG-tests-1] INFO  testCases.TC001_AccountRegistration - **Starting TC001_AccountRegistration**
12:20:52.924 [TestNG-tests-1] INFO  testCases.TC001_AccountRegistration - Clicked on My Account link
12:20:53.968 [TestNG-tests-1] FATAL testCases.TC001_AccountRegistration - Account registration test failed due to exception: Tried to run command without establishing a connection
Build info: version: '4.38.0', revision: '6b412e825c*'
System info: os.name: 'Windows 11', os.arch: 'amd64', os.version: '10.0', java.version: '21.0.8'
Driver info: org.openqa.selenium.remote.RemoteWebDriver
Command: [61b9c351-6925-4e57-9982-ff1be45d0b1f, findElement {using=xpath, value=//a[normalize-space()='Register']}]
Capabilities {acceptInsecureCerts: false, browserName: firefox, browserVersion: 144.0.2, moz:accessibilityChecks: false, moz:buildID: 20251027123126, moz:geckodriverVersion: 0.36.0, moz:headless: false, moz:platformVersion: 10.0, moz:processID: 19332, moz:profile: C:\Users\Nawaz\AppData\Loca..., moz:shutdownTimeout: 60000, moz:webdriverClick: true, moz:windowless: false, pageLoadStrategy: normal, platformName: Windows 11, proxy: Proxy(), se:bidiEnabled: false, se:cdpEnabled: false, setWindowRect: true, strictFileInteractability: false, timeouts: {implicit: 0, pageLoad: 300000, script: 30000}, unhandledPromptBehavior: dismiss and notify, userAgent: Mozilla/5.0 (Windows NT 10....}
Session ID: 61b9c351-6925-4e57-9982-ff1be45d0b1f
